[8.549s] Invoking command in '/home/jetson/rob498_2026/capstone2026/ros2_ws/build/flight2': PYTHONPATH=/home/jetson/rob498_2026/capstone2026/ros2_ws/build/flight2/prefix_override:/usr/lib/python3/dist-packages/colcon_core/task/python/colcon_distutils_commands:/home/jetson/rob498_2026/capstone2026/ros2_ws/install/flight2/lib/python3.8/site-packages:${PYTHONPATH} /usr/bin/python3 -W ignore:setup.py install is deprecated -W ignore:easy_install command is deprecated setup.py develop --editable --build-directory /home/jetson/rob498_2026/capstone2026/ros2_ws/build/flight2/build --no-deps symlink_data
[10.109s] /usr/local/lib/python3.8/dist-packages/setuptools/dist.py:717: UserWarning: Usage of dash-separated 'script-dir' will not be supported in future versions. Please use the underscore name 'script_dir' instead
[10.111s]   warnings.warn(
[10.368s] running develop
[11.223s] running egg_info
[11.224s] creating flight2.egg-info
[11.231s] writing flight2.egg-info/PKG-INFO
[11.232s] writing dependency_links to flight2.egg-info/dependency_links.txt
[11.233s] writing entry points to flight2.egg-info/entry_points.txt
[11.233s] writing requirements to flight2.egg-info/requires.txt
[11.235s] writing top-level names to flight2.egg-info/top_level.txt
[11.245s] writing manifest file 'flight2.egg-info/SOURCES.txt'
[11.257s] reading manifest file 'flight2.egg-info/SOURCES.txt'
[11.260s] writing manifest file 'flight2.egg-info/SOURCES.txt'
[11.489s] running build_ext
[11.490s] Creating /home/jetson/rob498_2026/capstone2026/ros2_ws/install/flight2/lib/python3.8/site-packages/flight2.egg-link (link to .)
[11.493s] 
[11.494s] Installed /home/jetson/rob498_2026/capstone2026/ros2_ws/build/flight2
[11.495s] running symlink_data
[11.495s] creating /home/jetson/rob498_2026/capstone2026/ros2_ws/install/flight2/share/ament_index
[11.496s] creating /home/jetson/rob498_2026/capstone2026/ros2_ws/install/flight2/share/ament_index/resource_index
[11.496s] creating /home/jetson/rob498_2026/capstone2026/ros2_ws/install/flight2/share/ament_index/resource_index/packages
[11.497s] symbolically linking /home/jetson/rob498_2026/capstone2026/ros2_ws/build/flight2/resource/flight2 -> /home/jetson/rob498_2026/capstone2026/ros2_ws/install/flight2/share/ament_index/resource_index/packages
[11.497s] symbolically linking /home/jetson/rob498_2026/capstone2026/ros2_ws/build/flight2/package.xml -> /home/jetson/rob498_2026/capstone2026/ros2_ws/install/flight2/share/flight2
