[1.662s] [34mcolcon[0m [1;30mDEBUG[0m [32mCommand line arguments: ['/usr/bin/colcon', 'build'][0m
[1.663s] [34mcolcon[0m [1;30mDEBUG[0m [32mParsed command line arguments: Namespace(allow_overriding=[], ament_cmake_args=None, base_paths=['.'], build_base='build', catkin_cmake_args=None, catkin_skip_building_tests=False, cmake_args=None, cmake_clean_cache=False, cmake_clean_first=False, cmake_force_configure=False, cmake_target=None, cmake_target_skip_unavailable=False, continue_on_error=False, event_handlers=None, executor='parallel', ignore_user_meta=False, install_base='install', log_base=None, log_level=None, main=<bound method BuildVerb.main of <colcon_core.verb.build.BuildVerb object at 0x7f8ed04fa0>>, merge_install=False, metas=['./colcon.meta'], mixin=None, mixin_files=None, mixin_verb=('build',), packages_above=None, packages_above_and_dependencies=None, packages_above_depth=None, packages_end=None, packages_ignore=None, packages_ignore_regex=None, packages_select=None, packages_select_build_failed=False, packages_select_by_dep=None, packages_select_regex=None, packages_select_test_failures=False, packages_skip=None, packages_skip_build_finished=False, packages_skip_by_dep=None, packages_skip_regex=None, packages_skip_test_passed=False, packages_skip_up_to=None, packages_start=None, packages_up_to=None, packages_up_to_regex=None, parallel_workers=4, paths=None, symlink_install=False, test_result_base=None, verb_extension=<colcon_core.verb.build.BuildVerb object at 0x7f8ed04fa0>, verb_name='build', verb_parser=<colcon_mixin.mixin.mixin_argument.MixinArgumentDecorator object at 0x7f8ec98ca0>)[0m
[2.767s] [34mcolcon.colcon_core.package_discovery[0m [1;30mLevel 1[0m discover_packages(colcon_meta) check parameters
[2.767s] [34mcolcon.colcon_core.package_discovery[0m [1;30mLevel 1[0m discover_packages(recursive) check parameters
[2.768s] [34mcolcon.colcon_core.package_discovery[0m [1;30mLevel 1[0m discover_packages(ignore) check parameters
[2.768s] [34mcolcon.colcon_core.package_discovery[0m [1;30mLevel 1[0m discover_packages(path) check parameters
[2.768s] [34mcolcon.colcon_core.package_discovery[0m [1;30mLevel 1[0m discover_packages(colcon_meta) discover
[2.769s] [34mcolcon.colcon_core.package_discovery[0m [1;30mLevel 1[0m discover_packages(recursive) discover
[2.769s] [34mcolcon.colcon_core.package_discovery[0m [1;30mINFO[0m Crawling recursively for packages in '/home/jetson/rob498_2026/capstone2026/ros2_ws'
[2.770s] [34mcolcon.colcon_core.package_identification[0m [1;30mLevel 1[0m _identify(.) by extensions ['ignore', 'ignore_ament_install']
[2.770s] [34mcolcon.colcon_core.package_identification[0m [1;30mLevel 1[0m _identify(.) by extension 'ignore'
[2.771s] [34mcolcon.colcon_core.package_identification[0m [1;30mLevel 1[0m _identify(.) by extension 'ignore_ament_install'
[2.771s] [34mcolcon.colcon_core.package_identification[0m [1;30mLevel 1[0m _identify(.) by extensions ['colcon_pkg']
[2.772s] [34mcolcon.colcon_core.package_identification[0m [1;30mLevel 1[0m _identify(.) by extension 'colcon_pkg'
[2.772s] [34mcolcon.colcon_core.package_identification[0m [1;30mLevel 1[0m _identify(.) by extensions ['colcon_meta']
[2.772s] [34mcolcon.colcon_core.package_identification[0m [1;30mLevel 1[0m _identify(.) by extension 'colcon_meta'
[2.772s] [34mcolcon.colcon_core.package_identification[0m [1;30mLevel 1[0m _identify(.) by extensions ['ros']
[2.773s] [34mcolcon.colcon_core.package_identification[0m [1;30mLevel 1[0m _identify(.) by extension 'ros'
[2.888s] [34mcolcon.colcon_core.package_identification[0m [1;30mLevel 1[0m _identify(.) by extensions ['cmake', 'python']
[2.888s] [34mcolcon.colcon_core.package_identification[0m [1;30mLevel 1[0m _identify(.) by extension 'cmake'
[2.889s] [34mcolcon.colcon_core.package_identification[0m [1;30mLevel 1[0m _identify(.) by extension 'python'
[2.889s] [34mcolcon.colcon_core.package_identification[0m [1;30mLevel 1[0m _identify(.) by extensions ['python_setup_py']
[2.889s] [34mcolcon.colcon_core.package_identification[0m [1;30mLevel 1[0m _identify(.) by extension 'python_setup_py'
[2.890s] [34mcolcon.colcon_core.package_identification[0m [1;30mLevel 1[0m _identify(build) by extensions ['ignore', 'ignore_ament_install']
[2.890s] [34mcolcon.colcon_core.package_identification[0m [1;30mLevel 1[0m _identify(build) by extension 'ignore'
[2.890s] [34mcolcon.colcon_core.package_identification[0m [1;30mLevel 1[0m _identify(build) ignored
[2.891s] [34mcolcon.colcon_core.package_identification[0m [1;30mLevel 1[0m _identify(install) by extensions ['ignore', 'ignore_ament_install']
[2.892s] [34mcolcon.colcon_core.package_identification[0m [1;30mLevel 1[0m _identify(install) by extension 'ignore'
[2.892s] [34mcolcon.colcon_core.package_identification[0m [1;30mLevel 1[0m _identify(install) ignored
[2.893s] [34mcolcon.colcon_core.package_identification[0m [1;30mLevel 1[0m _identify(log) by extensions ['ignore', 'ignore_ament_install']
[2.893s] [34mcolcon.colcon_core.package_identification[0m [1;30mLevel 1[0m _identify(log) by extension 'ignore'
[2.893s] [34mcolcon.colcon_core.package_identification[0m [1;30mLevel 1[0m _identify(log) ignored
[2.894s] [34mcolcon.colcon_core.package_identification[0m [1;30mLevel 1[0m _identify(src) by extensions ['ignore', 'ignore_ament_install']
[2.894s] [34mcolcon.colcon_core.package_identification[0m [1;30mLevel 1[0m _identify(src) by extension 'ignore'
[2.894s] [34mcolcon.colcon_core.package_identification[0m [1;30mLevel 1[0m _identify(src) by extension 'ignore_ament_install'
[2.895s] [34mcolcon.colcon_core.package_identification[0m [1;30mLevel 1[0m _identify(src) by extensions ['colcon_pkg']
[2.895s] [34mcolcon.colcon_core.package_identification[0m [1;30mLevel 1[0m _identify(src) by extension 'colcon_pkg'
[2.895s] [34mcolcon.colcon_core.package_identification[0m [1;30mLevel 1[0m _identify(src) by extensions ['colcon_meta']
[2.895s] [34mcolcon.colcon_core.package_identification[0m [1;30mLevel 1[0m _identify(src) by extension 'colcon_meta'
[2.896s] [34mcolcon.colcon_core.package_identification[0m [1;30mLevel 1[0m _identify(src) by extensions ['ros']
[2.896s] [34mcolcon.colcon_core.package_identification[0m [1;30mLevel 1[0m _identify(src) by extension 'ros'
[2.896s] [34mcolcon.colcon_core.package_identification[0m [1;30mLevel 1[0m _identify(src) by extensions ['cmake', 'python']
[2.897s] [34mcolcon.colcon_core.package_identification[0m [1;30mLevel 1[0m _identify(src) by extension 'cmake'
[2.897s] [34mcolcon.colcon_core.package_identification[0m [1;30mLevel 1[0m _identify(src) by extension 'python'
[2.897s] [34mcolcon.colcon_core.package_identification[0m [1;30mLevel 1[0m _identify(src) by extensions ['python_setup_py']
[2.897s] [34mcolcon.colcon_core.package_identification[0m [1;30mLevel 1[0m _identify(src) by extension 'python_setup_py'
[2.898s] [34mcolcon.colcon_core.package_identification[0m [1;30mLevel 1[0m _identify(src/flight2) by extensions ['ignore', 'ignore_ament_install']
[2.898s] [34mcolcon.colcon_core.package_identification[0m [1;30mLevel 1[0m _identify(src/flight2) by extension 'ignore'
[2.899s] [34mcolcon.colcon_core.package_identification[0m [1;30mLevel 1[0m _identify(src/flight2) by extension 'ignore_ament_install'
[2.899s] [34mcolcon.colcon_core.package_identification[0m [1;30mLevel 1[0m _identify(src/flight2) by extensions ['colcon_pkg']
[2.899s] [34mcolcon.colcon_core.package_identification[0m [1;30mLevel 1[0m _identify(src/flight2) by extension 'colcon_pkg'
[2.899s] [34mcolcon.colcon_core.package_identification[0m [1;30mLevel 1[0m _identify(src/flight2) by extensions ['colcon_meta']
[2.900s] [34mcolcon.colcon_core.package_identification[0m [1;30mLevel 1[0m _identify(src/flight2) by extension 'colcon_meta'
[2.900s] [34mcolcon.colcon_core.package_identification[0m [1;30mLevel 1[0m _identify(src/flight2) by extensions ['ros']
[2.900s] [34mcolcon.colcon_core.package_identification[0m [1;30mLevel 1[0m _identify(src/flight2) by extension 'ros'
[2.915s] [34mcolcon.colcon_core.package_identification[0m [1;30mDEBUG[0m [32mPackage 'src/flight2' with type 'ros.ament_python' and name 'flight2'[0m
[2.916s] [34mcolcon.colcon_core.package_identification[0m [1;30mLevel 1[0m _identify(src/flight_2) by extensions ['ignore', 'ignore_ament_install']
[2.916s] [34mcolcon.colcon_core.package_identification[0m [1;30mLevel 1[0m _identify(src/flight_2) by extension 'ignore'
[2.917s] [34mcolcon.colcon_core.package_identification[0m [1;30mLevel 1[0m _identify(src/flight_2) by extension 'ignore_ament_install'
[2.917s] [34mcolcon.colcon_core.package_identification[0m [1;30mLevel 1[0m _identify(src/flight_2) by extensions ['colcon_pkg']
[2.917s] [34mcolcon.colcon_core.package_identification[0m [1;30mLevel 1[0m _identify(src/flight_2) by extension 'colcon_pkg'
[2.917s] [34mcolcon.colcon_core.package_identification[0m [1;30mLevel 1[0m _identify(src/flight_2) by extensions ['colcon_meta']
[2.917s] [34mcolcon.colcon_core.package_identification[0m [1;30mLevel 1[0m _identify(src/flight_2) by extension 'colcon_meta'
[2.918s] [34mcolcon.colcon_core.package_identification[0m [1;30mLevel 1[0m _identify(src/flight_2) by extensions ['ros']
[2.918s] [34mcolcon.colcon_core.package_identification[0m [1;30mLevel 1[0m _identify(src/flight_2) by extension 'ros'
[2.921s] [34mcolcon.colcon_core.package_identification[0m [1;30mDEBUG[0m [32mPackage 'src/flight_2' with type 'ros.ament_python' and name 'flight_2'[0m
[2.922s] [34mcolcon.colcon_core.package_identification[0m [1;30mLevel 1[0m _identify(src/px4_autonomy_modules) by extensions ['ignore', 'ignore_ament_install']
[2.922s] [34mcolcon.colcon_core.package_identification[0m [1;30mLevel 1[0m _identify(src/px4_autonomy_modules) by extension 'ignore'
[2.922s] [34mcolcon.colcon_core.package_identification[0m [1;30mLevel 1[0m _identify(src/px4_autonomy_modules) by extension 'ignore_ament_install'
[2.923s] [34mcolcon.colcon_core.package_identification[0m [1;30mLevel 1[0m _identify(src/px4_autonomy_modules) by extensions ['colcon_pkg']
[2.923s] [34mcolcon.colcon_core.package_identification[0m [1;30mLevel 1[0m _identify(src/px4_autonomy_modules) by extension 'colcon_pkg'
[2.923s] [34mcolcon.colcon_core.package_identification[0m [1;30mLevel 1[0m _identify(src/px4_autonomy_modules) by extensions ['colcon_meta']
[2.923s] [34mcolcon.colcon_core.package_identification[0m [1;30mLevel 1[0m _identify(src/px4_autonomy_modules) by extension 'colcon_meta'
[2.924s] [34mcolcon.colcon_core.package_identification[0m [1;30mLevel 1[0m _identify(src/px4_autonomy_modules) by extensions ['ros']
[2.924s] [34mcolcon.colcon_core.package_identification[0m [1;30mLevel 1[0m _identify(src/px4_autonomy_modules) by extension 'ros'
[2.930s] [34mcolcon.colcon_core.package_identification[0m [1;30mDEBUG[0m [32mPackage 'src/px4_autonomy_modules' with type 'ros.ament_cmake' and name 'px4_autonomy_modules'[0m
[2.931s] [34mcolcon.colcon_core.package_identification[0m [1;30mLevel 1[0m _identify(src/vision_bdg) by extensions ['ignore', 'ignore_ament_install']
[2.932s] [34mcolcon.colcon_core.package_identification[0m [1;30mLevel 1[0m _identify(src/vision_bdg) by extension 'ignore'
[2.932s] [34mcolcon.colcon_core.package_identification[0m [1;30mLevel 1[0m _identify(src/vision_bdg) by extension 'ignore_ament_install'
[2.932s] [34mcolcon.colcon_core.package_identification[0m [1;30mLevel 1[0m _identify(src/vision_bdg) by extensions ['colcon_pkg']
[2.933s] [34mcolcon.colcon_core.package_identification[0m [1;30mLevel 1[0m _identify(src/vision_bdg) by extension 'colcon_pkg'
[2.933s] [34mcolcon.colcon_core.package_identification[0m [1;30mLevel 1[0m _identify(src/vision_bdg) by extensions ['colcon_meta']
[2.933s] [34mcolcon.colcon_core.package_identification[0m [1;30mLevel 1[0m _identify(src/vision_bdg) by extension 'colcon_meta'
[2.934s] [34mcolcon.colcon_core.package_identification[0m [1;30mLevel 1[0m _identify(src/vision_bdg) by extensions ['ros']
[2.934s] [34mcolcon.colcon_core.package_identification[0m [1;30mLevel 1[0m _identify(src/vision_bdg) by extension 'ros'
[2.936s] [34mcolcon.colcon_core.package_identification[0m [1;30mDEBUG[0m [32mPackage 'src/vision_bdg' with type 'ros.ament_python' and name 'vision_bdg'[0m
[2.937s] [34mcolcon.colcon_core.package_discovery[0m [1;30mLevel 1[0m discover_packages(recursive) using defaults
[2.937s] [34mcolcon.colcon_core.package_discovery[0m [1;30mLevel 1[0m discover_packages(ignore) discover
[2.937s] [34mcolcon.colcon_core.package_discovery[0m [1;30mLevel 1[0m discover_packages(ignore) using defaults
[2.937s] [34mcolcon.colcon_core.package_discovery[0m [1;30mLevel 1[0m discover_packages(path) discover
[2.937s] [34mcolcon.colcon_core.package_discovery[0m [1;30mLevel 1[0m discover_packages(path) using defaults
[3.039s] [34mcolcon.colcon_core.package_discovery[0m [1;30mLevel 1[0m discover_packages(prefix_path) check parameters
[3.040s] [34mcolcon.colcon_core.package_discovery[0m [1;30mLevel 1[0m discover_packages(prefix_path) discover
[3.055s] [34mcolcon.colcon_installed_package_information.package_discovery[0m [1;30mDEBUG[0m [32mFound 6 installed packages in /home/jetson/rob498_2026/capstone2026/ros2_ws/install[0m
[3.060s] [34mcolcon.colcon_installed_package_information.package_discovery[0m [1;30mDEBUG[0m [32mFound 8 installed packages in /home/jetson/rob498/Capstone/drone_ws/install[0m
[3.064s] [34mcolcon.colcon_installed_package_information.package_discovery[0m [1;30mDEBUG[0m [32mFound 1 installed packages in /home/jetson/rob498/ROB498-flight/resources/code/ros2_ws/install[0m
[3.071s] [34mcolcon.colcon_installed_package_information.package_discovery[0m [1;30mDEBUG[0m [32mFound 199 installed packages in /opt/ros/foxy[0m
[3.079s] [34mcolcon.colcon_core.package_discovery[0m [1;30mLevel 1[0m discover_packages(prefix_path) using defaults
[3.450s] [34mcolcon.colcon_core.verb[0m [1;30mLevel 5[0m set package 'flight2' build argument 'cmake_args' from command line to 'None'
[3.451s] [34mcolcon.colcon_core.verb[0m [1;30mLevel 5[0m set package 'flight2' build argument 'cmake_target' from command line to 'None'
[3.451s] [34mcolcon.colcon_core.verb[0m [1;30mLevel 5[0m set package 'flight2' build argument 'cmake_target_skip_unavailable' from command line to 'False'
[3.451s] [34mcolcon.colcon_core.verb[0m [1;30mLevel 5[0m set package 'flight2' build argument 'cmake_clean_cache' from command line to 'False'
[3.451s] [34mcolcon.colcon_core.verb[0m [1;30mLevel 5[0m set package 'flight2' build argument 'cmake_clean_first' from command line to 'False'
[3.451s] [34mcolcon.colcon_core.verb[0m [1;30mLevel 5[0m set package 'flight2' build argument 'cmake_force_configure' from command line to 'False'
[3.451s] [34mcolcon.colcon_core.verb[0m [1;30mLevel 5[0m set package 'flight2' build argument 'ament_cmake_args' from command line to 'None'
[3.452s] [34mcolcon.colcon_core.verb[0m [1;30mLevel 5[0m set package 'flight2' build argument 'catkin_cmake_args' from command line to 'None'
[3.452s] [34mcolcon.colcon_core.verb[0m [1;30mLevel 5[0m set package 'flight2' build argument 'catkin_skip_building_tests' from command line to 'False'
[3.452s] [34mcolcon.colcon_core.verb[0m [1;30mDEBUG[0m [32mBuilding package 'flight2' with the following arguments: {'ament_cmake_args': None, 'build_base': '/home/jetson/rob498_2026/capstone2026/ros2_ws/build/flight2', 'catkin_cmake_args': None, 'catkin_skip_building_tests': False, 'cmake_args': None, 'cmake_clean_cache': False, 'cmake_clean_first': False, 'cmake_force_configure': False, 'cmake_target': None, 'cmake_target_skip_unavailable': False, 'install_base': '/home/jetson/rob498_2026/capstone2026/ros2_ws/install/flight2', 'merge_install': False, 'path': '/home/jetson/rob498_2026/capstone2026/ros2_ws/src/flight2', 'symlink_install': False, 'test_result_base': None}[0m
[3.454s] [34mcolcon.colcon_core.verb[0m [1;30mLevel 5[0m set package 'flight_2' build argument 'cmake_args' from command line to 'None'
[3.454s] [34mcolcon.colcon_core.verb[0m [1;30mLevel 5[0m set package 'flight_2' build argument 'cmake_target' from command line to 'None'
[3.454s] [34mcolcon.colcon_core.verb[0m [1;30mLevel 5[0m set package 'flight_2' build argument 'cmake_target_skip_unavailable' from command line to 'False'
[3.454s] [34mcolcon.colcon_core.verb[0m [1;30mLevel 5[0m set package 'flight_2' build argument 'cmake_clean_cache' from command line to 'False'
[3.455s] [34mcolcon.colcon_core.verb[0m [1;30mLevel 5[0m set package 'flight_2' build argument 'cmake_clean_first' from command line to 'False'
[3.455s] [34mcolcon.colcon_core.verb[0m [1;30mLevel 5[0m set package 'flight_2' build argument 'cmake_force_configure' from command line to 'False'
[3.455s] [34mcolcon.colcon_core.verb[0m [1;30mLevel 5[0m set package 'flight_2' build argument 'ament_cmake_args' from command line to 'None'
[3.455s] [34mcolcon.colcon_core.verb[0m [1;30mLevel 5[0m set package 'flight_2' build argument 'catkin_cmake_args' from command line to 'None'
[3.455s] [34mcolcon.colcon_core.verb[0m [1;30mLevel 5[0m set package 'flight_2' build argument 'catkin_skip_building_tests' from command line to 'False'
[3.455s] [34mcolcon.colcon_core.verb[0m [1;30mDEBUG[0m [32mBuilding package 'flight_2' with the following arguments: {'ament_cmake_args': None, 'build_base': '/home/jetson/rob498_2026/capstone2026/ros2_ws/build/flight_2', 'catkin_cmake_args': None, 'catkin_skip_building_tests': False, 'cmake_args': None, 'cmake_clean_cache': False, 'cmake_clean_first': False, 'cmake_force_configure': False, 'cmake_target': None, 'cmake_target_skip_unavailable': False, 'install_base': '/home/jetson/rob498_2026/capstone2026/ros2_ws/install/flight_2', 'merge_install': False, 'path': '/home/jetson/rob498_2026/capstone2026/ros2_ws/src/flight_2', 'symlink_install': False, 'test_result_base': None}[0m
[3.457s] [34mcolcon.colcon_core.verb[0m [1;30mLevel 5[0m set package 'px4_autonomy_modules' build argument 'cmake_args' from command line to 'None'
[3.458s] [34mcolcon.colcon_core.verb[0m [1;30mLevel 5[0m set package 'px4_autonomy_modules' build argument 'cmake_target' from command line to 'None'
[3.458s] [34mcolcon.colcon_core.verb[0m [1;30mLevel 5[0m set package 'px4_autonomy_modules' build argument 'cmake_target_skip_unavailable' from command line to 'False'
[3.458s] [34mcolcon.colcon_core.verb[0m [1;30mLevel 5[0m set package 'px4_autonomy_modules' build argument 'cmake_clean_cache' from command line to 'False'
[3.458s] [34mcolcon.colcon_core.verb[0m [1;30mLevel 5[0m set package 'px4_autonomy_modules' build argument 'cmake_clean_first' from command line to 'False'
[3.458s] [34mcolcon.colcon_core.verb[0m [1;30mLevel 5[0m set package 'px4_autonomy_modules' build argument 'cmake_force_configure' from command line to 'False'
[3.458s] [34mcolcon.colcon_core.verb[0m [1;30mLevel 5[0m set package 'px4_autonomy_modules' build argument 'ament_cmake_args' from command line to 'None'
[3.459s] [34mcolcon.colcon_core.verb[0m [1;30mLevel 5[0m set package 'px4_autonomy_modules' build argument 'catkin_cmake_args' from command line to 'None'
[3.459s] [34mcolcon.colcon_core.verb[0m [1;30mLevel 5[0m set package 'px4_autonomy_modules' build argument 'catkin_skip_building_tests' from command line to 'False'
[3.459s] [34mcolcon.colcon_core.verb[0m [1;30mDEBUG[0m [32mBuilding package 'px4_autonomy_modules' with the following arguments: {'ament_cmake_args': None, 'build_base': '/home/jetson/rob498_2026/capstone2026/ros2_ws/build/px4_autonomy_modules', 'catkin_cmake_args': None, 'catkin_skip_building_tests': False, 'cmake_args': None, 'cmake_clean_cache': False, 'cmake_clean_first': False, 'cmake_force_configure': False, 'cmake_target': None, 'cmake_target_skip_unavailable': False, 'install_base': '/home/jetson/rob498_2026/capstone2026/ros2_ws/install/px4_autonomy_modules', 'merge_install': False, 'path': '/home/jetson/rob498_2026/capstone2026/ros2_ws/src/px4_autonomy_modules', 'symlink_install': False, 'test_result_base': None}[0m
[3.461s] [34mcolcon.colcon_core.verb[0m [1;30mLevel 5[0m set package 'vision_bdg' build argument 'cmake_args' from command line to 'None'
[3.462s] [34mcolcon.colcon_core.verb[0m [1;30mLevel 5[0m set package 'vision_bdg' build argument 'cmake_target' from command line to 'None'
[3.462s] [34mcolcon.colcon_core.verb[0m [1;30mLevel 5[0m set package 'vision_bdg' build argument 'cmake_target_skip_unavailable' from command line to 'False'
[3.462s] [34mcolcon.colcon_core.verb[0m [1;30mLevel 5[0m set package 'vision_bdg' build argument 'cmake_clean_cache' from command line to 'False'
[3.462s] [34mcolcon.colcon_core.verb[0m [1;30mLevel 5[0m set package 'vision_bdg' build argument 'cmake_clean_first' from command line to 'False'
[3.462s] [34mcolcon.colcon_core.verb[0m [1;30mLevel 5[0m set package 'vision_bdg' build argument 'cmake_force_configure' from command line to 'False'
[3.462s] [34mcolcon.colcon_core.verb[0m [1;30mLevel 5[0m set package 'vision_bdg' build argument 'ament_cmake_args' from command line to 'None'
[3.463s] [34mcolcon.colcon_core.verb[0m [1;30mLevel 5[0m set package 'vision_bdg' build argument 'catkin_cmake_args' from command line to 'None'
[3.463s] [34mcolcon.colcon_core.verb[0m [1;30mLevel 5[0m set package 'vision_bdg' build argument 'catkin_skip_building_tests' from command line to 'False'
[3.463s] [34mcolcon.colcon_core.verb[0m [1;30mDEBUG[0m [32mBuilding package 'vision_bdg' with the following arguments: {'ament_cmake_args': None, 'build_base': '/home/jetson/rob498_2026/capstone2026/ros2_ws/build/vision_bdg', 'catkin_cmake_args': None, 'catkin_skip_building_tests': False, 'cmake_args': None, 'cmake_clean_cache': False, 'cmake_clean_first': False, 'cmake_force_configure': False, 'cmake_target': None, 'cmake_target_skip_unavailable': False, 'install_base': '/home/jetson/rob498_2026/capstone2026/ros2_ws/install/vision_bdg', 'merge_install': False, 'path': '/home/jetson/rob498_2026/capstone2026/ros2_ws/src/vision_bdg', 'symlink_install': False, 'test_result_base': None}[0m
[3.464s] [34mcolcon.colcon_core.executor[0m [1;30mINFO[0m Executing jobs using 'parallel' executor
[3.467s] [34mcolcon.colcon_parallel_executor.executor.parallel[0m [1;30mDEBUG[0m [32mrun_until_complete[0m
[3.469s] [34mcolcon.colcon_ros.task.ament_python.build[0m [1;30mINFO[0m Building ROS package in '/home/jetson/rob498_2026/capstone2026/ros2_ws/src/flight2' with build type 'ament_python'
[3.470s] [34mcolcon.colcon_core.shell[0m [1;30mLevel 1[0m create_environment_hook('flight2', 'ament_prefix_path')
[3.487s] [34mcolcon.colcon_core.plugin_system[0m [1;30mINFO[0m Skipping extension 'colcon_core.shell.bat': Not used on non-Windows systems
[3.488s] [34mcolcon.colcon_core.shell[0m [1;30mINFO[0m Creating environment hook '/home/jetson/rob498_2026/capstone2026/ros2_ws/install/flight2/share/flight2/hook/ament_prefix_path.ps1'
[3.492s] [34mcolcon.colcon_core.shell[0m [1;30mINFO[0m Creating environment descriptor '/home/jetson/rob498_2026/capstone2026/ros2_ws/install/flight2/share/flight2/hook/ament_prefix_path.dsv'
[3.495s] [34mcolcon.colcon_core.shell[0m [1;30mINFO[0m Creating environment hook '/home/jetson/rob498_2026/capstone2026/ros2_ws/install/flight2/share/flight2/hook/ament_prefix_path.sh'
[3.500s] [34mcolcon.colcon_core.shell[0m [1;30mINFO[0m Skip shell extension 'powershell' for command environment: Not usable outside of PowerShell
[3.501s] [34mcolcon.colcon_core.shell[0m [1;30mDEBUG[0m [32mSkip shell extension 'dsv' for command environment[0m
[3.532s] [34mcolcon.colcon_ros.task.ament_python.build[0m [1;30mINFO[0m Building ROS package in '/home/jetson/rob498_2026/capstone2026/ros2_ws/src/flight_2' with build type 'ament_python'
[3.534s] [34mcolcon.colcon_core.shell[0m [1;30mLevel 1[0m create_environment_hook('flight_2', 'ament_prefix_path')
[3.536s] [34mcolcon.colcon_core.shell[0m [1;30mINFO[0m Creating environment hook '/home/jetson/rob498_2026/capstone2026/ros2_ws/install/flight_2/share/flight_2/hook/ament_prefix_path.ps1'
[3.539s] [34mcolcon.colcon_core.shell[0m [1;30mINFO[0m Creating environment descriptor '/home/jetson/rob498_2026/capstone2026/ros2_ws/install/flight_2/share/flight_2/hook/ament_prefix_path.dsv'
[3.541s] [34mcolcon.colcon_core.shell[0m [1;30mINFO[0m Creating environment hook '/home/jetson/rob498_2026/capstone2026/ros2_ws/install/flight_2/share/flight_2/hook/ament_prefix_path.sh'
[3.545s] [34mcolcon.colcon_core.shell[0m [1;30mINFO[0m Skip shell extension 'powershell' for command environment: Not usable outside of PowerShell
[3.545s] [34mcolcon.colcon_core.shell[0m [1;30mDEBUG[0m [32mSkip shell extension 'dsv' for command environment[0m
[3.577s] [34mcolcon.colcon_ros.task.ament_cmake.build[0m [1;30mINFO[0m Building ROS package in '/home/jetson/rob498_2026/capstone2026/ros2_ws/src/px4_autonomy_modules' with build type 'ament_cmake'
[3.578s] [34mcolcon.colcon_cmake.task.cmake.build[0m [1;30mINFO[0m Building CMake package in '/home/jetson/rob498_2026/capstone2026/ros2_ws/src/px4_autonomy_modules'
[3.580s] [34mcolcon.colcon_core.shell[0m [1;30mINFO[0m Skip shell extension 'powershell' for command environment: Not usable outside of PowerShell
[3.581s] [34mcolcon.colcon_core.shell[0m [1;30mDEBUG[0m [32mSkip shell extension 'dsv' for command environment[0m
[3.610s] [34mcolcon.colcon_ros.task.ament_python.build[0m [1;30mINFO[0m Building ROS package in '/home/jetson/rob498_2026/capstone2026/ros2_ws/src/vision_bdg' with build type 'ament_python'
[3.611s] [34mcolcon.colcon_core.shell[0m [1;30mLevel 1[0m create_environment_hook('vision_bdg', 'ament_prefix_path')
[3.613s] [34mcolcon.colcon_core.shell[0m [1;30mINFO[0m Creating environment hook '/home/jetson/rob498_2026/capstone2026/ros2_ws/install/vision_bdg/share/vision_bdg/hook/ament_prefix_path.ps1'
[3.617s] [34mcolcon.colcon_core.shell[0m [1;30mINFO[0m Creating environment descriptor '/home/jetson/rob498_2026/capstone2026/ros2_ws/install/vision_bdg/share/vision_bdg/hook/ament_prefix_path.dsv'
[3.619s] [34mcolcon.colcon_core.shell[0m [1;30mINFO[0m Creating environment hook '/home/jetson/rob498_2026/capstone2026/ros2_ws/install/vision_bdg/share/vision_bdg/hook/ament_prefix_path.sh'
[3.623s] [34mcolcon.colcon_core.shell[0m [1;30mINFO[0m Skip shell extension 'powershell' for command environment: Not usable outside of PowerShell
[3.623s] [34mcolcon.colcon_core.shell[0m [1;30mDEBUG[0m [32mSkip shell extension 'dsv' for command environment[0m
[5.485s] [34mcolcon.colcon_core.task.python.build[0m [1;30mINFO[0m Building Python package in '/home/jetson/rob498_2026/capstone2026/ros2_ws/src/flight2'
[5.486s] [34mcolcon.colcon_core.shell[0m [1;30mINFO[0m Skip shell extension 'powershell' for command environment: Not usable outside of PowerShell
[5.487s] [34mcolcon.colcon_core.shell[0m [1;30mDEBUG[0m [32mSkip shell extension 'dsv' for command environment[0m
[6.997s] [34mcolcon.colcon_core.task.python.build[0m [1;30mINFO[0m Building Python package in '/home/jetson/rob498_2026/capstone2026/ros2_ws/src/flight_2'
[6.999s] [34mcolcon.colcon_core.shell[0m [1;30mINFO[0m Skip shell extension 'powershell' for command environment: Not usable outside of PowerShell
[6.999s] [34mcolcon.colcon_core.shell[0m [1;30mDEBUG[0m [32mSkip shell extension 'dsv' for command environment[0m
[7.067s] [34mcolcon.colcon_core.event_handler.log_command[0m [1;30mDEBUG[0m [32mInvoking command in '/home/jetson/rob498_2026/capstone2026/ros2_ws/build/px4_autonomy_modules': CMAKE_PREFIX_PATH=${CMAKE_PREFIX_PATH}:/home/jetson/rob498_2026/capstone2026/ros2_ws/install/flight_2:/home/jetson/rob498_2026/capstone2026/ros2_ws/install/flight2:/opt/ros/foxy:/home/jetson/rob498/Capstone/drone_ws/install/visual_servoing:/home/jetson/rob498/Capstone/drone_ws/install/vicon:/home/jetson/rob498/Capstone/drone_ws/install/test_pkg:/home/jetson/rob498/Capstone/drone_ws/install/offboard_control:/home/jetson/rob498/Capstone/drone_ws/install/cv_basics /usr/bin/cmake --build /home/jetson/rob498_2026/capstone2026/ros2_ws/build/px4_autonomy_modules -- -j4 -l4[0m
[8.572s] [34mcolcon.colcon_core.task.python.build[0m [1;30mINFO[0m Building Python package in '/home/jetson/rob498_2026/capstone2026/ros2_ws/src/vision_bdg'
[8.574s] [34mcolcon.colcon_core.shell[0m [1;30mINFO[0m Skip shell extension 'powershell' for command environment: Not usable outside of PowerShell
[8.575s] [34mcolcon.colcon_core.shell[0m [1;30mDEBUG[0m [32mSkip shell extension 'dsv' for command environment[0m
[8.610s] [34mcolcon.colcon_core.event_handler.log_command[0m [1;30mDEBUG[0m [32mInvoked command in '/home/jetson/rob498_2026/capstone2026/ros2_ws/build/px4_autonomy_modules' returned '0': CMAKE_PREFIX_PATH=${CMAKE_PREFIX_PATH}:/home/jetson/rob498_2026/capstone2026/ros2_ws/install/flight_2:/home/jetson/rob498_2026/capstone2026/ros2_ws/install/flight2:/opt/ros/foxy:/home/jetson/rob498/Capstone/drone_ws/install/visual_servoing:/home/jetson/rob498/Capstone/drone_ws/install/vicon:/home/jetson/rob498/Capstone/drone_ws/install/test_pkg:/home/jetson/rob498/Capstone/drone_ws/install/offboard_control:/home/jetson/rob498/Capstone/drone_ws/install/cv_basics /usr/bin/cmake --build /home/jetson/rob498_2026/capstone2026/ros2_ws/build/px4_autonomy_modules -- -j4 -l4[0m
[8.662s] [34mcolcon.colcon_core.event_handler.log_command[0m [1;30mDEBUG[0m [32mInvoking command in '/home/jetson/rob498_2026/capstone2026/ros2_ws/build/px4_autonomy_modules': CMAKE_PREFIX_PATH=${CMAKE_PREFIX_PATH}:/home/jetson/rob498_2026/capstone2026/ros2_ws/install/flight_2:/home/jetson/rob498_2026/capstone2026/ros2_ws/install/flight2:/opt/ros/foxy:/home/jetson/rob498/Capstone/drone_ws/install/visual_servoing:/home/jetson/rob498/Capstone/drone_ws/install/vicon:/home/jetson/rob498/Capstone/drone_ws/install/test_pkg:/home/jetson/rob498/Capstone/drone_ws/install/offboard_control:/home/jetson/rob498/Capstone/drone_ws/install/cv_basics /usr/bin/cmake --install /home/jetson/rob498_2026/capstone2026/ros2_ws/build/px4_autonomy_modules[0m
[8.806s] [34mcolcon.colcon_core.environment[0m [1;30mLevel 1[0m create_environment_scripts_only(px4_autonomy_modules)
[8.810s] [34mcolcon.colcon_core.event_handler.log_command[0m [1;30mDEBUG[0m [32mInvoked command in '/home/jetson/rob498_2026/capstone2026/ros2_ws/build/px4_autonomy_modules' returned '0': CMAKE_PREFIX_PATH=${CMAKE_PREFIX_PATH}:/home/jetson/rob498_2026/capstone2026/ros2_ws/install/flight_2:/home/jetson/rob498_2026/capstone2026/ros2_ws/install/flight2:/opt/ros/foxy:/home/jetson/rob498/Capstone/drone_ws/install/visual_servoing:/home/jetson/rob498/Capstone/drone_ws/install/vicon:/home/jetson/rob498/Capstone/drone_ws/install/test_pkg:/home/jetson/rob498/Capstone/drone_ws/install/offboard_control:/home/jetson/rob498/Capstone/drone_ws/install/cv_basics /usr/bin/cmake --install /home/jetson/rob498_2026/capstone2026/ros2_ws/build/px4_autonomy_modules[0m
[8.839s] [34mcolcon.colcon_core.environment[0m [1;30mLevel 1[0m checking '/home/jetson/rob498_2026/capstone2026/ros2_ws/install/px4_autonomy_modules' for CMake module files
[8.842s] [34mcolcon.colcon_core.environment[0m [1;30mLevel 1[0m checking '/home/jetson/rob498_2026/capstone2026/ros2_ws/install/px4_autonomy_modules' for CMake config files
[8.844s] [34mcolcon.colcon_core.shell[0m [1;30mLevel 1[0m create_environment_hook('px4_autonomy_modules', 'cmake_prefix_path')
[8.855s] [34mcolcon.colcon_core.shell[0m [1;30mINFO[0m Creating environment hook '/home/jetson/rob498_2026/capstone2026/ros2_ws/install/px4_autonomy_modules/share/px4_autonomy_modules/hook/cmake_prefix_path.ps1'
[8.861s] [34mcolcon.colcon_core.shell[0m [1;30mINFO[0m Creating environment descriptor '/home/jetson/rob498_2026/capstone2026/ros2_ws/install/px4_autonomy_modules/share/px4_autonomy_modules/hook/cmake_prefix_path.dsv'
[8.867s] [34mcolcon.colcon_core.shell[0m [1;30mINFO[0m Creating environment hook '/home/jetson/rob498_2026/capstone2026/ros2_ws/install/px4_autonomy_modules/share/px4_autonomy_modules/hook/cmake_prefix_path.sh'
[8.871s] [34mcolcon.colcon_core.environment[0m [1;30mLevel 1[0m checking '/home/jetson/rob498_2026/capstone2026/ros2_ws/install/px4_autonomy_modules/bin'
[8.872s] [34mcolcon.colcon_core.environment[0m [1;30mLevel 1[0m checking '/home/jetson/rob498_2026/capstone2026/ros2_ws/install/px4_autonomy_modules/lib/pkgconfig/px4_autonomy_modules.pc'
[8.874s] [34mcolcon.colcon_core.environment[0m [1;30mLevel 1[0m checking '/home/jetson/rob498_2026/capstone2026/ros2_ws/install/px4_autonomy_modules/lib/python3.8/site-packages'
[8.875s] [34mcolcon.colcon_core.environment[0m [1;30mLevel 1[0m checking '/home/jetson/rob498_2026/capstone2026/ros2_ws/install/px4_autonomy_modules/bin'
[8.877s] [34mcolcon.colcon_core.shell[0m [1;30mINFO[0m Creating package script '/home/jetson/rob498_2026/capstone2026/ros2_ws/install/px4_autonomy_modules/share/px4_autonomy_modules/package.ps1'
[8.887s] [34mcolcon.colcon_core.shell[0m [1;30mINFO[0m Creating package descriptor '/home/jetson/rob498_2026/capstone2026/ros2_ws/install/px4_autonomy_modules/share/px4_autonomy_modules/package.dsv'
[8.891s] [34mcolcon.colcon_core.shell[0m [1;30mINFO[0m Creating package script '/home/jetson/rob498_2026/capstone2026/ros2_ws/install/px4_autonomy_modules/share/px4_autonomy_modules/package.sh'
[8.897s] [34mcolcon.colcon_core.shell[0m [1;30mINFO[0m Creating package script '/home/jetson/rob498_2026/capstone2026/ros2_ws/install/px4_autonomy_modules/share/px4_autonomy_modules/package.bash'
[8.903s] [34mcolcon.colcon_core.shell[0m [1;30mINFO[0m Creating package script '/home/jetson/rob498_2026/capstone2026/ros2_ws/install/px4_autonomy_modules/share/px4_autonomy_modules/package.zsh'
[8.908s] [34mcolcon.colcon_core.environment[0m [1;30mLevel 1[0m create_file_with_runtime_dependencies(/home/jetson/rob498_2026/capstone2026/ros2_ws/install/px4_autonomy_modules/share/colcon-core/packages/px4_autonomy_modules)
[8.914s] [34mcolcon.colcon_core.environment[0m [1;30mLevel 1[0m create_environment_scripts_only(px4_autonomy_modules)
[8.916s] [34mcolcon.colcon_core.environment[0m [1;30mLevel 1[0m checking '/home/jetson/rob498_2026/capstone2026/ros2_ws/install/px4_autonomy_modules' for CMake module files
[8.919s] [34mcolcon.colcon_core.environment[0m [1;30mLevel 1[0m checking '/home/jetson/rob498_2026/capstone2026/ros2_ws/install/px4_autonomy_modules' for CMake config files
[8.921s] [34mcolcon.colcon_core.shell[0m [1;30mLevel 1[0m create_environment_hook('px4_autonomy_modules', 'cmake_prefix_path')
[8.923s] [34mcolcon.colcon_core.shell[0m [1;30mINFO[0m Creating environment hook '/home/jetson/rob498_2026/capstone2026/ros2_ws/install/px4_autonomy_modules/share/px4_autonomy_modules/hook/cmake_prefix_path.ps1'
[8.927s] [34mcolcon.colcon_core.shell[0m [1;30mINFO[0m Creating environment descriptor '/home/jetson/rob498_2026/capstone2026/ros2_ws/install/px4_autonomy_modules/share/px4_autonomy_modules/hook/cmake_prefix_path.dsv'
[8.931s] [34mcolcon.colcon_core.shell[0m [1;30mINFO[0m Creating environment hook '/home/jetson/rob498_2026/capstone2026/ros2_ws/install/px4_autonomy_modules/share/px4_autonomy_modules/hook/cmake_prefix_path.sh'
[8.942s] [34mcolcon.colcon_core.environment[0m [1;30mLevel 1[0m checking '/home/jetson/rob498_2026/capstone2026/ros2_ws/install/px4_autonomy_modules/bin'
[8.943s] [34mcolcon.colcon_core.environment[0m [1;30mLevel 1[0m checking '/home/jetson/rob498_2026/capstone2026/ros2_ws/install/px4_autonomy_modules/lib/pkgconfig/px4_autonomy_modules.pc'
[8.944s] [34mcolcon.colcon_core.environment[0m [1;30mLevel 1[0m checking '/home/jetson/rob498_2026/capstone2026/ros2_ws/install/px4_autonomy_modules/lib/python3.8/site-packages'
[8.947s] [34mcolcon.colcon_core.environment[0m [1;30mLevel 1[0m checking '/home/jetson/rob498_2026/capstone2026/ros2_ws/install/px4_autonomy_modules/bin'
[8.950s] [34mcolcon.colcon_core.shell[0m [1;30mINFO[0m Creating package script '/home/jetson/rob498_2026/capstone2026/ros2_ws/install/px4_autonomy_modules/share/px4_autonomy_modules/package.ps1'
[8.963s] [34mcolcon.colcon_core.shell[0m [1;30mINFO[0m Creating package descriptor '/home/jetson/rob498_2026/capstone2026/ros2_ws/install/px4_autonomy_modules/share/px4_autonomy_modules/package.dsv'
[8.966s] [34mcolcon.colcon_core.shell[0m [1;30mINFO[0m Creating package script '/home/jetson/rob498_2026/capstone2026/ros2_ws/install/px4_autonomy_modules/share/px4_autonomy_modules/package.sh'
[8.971s] [34mcolcon.colcon_core.shell[0m [1;30mINFO[0m Creating package script '/home/jetson/rob498_2026/capstone2026/ros2_ws/install/px4_autonomy_modules/share/px4_autonomy_modules/package.bash'
[8.974s] [34mcolcon.colcon_core.shell[0m [1;30mINFO[0m Creating package script '/home/jetson/rob498_2026/capstone2026/ros2_ws/install/px4_autonomy_modules/share/px4_autonomy_modules/package.zsh'
[8.977s] [34mcolcon.colcon_core.environment[0m [1;30mLevel 1[0m create_file_with_runtime_dependencies(/home/jetson/rob498_2026/capstone2026/ros2_ws/install/px4_autonomy_modules/share/colcon-core/packages/px4_autonomy_modules)
[11.532s] [34mcolcon.colcon_core.event_handler.log_command[0m [1;30mDEBUG[0m [32mInvoking command in '/home/jetson/rob498_2026/capstone2026/ros2_ws/src/vision_bdg': PYTHONPATH=/home/jetson/rob498_2026/capstone2026/ros2_ws/build/vision_bdg/prefix_override:/usr/lib/python3/dist-packages/colcon_core/task/python/colcon_distutils_commands:/home/jetson/rob498_2026/capstone2026/ros2_ws/install/vision_bdg/lib/python3.8/site-packages:${PYTHONPATH} /usr/bin/python3 -W ignore:setup.py install is deprecated -W ignore:easy_install command is deprecated setup.py egg_info --egg-base ../../build/vision_bdg build --build-base /home/jetson/rob498_2026/capstone2026/ros2_ws/build/vision_bdg/build install --record /home/jetson/rob498_2026/capstone2026/ros2_ws/build/vision_bdg/install.log --install-scripts $base/lib/vision_bdg --single-version-externally-managed install_data[0m
[11.634s] [34mcolcon.colcon_core.event_handler.log_command[0m [1;30mDEBUG[0m [32mInvoking command in '/home/jetson/rob498_2026/capstone2026/ros2_ws/src/flight2': PYTHONPATH=/home/jetson/rob498_2026/capstone2026/ros2_ws/build/flight2/prefix_override:/usr/lib/python3/dist-packages/colcon_core/task/python/colcon_distutils_commands:/home/jetson/rob498_2026/capstone2026/ros2_ws/install/flight2/lib/python3.8/site-packages:${PYTHONPATH} /usr/bin/python3 -W ignore:setup.py install is deprecated -W ignore:easy_install command is deprecated setup.py egg_info --egg-base ../../build/flight2 build --build-base /home/jetson/rob498_2026/capstone2026/ros2_ws/build/flight2/build install --record /home/jetson/rob498_2026/capstone2026/ros2_ws/build/flight2/install.log --single-version-externally-managed install_data[0m
[11.670s] [34mcolcon.colcon_core.event_handler.log_command[0m [1;30mDEBUG[0m [32mInvoking command in '/home/jetson/rob498_2026/capstone2026/ros2_ws/src/flight_2': PYTHONPATH=/home/jetson/rob498_2026/capstone2026/ros2_ws/build/flight_2/prefix_override:/usr/lib/python3/dist-packages/colcon_core/task/python/colcon_distutils_commands:/home/jetson/rob498_2026/capstone2026/ros2_ws/install/flight_2/lib/python3.8/site-packages:${PYTHONPATH} /usr/bin/python3 -W ignore:setup.py install is deprecated -W ignore:easy_install command is deprecated setup.py egg_info --egg-base ../../build/flight_2 build --build-base /home/jetson/rob498_2026/capstone2026/ros2_ws/build/flight_2/build install --record /home/jetson/rob498_2026/capstone2026/ros2_ws/build/flight_2/install.log --single-version-externally-managed install_data[0m
[13.711s] [34mcolcon.colcon_core.environment[0m [1;30mLevel 1[0m checking '/home/jetson/rob498_2026/capstone2026/ros2_ws/install/flight2' for CMake module files
[13.715s] [34mcolcon.colcon_core.event_handler.log_command[0m [1;30mDEBUG[0m [32mInvoked command in '/home/jetson/rob498_2026/capstone2026/ros2_ws/src/flight2' returned '0': PYTHONPATH=/home/jetson/rob498_2026/capstone2026/ros2_ws/build/flight2/prefix_override:/usr/lib/python3/dist-packages/colcon_core/task/python/colcon_distutils_commands:/home/jetson/rob498_2026/capstone2026/ros2_ws/install/flight2/lib/python3.8/site-packages:${PYTHONPATH} /usr/bin/python3 -W ignore:setup.py install is deprecated -W ignore:easy_install command is deprecated setup.py egg_info --egg-base ../../build/flight2 build --build-base /home/jetson/rob498_2026/capstone2026/ros2_ws/build/flight2/build install --record /home/jetson/rob498_2026/capstone2026/ros2_ws/build/flight2/install.log --single-version-externally-managed install_data[0m
[13.718s] [34mcolcon.colcon_core.environment[0m [1;30mLevel 1[0m checking '/home/jetson/rob498_2026/capstone2026/ros2_ws/install/flight2' for CMake config files
[13.722s] [34mcolcon.colcon_core.environment[0m [1;30mLevel 1[0m checking '/home/jetson/rob498_2026/capstone2026/ros2_ws/install/flight2/lib'
[13.724s] [34mcolcon.colcon_core.environment[0m [1;30mLevel 1[0m checking '/home/jetson/rob498_2026/capstone2026/ros2_ws/install/flight2/bin'
[13.724s] [34mcolcon.colcon_core.environment[0m [1;30mLevel 1[0m checking '/home/jetson/rob498_2026/capstone2026/ros2_ws/install/flight2/lib/pkgconfig/flight2.pc'
[13.725s] [34mcolcon.colcon_core.environment[0m [1;30mLevel 1[0m checking '/home/jetson/rob498_2026/capstone2026/ros2_ws/install/flight2/lib/python3.8/site-packages'
[13.726s] [34mcolcon.colcon_core.shell[0m [1;30mLevel 1[0m create_environment_hook('flight2', 'pythonpath')
[13.727s] [34mcolcon.colcon_core.shell[0m [1;30mINFO[0m Creating environment hook '/home/jetson/rob498_2026/capstone2026/ros2_ws/install/flight2/share/flight2/hook/pythonpath.ps1'
[13.731s] [34mcolcon.colcon_core.shell[0m [1;30mINFO[0m Creating environment descriptor '/home/jetson/rob498_2026/capstone2026/ros2_ws/install/flight2/share/flight2/hook/pythonpath.dsv'
[13.737s] [34mcolcon.colcon_core.shell[0m [1;30mINFO[0m Creating environment hook '/home/jetson/rob498_2026/capstone2026/ros2_ws/install/flight2/share/flight2/hook/pythonpath.sh'
[13.740s] [34mcolcon.colcon_core.environment[0m [1;30mLevel 1[0m checking '/home/jetson/rob498_2026/capstone2026/ros2_ws/install/flight2/bin'
[13.741s] [34mcolcon.colcon_core.environment[0m [1;30mLevel 1[0m create_environment_scripts_only(flight2)
[13.743s] [34mcolcon.colcon_core.shell[0m [1;30mINFO[0m Creating package script '/home/jetson/rob498_2026/capstone2026/ros2_ws/install/flight2/share/flight2/package.ps1'
[13.747s] [34mcolcon.colcon_core.shell[0m [1;30mINFO[0m Creating package descriptor '/home/jetson/rob498_2026/capstone2026/ros2_ws/install/flight2/share/flight2/package.dsv'
[13.753s] [34mcolcon.colcon_core.shell[0m [1;30mINFO[0m Creating package script '/home/jetson/rob498_2026/capstone2026/ros2_ws/install/flight2/share/flight2/package.sh'
[13.756s] [34mcolcon.colcon_core.shell[0m [1;30mINFO[0m Creating package script '/home/jetson/rob498_2026/capstone2026/ros2_ws/install/flight2/share/flight2/package.bash'
[13.759s] [34mcolcon.colcon_core.shell[0m [1;30mINFO[0m Creating package script '/home/jetson/rob498_2026/capstone2026/ros2_ws/install/flight2/share/flight2/package.zsh'
[13.762s] [34mcolcon.colcon_core.environment[0m [1;30mLevel 1[0m create_file_with_runtime_dependencies(/home/jetson/rob498_2026/capstone2026/ros2_ws/install/flight2/share/colcon-core/packages/flight2)
[13.797s] [34mcolcon.colcon_core.environment[0m [1;30mLevel 1[0m checking '/home/jetson/rob498_2026/capstone2026/ros2_ws/install/flight_2' for CMake module files
[13.800s] [34mcolcon.colcon_core.event_handler.log_command[0m [1;30mDEBUG[0m [32mInvoked command in '/home/jetson/rob498_2026/capstone2026/ros2_ws/src/flight_2' returned '0': PYTHONPATH=/home/jetson/rob498_2026/capstone2026/ros2_ws/build/flight_2/prefix_override:/usr/lib/python3/dist-packages/colcon_core/task/python/colcon_distutils_commands:/home/jetson/rob498_2026/capstone2026/ros2_ws/install/flight_2/lib/python3.8/site-packages:${PYTHONPATH} /usr/bin/python3 -W ignore:setup.py install is deprecated -W ignore:easy_install command is deprecated setup.py egg_info --egg-base ../../build/flight_2 build --build-base /home/jetson/rob498_2026/capstone2026/ros2_ws/build/flight_2/build install --record /home/jetson/rob498_2026/capstone2026/ros2_ws/build/flight_2/install.log --single-version-externally-managed install_data[0m
[13.802s] [34mcolcon.colcon_core.environment[0m [1;30mLevel 1[0m checking '/home/jetson/rob498_2026/capstone2026/ros2_ws/install/flight_2' for CMake config files
[13.806s] [34mcolcon.colcon_core.environment[0m [1;30mLevel 1[0m checking '/home/jetson/rob498_2026/capstone2026/ros2_ws/install/flight_2/lib'
[13.806s] [34mcolcon.colcon_core.environment[0m [1;30mLevel 1[0m checking '/home/jetson/rob498_2026/capstone2026/ros2_ws/install/flight_2/bin'
[13.807s] [34mcolcon.colcon_core.environment[0m [1;30mLevel 1[0m checking '/home/jetson/rob498_2026/capstone2026/ros2_ws/install/flight_2/lib/pkgconfig/flight_2.pc'
[13.808s] [34mcolcon.colcon_core.environment[0m [1;30mLevel 1[0m checking '/home/jetson/rob498_2026/capstone2026/ros2_ws/install/flight_2/lib/python3.8/site-packages'
[13.809s] [34mcolcon.colcon_core.shell[0m [1;30mLevel 1[0m create_environment_hook('flight_2', 'pythonpath')
[13.810s] [34mcolcon.colcon_core.shell[0m [1;30mINFO[0m Creating environment hook '/home/jetson/rob498_2026/capstone2026/ros2_ws/install/flight_2/share/flight_2/hook/pythonpath.ps1'
[13.812s] [34mcolcon.colcon_core.shell[0m [1;30mINFO[0m Creating environment descriptor '/home/jetson/rob498_2026/capstone2026/ros2_ws/install/flight_2/share/flight_2/hook/pythonpath.dsv'
[13.814s] [34mcolcon.colcon_core.shell[0m [1;30mINFO[0m Creating environment hook '/home/jetson/rob498_2026/capstone2026/ros2_ws/install/flight_2/share/flight_2/hook/pythonpath.sh'
[13.816s] [34mcolcon.colcon_core.environment[0m [1;30mLevel 1[0m checking '/home/jetson/rob498_2026/capstone2026/ros2_ws/install/flight_2/bin'
[13.817s] [34mcolcon.colcon_core.environment[0m [1;30mLevel 1[0m create_environment_scripts_only(flight_2)
[13.819s] [34mcolcon.colcon_core.shell[0m [1;30mINFO[0m Creating package script '/home/jetson/rob498_2026/capstone2026/ros2_ws/install/flight_2/share/flight_2/package.ps1'
[13.821s] [34mcolcon.colcon_core.shell[0m [1;30mINFO[0m Creating package descriptor '/home/jetson/rob498_2026/capstone2026/ros2_ws/install/flight_2/share/flight_2/package.dsv'
[13.823s] [34mcolcon.colcon_core.shell[0m [1;30mINFO[0m Creating package script '/home/jetson/rob498_2026/capstone2026/ros2_ws/install/flight_2/share/flight_2/package.sh'
[13.826s] [34mcolcon.colcon_core.shell[0m [1;30mINFO[0m Creating package script '/home/jetson/rob498_2026/capstone2026/ros2_ws/install/flight_2/share/flight_2/package.bash'
[13.829s] [34mcolcon.colcon_core.shell[0m [1;30mINFO[0m Creating package script '/home/jetson/rob498_2026/capstone2026/ros2_ws/install/flight_2/share/flight_2/package.zsh'
[13.831s] [34mcolcon.colcon_core.environment[0m [1;30mLevel 1[0m create_file_with_runtime_dependencies(/home/jetson/rob498_2026/capstone2026/ros2_ws/install/flight_2/share/colcon-core/packages/flight_2)
[13.834s] [34mcolcon.colcon_core.environment[0m [1;30mLevel 1[0m checking '/home/jetson/rob498_2026/capstone2026/ros2_ws/install/vision_bdg' for CMake module files
[13.841s] [34mcolcon.colcon_core.event_handler.log_command[0m [1;30mDEBUG[0m [32mInvoked command in '/home/jetson/rob498_2026/capstone2026/ros2_ws/src/vision_bdg' returned '0': PYTHONPATH=/home/jetson/rob498_2026/capstone2026/ros2_ws/build/vision_bdg/prefix_override:/usr/lib/python3/dist-packages/colcon_core/task/python/colcon_distutils_commands:/home/jetson/rob498_2026/capstone2026/ros2_ws/install/vision_bdg/lib/python3.8/site-packages:${PYTHONPATH} /usr/bin/python3 -W ignore:setup.py install is deprecated -W ignore:easy_install command is deprecated setup.py egg_info --egg-base ../../build/vision_bdg build --build-base /home/jetson/rob498_2026/capstone2026/ros2_ws/build/vision_bdg/build install --record /home/jetson/rob498_2026/capstone2026/ros2_ws/build/vision_bdg/install.log --install-scripts $base/lib/vision_bdg --single-version-externally-managed install_data[0m
[13.842s] [34mcolcon.colcon_core.environment[0m [1;30mLevel 1[0m checking '/home/jetson/rob498_2026/capstone2026/ros2_ws/install/vision_bdg' for CMake config files
[13.845s] [34mcolcon.colcon_core.environment[0m [1;30mLevel 1[0m checking '/home/jetson/rob498_2026/capstone2026/ros2_ws/install/vision_bdg/lib'
[13.846s] [34mcolcon.colcon_core.environment[0m [1;30mLevel 1[0m checking '/home/jetson/rob498_2026/capstone2026/ros2_ws/install/vision_bdg/bin'
[13.846s] [34mcolcon.colcon_core.environment[0m [1;30mLevel 1[0m checking '/home/jetson/rob498_2026/capstone2026/ros2_ws/install/vision_bdg/lib/pkgconfig/vision_bdg.pc'
[13.847s] [34mcolcon.colcon_core.environment[0m [1;30mLevel 1[0m checking '/home/jetson/rob498_2026/capstone2026/ros2_ws/install/vision_bdg/lib/python3.8/site-packages'
[13.847s] [34mcolcon.colcon_core.shell[0m [1;30mLevel 1[0m create_environment_hook('vision_bdg', 'pythonpath')
[13.849s] [34mcolcon.colcon_core.shell[0m [1;30mINFO[0m Creating environment hook '/home/jetson/rob498_2026/capstone2026/ros2_ws/install/vision_bdg/share/vision_bdg/hook/pythonpath.ps1'
[13.851s] [34mcolcon.colcon_core.shell[0m [1;30mINFO[0m Creating environment descriptor '/home/jetson/rob498_2026/capstone2026/ros2_ws/install/vision_bdg/share/vision_bdg/hook/pythonpath.dsv'
[13.854s] [34mcolcon.colcon_core.shell[0m [1;30mINFO[0m Creating environment hook '/home/jetson/rob498_2026/capstone2026/ros2_ws/install/vision_bdg/share/vision_bdg/hook/pythonpath.sh'
[13.857s] [34mcolcon.colcon_core.environment[0m [1;30mLevel 1[0m checking '/home/jetson/rob498_2026/capstone2026/ros2_ws/install/vision_bdg/bin'
[13.857s] [34mcolcon.colcon_core.environment[0m [1;30mLevel 1[0m create_environment_scripts_only(vision_bdg)
[13.860s] [34mcolcon.colcon_core.shell[0m [1;30mINFO[0m Creating package script '/home/jetson/rob498_2026/capstone2026/ros2_ws/install/vision_bdg/share/vision_bdg/package.ps1'
[13.863s] [34mcolcon.colcon_core.shell[0m [1;30mINFO[0m Creating package descriptor '/home/jetson/rob498_2026/capstone2026/ros2_ws/install/vision_bdg/share/vision_bdg/package.dsv'
[13.865s] [34mcolcon.colcon_core.shell[0m [1;30mINFO[0m Creating package script '/home/jetson/rob498_2026/capstone2026/ros2_ws/install/vision_bdg/share/vision_bdg/package.sh'
[13.868s] [34mcolcon.colcon_core.shell[0m [1;30mINFO[0m Creating package script '/home/jetson/rob498_2026/capstone2026/ros2_ws/install/vision_bdg/share/vision_bdg/package.bash'
[13.871s] [34mcolcon.colcon_core.shell[0m [1;30mINFO[0m Creating package script '/home/jetson/rob498_2026/capstone2026/ros2_ws/install/vision_bdg/share/vision_bdg/package.zsh'
[13.873s] [34mcolcon.colcon_core.environment[0m [1;30mLevel 1[0m create_file_with_runtime_dependencies(/home/jetson/rob498_2026/capstone2026/ros2_ws/install/vision_bdg/share/colcon-core/packages/vision_bdg)
[13.877s] [34mcolcon.colcon_parallel_executor.executor.parallel[0m [1;30mDEBUG[0m [32mclosing loop[0m
[13.879s] [34mcolcon.colcon_parallel_executor.executor.parallel[0m [1;30mDEBUG[0m [32mloop closed[0m
[13.879s] [34mcolcon.colcon_parallel_executor.executor.parallel[0m [1;30mDEBUG[0m [32mrun_until_complete finished with '0'[0m
[13.880s] [34mcolcon.colcon_core.event_reactor[0m [1;30mDEBUG[0m [32mjoining thread[0m
[13.946s] [34mcolcon.colcon_core.plugin_system[0m [1;30mINFO[0m Skipping extension 'colcon_notification.desktop_notification.terminal_notifier': Not used on non-Darwin systems
[13.947s] [34mcolcon.colcon_core.plugin_system[0m [1;30mINFO[0m Skipping extension 'colcon_notification.desktop_notification.win32': Not used on non-Windows systems
[13.948s] [34mcolcon.colcon_notification.desktop_notification[0m [1;30mINFO[0m Sending desktop notification using 'notify2'
[14.084s] [34mcolcon.colcon_core.event_reactor[0m [1;30mDEBUG[0m [32mjoined thread[0m
[14.086s] [34mcolcon.colcon_core.shell[0m [1;30mINFO[0m Creating prefix script '/home/jetson/rob498_2026/capstone2026/ros2_ws/install/local_setup.ps1'
[14.092s] [34mcolcon.colcon_core.shell[0m [1;30mINFO[0m Creating prefix util module '/home/jetson/rob498_2026/capstone2026/ros2_ws/install/_local_setup_util_ps1.py'
[14.113s] [34mcolcon.colcon_core.shell[0m [1;30mINFO[0m Creating prefix chain script '/home/jetson/rob498_2026/capstone2026/ros2_ws/install/setup.ps1'
[14.137s] [34mcolcon.colcon_core.shell[0m [1;30mINFO[0m Creating prefix script '/home/jetson/rob498_2026/capstone2026/ros2_ws/install/local_setup.sh'
[14.147s] [34mcolcon.colcon_core.shell[0m [1;30mINFO[0m Creating prefix util module '/home/jetson/rob498_2026/capstone2026/ros2_ws/install/_local_setup_util_sh.py'
[14.159s] [34mcolcon.colcon_core.shell[0m [1;30mINFO[0m Creating prefix chain script '/home/jetson/rob498_2026/capstone2026/ros2_ws/install/setup.sh'
[14.184s] [34mcolcon.colcon_core.shell[0m [1;30mINFO[0m Creating prefix script '/home/jetson/rob498_2026/capstone2026/ros2_ws/install/local_setup.bash'
[14.189s] [34mcolcon.colcon_core.shell[0m [1;30mINFO[0m Creating prefix chain script '/home/jetson/rob498_2026/capstone2026/ros2_ws/install/setup.bash'
[14.213s] [34mcolcon.colcon_core.shell[0m [1;30mINFO[0m Creating prefix script '/home/jetson/rob498_2026/capstone2026/ros2_ws/install/local_setup.zsh'
[14.219s] [34mcolcon.colcon_core.shell[0m [1;30mINFO[0m Creating prefix chain script '/home/jetson/rob498_2026/capstone2026/ros2_ws/install/setup.zsh'
