[8.699s] Invoking command in '/home/jetson/rob498_2026/capstone2026/ros2_ws/src/flight2': PYTHONPATH=/home/jetson/rob498_2026/capstone2026/ros2_ws/build/flight2/prefix_override:/usr/lib/python3/dist-packages/colcon_core/task/python/colcon_distutils_commands:/home/jetson/rob498_2026/capstone2026/ros2_ws/install/flight2/lib/python3.8/site-packages:${PYTHONPATH} /usr/bin/python3 -W ignore:setup.py install is deprecated -W ignore:easy_install command is deprecated setup.py egg_info --egg-base ../../build/flight2 build --build-base /home/jetson/rob498_2026/capstone2026/ros2_ws/build/flight2/build install --record /home/jetson/rob498_2026/capstone2026/ros2_ws/build/flight2/install.log --single-version-externally-managed install_data
[11.540s] running egg_info
[11.547s] writing ../../build/flight2/flight2.egg-info/PKG-INFO
[11.551s] writing dependency_links to ../../build/flight2/flight2.egg-info/dependency_links.txt
[11.553s] writing entry points to ../../build/flight2/flight2.egg-info/entry_points.txt
[11.556s] writing requirements to ../../build/flight2/flight2.egg-info/requires.txt
[11.568s] writing top-level names to ../../build/flight2/flight2.egg-info/top_level.txt
[11.658s] reading manifest file '../../build/flight2/flight2.egg-info/SOURCES.txt'
[11.676s] writing manifest file '../../build/flight2/flight2.egg-info/SOURCES.txt'
[11.678s] running build
[11.682s] running build_py
[11.684s] running install
[11.696s] running install_lib
[11.737s] running install_data
[11.739s] running install_egg_info
[11.764s] removing '/home/jetson/rob498_2026/capstone2026/ros2_ws/install/flight2/lib/python3.8/site-packages/flight2-0.0.0-py3.8.egg-info' (and everything under it)
[11.767s] Copying ../../build/flight2/flight2.egg-info to /home/jetson/rob498_2026/capstone2026/ros2_ws/install/flight2/lib/python3.8/site-packages/flight2-0.0.0-py3.8.egg-info
[11.778s] running install_scripts
[12.044s] writing list of installed files to '/home/jetson/rob498_2026/capstone2026/ros2_ws/build/flight2/install.log'
[12.301s] Invoked command in '/home/jetson/rob498_2026/capstone2026/ros2_ws/src/flight2' returned '0': PYTHONPATH=/home/jetson/rob498_2026/capstone2026/ros2_ws/build/flight2/prefix_override:/usr/lib/python3/dist-packages/colcon_core/task/python/colcon_distutils_commands:/home/jetson/rob498_2026/capstone2026/ros2_ws/install/flight2/lib/python3.8/site-packages:${PYTHONPATH} /usr/bin/python3 -W ignore:setup.py install is deprecated -W ignore:easy_install command is deprecated setup.py egg_info --egg-base ../../build/flight2 build --build-base /home/jetson/rob498_2026/capstone2026/ros2_ws/build/flight2/build install --record /home/jetson/rob498_2026/capstone2026/ros2_ws/build/flight2/install.log --single-version-externally-managed install_data
