[1.375s] [34mcolcon[0m [1;30mDEBUG[0m [32mCommand line arguments: ['/usr/bin/colcon', 'build'][0m
[1.376s] [34mcolcon[0m [1;30mDEBUG[0m [32mParsed command line arguments: Namespace(allow_overriding=[], ament_cmake_args=None, base_paths=['.'], build_base='build', catkin_cmake_args=None, catkin_skip_building_tests=False, cmake_args=None, cmake_clean_cache=False, cmake_clean_first=False, cmake_force_configure=False, cmake_target=None, cmake_target_skip_unavailable=False, continue_on_error=False, event_handlers=None, executor='parallel', ignore_user_meta=False, install_base='install', log_base=None, log_level=None, main=<bound method BuildVerb.main of <colcon_core.verb.build.BuildVerb object at 0x7f83183fa0>>, merge_install=False, metas=['./colcon.meta'], mixin=None, mixin_files=None, mixin_verb=('build',), packages_above=None, packages_above_and_dependencies=None, packages_above_depth=None, packages_end=None, packages_ignore=None, packages_ignore_regex=None, packages_select=None, packages_select_build_failed=False, packages_select_by_dep=None, packages_select_regex=None, packages_select_test_failures=False, packages_skip=None, packages_skip_build_finished=False, packages_skip_by_dep=None, packages_skip_regex=None, packages_skip_test_passed=False, packages_skip_up_to=None, packages_start=None, packages_up_to=None, packages_up_to_regex=None, parallel_workers=4, paths=None, symlink_install=False, test_result_base=None, verb_extension=<colcon_core.verb.build.BuildVerb object at 0x7f83183fa0>, verb_name='build', verb_parser=<colcon_mixin.mixin.mixin_argument.MixinArgumentDecorator object at 0x7f83116ca0>)[0m
[2.450s] [34mcolcon.colcon_core.package_discovery[0m [1;30mLevel 1[0m discover_packages(colcon_meta) check parameters
[2.451s] [34mcolcon.colcon_core.package_discovery[0m [1;30mLevel 1[0m discover_packages(recursive) check parameters
[2.451s] [34mcolcon.colcon_core.package_discovery[0m [1;30mLevel 1[0m discover_packages(ignore) check parameters
[2.451s] [34mcolcon.colcon_core.package_discovery[0m [1;30mLevel 1[0m discover_packages(path) check parameters
[2.451s] [34mcolcon.colcon_core.package_discovery[0m [1;30mLevel 1[0m discover_packages(colcon_meta) discover
[2.451s] [34mcolcon.colcon_core.package_discovery[0m [1;30mLevel 1[0m discover_packages(recursive) discover
[2.452s] [34mcolcon.colcon_core.package_discovery[0m [1;30mINFO[0m Crawling recursively for packages in '/home/jetson/rob498_2026/capstone2026/ros2_ws'
[2.452s] [34mcolcon.colcon_core.package_identification[0m [1;30mLevel 1[0m _identify(.) by extensions ['ignore', 'ignore_ament_install']
[2.453s] [34mcolcon.colcon_core.package_identification[0m [1;30mLevel 1[0m _identify(.) by extension 'ignore'
[2.453s] [34mcolcon.colcon_core.package_identification[0m [1;30mLevel 1[0m _identify(.) by extension 'ignore_ament_install'
[2.453s] [34mcolcon.colcon_core.package_identification[0m [1;30mLevel 1[0m _identify(.) by extensions ['colcon_pkg']
[2.453s] [34mcolcon.colcon_core.package_identification[0m [1;30mLevel 1[0m _identify(.) by extension 'colcon_pkg'
[2.453s] [34mcolcon.colcon_core.package_identification[0m [1;30mLevel 1[0m _identify(.) by extensions ['colcon_meta']
[2.454s] [34mcolcon.colcon_core.package_identification[0m [1;30mLevel 1[0m _identify(.) by extension 'colcon_meta'
[2.454s] [34mcolcon.colcon_core.package_identification[0m [1;30mLevel 1[0m _identify(.) by extensions ['ros']
[2.454s] [34mcolcon.colcon_core.package_identification[0m [1;30mLevel 1[0m _identify(.) by extension 'ros'
[2.545s] [34mcolcon.colcon_core.package_identification[0m [1;30mLevel 1[0m _identify(.) by extensions ['cmake', 'python']
[2.546s] [34mcolcon.colcon_core.package_identification[0m [1;30mLevel 1[0m _identify(.) by extension 'cmake'
[2.546s] [34mcolcon.colcon_core.package_identification[0m [1;30mLevel 1[0m _identify(.) by extension 'python'
[2.546s] [34mcolcon.colcon_core.package_identification[0m [1;30mLevel 1[0m _identify(.) by extensions ['python_setup_py']
[2.546s] [34mcolcon.colcon_core.package_identification[0m [1;30mLevel 1[0m _identify(.) by extension 'python_setup_py'
[2.547s] [34mcolcon.colcon_core.package_identification[0m [1;30mLevel 1[0m _identify(build) by extensions ['ignore', 'ignore_ament_install']
[2.547s] [34mcolcon.colcon_core.package_identification[0m [1;30mLevel 1[0m _identify(build) by extension 'ignore'
[2.548s] [34mcolcon.colcon_core.package_identification[0m [1;30mLevel 1[0m _identify(build) ignored
[2.548s] [34mcolcon.colcon_core.package_identification[0m [1;30mLevel 1[0m _identify(install) by extensions ['ignore', 'ignore_ament_install']
[2.549s] [34mcolcon.colcon_core.package_identification[0m [1;30mLevel 1[0m _identify(install) by extension 'ignore'
[2.549s] [34mcolcon.colcon_core.package_identification[0m [1;30mLevel 1[0m _identify(install) ignored
[2.549s] [34mcolcon.colcon_core.package_identification[0m [1;30mLevel 1[0m _identify(log) by extensions ['ignore', 'ignore_ament_install']
[2.550s] [34mcolcon.colcon_core.package_identification[0m [1;30mLevel 1[0m _identify(log) by extension 'ignore'
[2.550s] [34mcolcon.colcon_core.package_identification[0m [1;30mLevel 1[0m _identify(log) ignored
[2.550s] [34mcolcon.colcon_core.package_identification[0m [1;30mLevel 1[0m _identify(my_package) by extensions ['ignore', 'ignore_ament_install']
[2.551s] [34mcolcon.colcon_core.package_identification[0m [1;30mLevel 1[0m _identify(my_package) by extension 'ignore'
[2.551s] [34mcolcon.colcon_core.package_identification[0m [1;30mLevel 1[0m _identify(my_package) by extension 'ignore_ament_install'
[2.551s] [34mcolcon.colcon_core.package_identification[0m [1;30mLevel 1[0m _identify(my_package) by extensions ['colcon_pkg']
[2.551s] [34mcolcon.colcon_core.package_identification[0m [1;30mLevel 1[0m _identify(my_package) by extension 'colcon_pkg'
[2.551s] [34mcolcon.colcon_core.package_identification[0m [1;30mLevel 1[0m _identify(my_package) by extensions ['colcon_meta']
[2.552s] [34mcolcon.colcon_core.package_identification[0m [1;30mLevel 1[0m _identify(my_package) by extension 'colcon_meta'
[2.552s] [34mcolcon.colcon_core.package_identification[0m [1;30mLevel 1[0m _identify(my_package) by extensions ['ros']
[2.552s] [34mcolcon.colcon_core.package_identification[0m [1;30mLevel 1[0m _identify(my_package) by extension 'ros'
[2.566s] [34mcolcon.colcon_core.package_identification[0m [1;30mDEBUG[0m [32mPackage 'my_package' with type 'ros.ament_python' and name 'my_package'[0m
[2.567s] [34mcolcon.colcon_core.package_identification[0m [1;30mLevel 1[0m _identify(src) by extensions ['ignore', 'ignore_ament_install']
[2.567s] [34mcolcon.colcon_core.package_identification[0m [1;30mLevel 1[0m _identify(src) by extension 'ignore'
[2.568s] [34mcolcon.colcon_core.package_identification[0m [1;30mLevel 1[0m _identify(src) by extension 'ignore_ament_install'
[2.568s] [34mcolcon.colcon_core.package_identification[0m [1;30mLevel 1[0m _identify(src) by extensions ['colcon_pkg']
[2.568s] [34mcolcon.colcon_core.package_identification[0m [1;30mLevel 1[0m _identify(src) by extension 'colcon_pkg'
[2.568s] [34mcolcon.colcon_core.package_identification[0m [1;30mLevel 1[0m _identify(src) by extensions ['colcon_meta']
[2.568s] [34mcolcon.colcon_core.package_identification[0m [1;30mLevel 1[0m _identify(src) by extension 'colcon_meta'
[2.569s] [34mcolcon.colcon_core.package_identification[0m [1;30mLevel 1[0m _identify(src) by extensions ['ros']
[2.569s] [34mcolcon.colcon_core.package_identification[0m [1;30mLevel 1[0m _identify(src) by extension 'ros'
[2.569s] [34mcolcon.colcon_core.package_identification[0m [1;30mLevel 1[0m _identify(src) by extensions ['cmake', 'python']
[2.569s] [34mcolcon.colcon_core.package_identification[0m [1;30mLevel 1[0m _identify(src) by extension 'cmake'
[2.570s] [34mcolcon.colcon_core.package_identification[0m [1;30mLevel 1[0m _identify(src) by extension 'python'
[2.570s] [34mcolcon.colcon_core.package_identification[0m [1;30mLevel 1[0m _identify(src) by extensions ['python_setup_py']
[2.570s] [34mcolcon.colcon_core.package_identification[0m [1;30mLevel 1[0m _identify(src) by extension 'python_setup_py'
[2.571s] [34mcolcon.colcon_core.package_identification[0m [1;30mLevel 1[0m _identify(src/flight2) by extensions ['ignore', 'ignore_ament_install']
[2.571s] [34mcolcon.colcon_core.package_identification[0m [1;30mLevel 1[0m _identify(src/flight2) by extension 'ignore'
[2.571s] [34mcolcon.colcon_core.package_identification[0m [1;30mLevel 1[0m _identify(src/flight2) by extension 'ignore_ament_install'
[2.572s] [34mcolcon.colcon_core.package_identification[0m [1;30mLevel 1[0m _identify(src/flight2) by extensions ['colcon_pkg']
[2.572s] [34mcolcon.colcon_core.package_identification[0m [1;30mLevel 1[0m _identify(src/flight2) by extension 'colcon_pkg'
[2.572s] [34mcolcon.colcon_core.package_identification[0m [1;30mLevel 1[0m _identify(src/flight2) by extensions ['colcon_meta']
[2.572s] [34mcolcon.colcon_core.package_identification[0m [1;30mLevel 1[0m _identify(src/flight2) by extension 'colcon_meta'
[2.572s] [34mcolcon.colcon_core.package_identification[0m [1;30mLevel 1[0m _identify(src/flight2) by extensions ['ros']
[2.572s] [34mcolcon.colcon_core.package_identification[0m [1;30mLevel 1[0m _identify(src/flight2) by extension 'ros'
[2.576s] [34mcolcon.colcon_core.package_identification[0m [1;30mDEBUG[0m [32mPackage 'src/flight2' with type 'ros.ament_python' and name 'flight2'[0m
[2.577s] [34mcolcon.colcon_core.package_identification[0m [1;30mLevel 1[0m _identify(src/flight_2) by extensions ['ignore', 'ignore_ament_install']
[2.577s] [34mcolcon.colcon_core.package_identification[0m [1;30mLevel 1[0m _identify(src/flight_2) by extension 'ignore'
[2.578s] [34mcolcon.colcon_core.package_identification[0m [1;30mLevel 1[0m _identify(src/flight_2) by extension 'ignore_ament_install'
[2.579s] [34mcolcon.colcon_core.package_identification[0m [1;30mLevel 1[0m _identify(src/flight_2) by extensions ['colcon_pkg']
[2.579s] [34mcolcon.colcon_core.package_identification[0m [1;30mLevel 1[0m _identify(src/flight_2) by extension 'colcon_pkg'
[2.579s] [34mcolcon.colcon_core.package_identification[0m [1;30mLevel 1[0m _identify(src/flight_2) by extensions ['colcon_meta']
[2.579s] [34mcolcon.colcon_core.package_identification[0m [1;30mLevel 1[0m _identify(src/flight_2) by extension 'colcon_meta'
[2.579s] [34mcolcon.colcon_core.package_identification[0m [1;30mLevel 1[0m _identify(src/flight_2) by extensions ['ros']
[2.580s] [34mcolcon.colcon_core.package_identification[0m [1;30mLevel 1[0m _identify(src/flight_2) by extension 'ros'
[2.583s] [34mcolcon.colcon_core.package_identification[0m [1;30mDEBUG[0m [32mPackage 'src/flight_2' with type 'ros.ament_python' and name 'flight_2'[0m
[2.584s] [34mcolcon.colcon_core.package_identification[0m [1;30mLevel 1[0m _identify(src/px4_autonomy_modules) by extensions ['ignore', 'ignore_ament_install']
[2.584s] [34mcolcon.colcon_core.package_identification[0m [1;30mLevel 1[0m _identify(src/px4_autonomy_modules) by extension 'ignore'
[2.584s] [34mcolcon.colcon_core.package_identification[0m [1;30mLevel 1[0m _identify(src/px4_autonomy_modules) by extension 'ignore_ament_install'
[2.585s] [34mcolcon.colcon_core.package_identification[0m [1;30mLevel 1[0m _identify(src/px4_autonomy_modules) by extensions ['colcon_pkg']
[2.585s] [34mcolcon.colcon_core.package_identification[0m [1;30mLevel 1[0m _identify(src/px4_autonomy_modules) by extension 'colcon_pkg'
[2.585s] [34mcolcon.colcon_core.package_identification[0m [1;30mLevel 1[0m _identify(src/px4_autonomy_modules) by extensions ['colcon_meta']
[2.585s] [34mcolcon.colcon_core.package_identification[0m [1;30mLevel 1[0m _identify(src/px4_autonomy_modules) by extension 'colcon_meta'
[2.585s] [34mcolcon.colcon_core.package_identification[0m [1;30mLevel 1[0m _identify(src/px4_autonomy_modules) by extensions ['ros']
[2.585s] [34mcolcon.colcon_core.package_identification[0m [1;30mLevel 1[0m _identify(src/px4_autonomy_modules) by extension 'ros'
[2.591s] [34mcolcon.colcon_core.package_identification[0m [1;30mDEBUG[0m [32mPackage 'src/px4_autonomy_modules' with type 'ros.ament_cmake' and name 'px4_autonomy_modules'[0m
[2.592s] [34mcolcon.colcon_core.package_identification[0m [1;30mLevel 1[0m _identify(src/vision_bridge) by extensions ['ignore', 'ignore_ament_install']
[2.593s] [34mcolcon.colcon_core.package_identification[0m [1;30mLevel 1[0m _identify(src/vision_bridge) by extension 'ignore'
[2.593s] [34mcolcon.colcon_core.package_identification[0m [1;30mLevel 1[0m _identify(src/vision_bridge) by extension 'ignore_ament_install'
[2.594s] [34mcolcon.colcon_core.package_identification[0m [1;30mLevel 1[0m _identify(src/vision_bridge) by extensions ['colcon_pkg']
[2.594s] [34mcolcon.colcon_core.package_identification[0m [1;30mLevel 1[0m _identify(src/vision_bridge) by extension 'colcon_pkg'
[2.594s] [34mcolcon.colcon_core.package_identification[0m [1;30mLevel 1[0m _identify(src/vision_bridge) by extensions ['colcon_meta']
[2.594s] [34mcolcon.colcon_core.package_identification[0m [1;30mLevel 1[0m _identify(src/vision_bridge) by extension 'colcon_meta'
[2.595s] [34mcolcon.colcon_core.package_identification[0m [1;30mLevel 1[0m _identify(src/vision_bridge) by extensions ['ros']
[2.595s] [34mcolcon.colcon_core.package_identification[0m [1;30mLevel 1[0m _identify(src/vision_bridge) by extension 'ros'
[2.599s] [34mcolcon.colcon_core.package_identification[0m [1;30mDEBUG[0m [32mFailed to parse potential ROS package manifest in'src/vision_bridge': Error(s) in package 'src/vision_bridge/package.xml':
Invalid email "jetson@nospam" for person "Jetson Team"[0m
[2.600s] [34mcolcon.colcon_core.package_identification[0m [1;30mLevel 1[0m _identify(src/vision_bridge) by extensions ['cmake', 'python']
[2.600s] [34mcolcon.colcon_core.package_identification[0m [1;30mLevel 1[0m _identify(src/vision_bridge) by extension 'cmake'
[2.600s] [34mcolcon.colcon_core.package_identification[0m [1;30mLevel 1[0m _identify(src/vision_bridge) by extension 'python'
[2.601s] [34mcolcon.colcon_core.package_identification[0m [1;30mDEBUG[0m [32mPython package in 'src/vision_bridge' passes arguments to the setup() function which requires a different identification extension than 'python'[0m
[2.602s] [34mcolcon.colcon_core.package_identification[0m [1;30mLevel 1[0m _identify(src/vision_bridge) by extensions ['python_setup_py']
[2.602s] [34mcolcon.colcon_core.package_identification[0m [1;30mLevel 1[0m _identify(src/vision_bridge) by extension 'python_setup_py'
[3.974s] [34mcolcon.colcon_core.package_identification[0m [1;30mDEBUG[0m [32mPackage 'src/vision_bridge' with type 'python' and name 'vision_bridge'[0m
[3.975s] [34mcolcon.colcon_core.package_identification[0m [1;30mLevel 1[0m _identify(vision_bdg) by extensions ['ignore', 'ignore_ament_install']
[3.976s] [34mcolcon.colcon_core.package_identification[0m [1;30mLevel 1[0m _identify(vision_bdg) by extension 'ignore'
[3.977s] [34mcolcon.colcon_core.package_identification[0m [1;30mLevel 1[0m _identify(vision_bdg) by extension 'ignore_ament_install'
[3.977s] [34mcolcon.colcon_core.package_identification[0m [1;30mLevel 1[0m _identify(vision_bdg) by extensions ['colcon_pkg']
[3.977s] [34mcolcon.colcon_core.package_identification[0m [1;30mLevel 1[0m _identify(vision_bdg) by extension 'colcon_pkg'
[3.977s] [34mcolcon.colcon_core.package_identification[0m [1;30mLevel 1[0m _identify(vision_bdg) by extensions ['colcon_meta']
[3.978s] [34mcolcon.colcon_core.package_identification[0m [1;30mLevel 1[0m _identify(vision_bdg) by extension 'colcon_meta'
[3.978s] [34mcolcon.colcon_core.package_identification[0m [1;30mLevel 1[0m _identify(vision_bdg) by extensions ['ros']
[3.978s] [34mcolcon.colcon_core.package_identification[0m [1;30mLevel 1[0m _identify(vision_bdg) by extension 'ros'
[3.982s] [34mcolcon.colcon_core.package_identification[0m [1;30mDEBUG[0m [32mPackage 'vision_bdg' with type 'ros.ament_python' and name 'vision_bdg'[0m
[3.982s] [34mcolcon.colcon_core.package_discovery[0m [1;30mLevel 1[0m discover_packages(recursive) using defaults
[3.983s] [34mcolcon.colcon_core.package_discovery[0m [1;30mLevel 1[0m discover_packages(ignore) discover
[3.983s] [34mcolcon.colcon_core.package_discovery[0m [1;30mLevel 1[0m discover_packages(ignore) using defaults
[3.983s] [34mcolcon.colcon_core.package_discovery[0m [1;30mLevel 1[0m discover_packages(path) discover
[3.983s] [34mcolcon.colcon_core.package_discovery[0m [1;30mLevel 1[0m discover_packages(path) using defaults
[4.091s] [34mcolcon.colcon_core.package_discovery[0m [1;30mLevel 1[0m discover_packages(prefix_path) check parameters
[4.092s] [34mcolcon.colcon_core.package_discovery[0m [1;30mLevel 1[0m discover_packages(prefix_path) discover
[4.107s] [34mcolcon.colcon_installed_package_information.package_discovery[0m [1;30mDEBUG[0m [32mFound 4 installed packages in /home/jetson/rob498_2026/capstone2026/ros2_ws/install[0m
[4.111s] [34mcolcon.colcon_installed_package_information.package_discovery[0m [1;30mDEBUG[0m [32mFound 8 installed packages in /home/jetson/rob498/Capstone/drone_ws/install[0m
[4.115s] [34mcolcon.colcon_installed_package_information.package_discovery[0m [1;30mDEBUG[0m [32mFound 1 installed packages in /home/jetson/rob498/ROB498-flight/resources/code/ros2_ws/install[0m
[4.121s] [34mcolcon.colcon_installed_package_information.package_discovery[0m [1;30mDEBUG[0m [32mFound 199 installed packages in /opt/ros/foxy[0m
[4.128s] [34mcolcon.colcon_core.package_discovery[0m [1;30mLevel 1[0m discover_packages(prefix_path) using defaults
[4.486s] [34mcolcon.colcon_core.verb[0m [1;30mLevel 5[0m set package 'flight2' build argument 'cmake_args' from command line to 'None'
[4.486s] [34mcolcon.colcon_core.verb[0m [1;30mLevel 5[0m set package 'flight2' build argument 'cmake_target' from command line to 'None'
[4.487s] [34mcolcon.colcon_core.verb[0m [1;30mLevel 5[0m set package 'flight2' build argument 'cmake_target_skip_unavailable' from command line to 'False'
[4.487s] [34mcolcon.colcon_core.verb[0m [1;30mLevel 5[0m set package 'flight2' build argument 'cmake_clean_cache' from command line to 'False'
[4.487s] [34mcolcon.colcon_core.verb[0m [1;30mLevel 5[0m set package 'flight2' build argument 'cmake_clean_first' from command line to 'False'
[4.487s] [34mcolcon.colcon_core.verb[0m [1;30mLevel 5[0m set package 'flight2' build argument 'cmake_force_configure' from command line to 'False'
[4.487s] [34mcolcon.colcon_core.verb[0m [1;30mLevel 5[0m set package 'flight2' build argument 'ament_cmake_args' from command line to 'None'
[4.487s] [34mcolcon.colcon_core.verb[0m [1;30mLevel 5[0m set package 'flight2' build argument 'catkin_cmake_args' from command line to 'None'
[4.487s] [34mcolcon.colcon_core.verb[0m [1;30mLevel 5[0m set package 'flight2' build argument 'catkin_skip_building_tests' from command line to 'False'
[4.488s] [34mcolcon.colcon_core.verb[0m [1;30mDEBUG[0m [32mBuilding package 'flight2' with the following arguments: {'ament_cmake_args': None, 'build_base': '/home/jetson/rob498_2026/capstone2026/ros2_ws/build/flight2', 'catkin_cmake_args': None, 'catkin_skip_building_tests': False, 'cmake_args': None, 'cmake_clean_cache': False, 'cmake_clean_first': False, 'cmake_force_configure': False, 'cmake_target': None, 'cmake_target_skip_unavailable': False, 'install_base': '/home/jetson/rob498_2026/capstone2026/ros2_ws/install/flight2', 'merge_install': False, 'path': '/home/jetson/rob498_2026/capstone2026/ros2_ws/src/flight2', 'symlink_install': False, 'test_result_base': None}[0m
[4.490s] [34mcolcon.colcon_core.verb[0m [1;30mLevel 5[0m set package 'flight_2' build argument 'cmake_args' from command line to 'None'
[4.490s] [34mcolcon.colcon_core.verb[0m [1;30mLevel 5[0m set package 'flight_2' build argument 'cmake_target' from command line to 'None'
[4.490s] [34mcolcon.colcon_core.verb[0m [1;30mLevel 5[0m set package 'flight_2' build argument 'cmake_target_skip_unavailable' from command line to 'False'
[4.490s] [34mcolcon.colcon_core.verb[0m [1;30mLevel 5[0m set package 'flight_2' build argument 'cmake_clean_cache' from command line to 'False'
[4.490s] [34mcolcon.colcon_core.verb[0m [1;30mLevel 5[0m set package 'flight_2' build argument 'cmake_clean_first' from command line to 'False'
[4.491s] [34mcolcon.colcon_core.verb[0m [1;30mLevel 5[0m set package 'flight_2' build argument 'cmake_force_configure' from command line to 'False'
[4.491s] [34mcolcon.colcon_core.verb[0m [1;30mLevel 5[0m set package 'flight_2' build argument 'ament_cmake_args' from command line to 'None'
[4.491s] [34mcolcon.colcon_core.verb[0m [1;30mLevel 5[0m set package 'flight_2' build argument 'catkin_cmake_args' from command line to 'None'
[4.491s] [34mcolcon.colcon_core.verb[0m [1;30mLevel 5[0m set package 'flight_2' build argument 'catkin_skip_building_tests' from command line to 'False'
[4.491s] [34mcolcon.colcon_core.verb[0m [1;30mDEBUG[0m [32mBuilding package 'flight_2' with the following arguments: {'ament_cmake_args': None, 'build_base': '/home/jetson/rob498_2026/capstone2026/ros2_ws/build/flight_2', 'catkin_cmake_args': None, 'catkin_skip_building_tests': False, 'cmake_args': None, 'cmake_clean_cache': False, 'cmake_clean_first': False, 'cmake_force_configure': False, 'cmake_target': None, 'cmake_target_skip_unavailable': False, 'install_base': '/home/jetson/rob498_2026/capstone2026/ros2_ws/install/flight_2', 'merge_install': False, 'path': '/home/jetson/rob498_2026/capstone2026/ros2_ws/src/flight_2', 'symlink_install': False, 'test_result_base': None}[0m
[4.493s] [34mcolcon.colcon_core.verb[0m [1;30mLevel 5[0m set package 'my_package' build argument 'cmake_args' from command line to 'None'
[4.493s] [34mcolcon.colcon_core.verb[0m [1;30mLevel 5[0m set package 'my_package' build argument 'cmake_target' from command line to 'None'
[4.494s] [34mcolcon.colcon_core.verb[0m [1;30mLevel 5[0m set package 'my_package' build argument 'cmake_target_skip_unavailable' from command line to 'False'
[4.494s] [34mcolcon.colcon_core.verb[0m [1;30mLevel 5[0m set package 'my_package' build argument 'cmake_clean_cache' from command line to 'False'
[4.494s] [34mcolcon.colcon_core.verb[0m [1;30mLevel 5[0m set package 'my_package' build argument 'cmake_clean_first' from command line to 'False'
[4.494s] [34mcolcon.colcon_core.verb[0m [1;30mLevel 5[0m set package 'my_package' build argument 'cmake_force_configure' from command line to 'False'
[4.494s] [34mcolcon.colcon_core.verb[0m [1;30mLevel 5[0m set package 'my_package' build argument 'ament_cmake_args' from command line to 'None'
[4.494s] [34mcolcon.colcon_core.verb[0m [1;30mLevel 5[0m set package 'my_package' build argument 'catkin_cmake_args' from command line to 'None'
[4.494s] [34mcolcon.colcon_core.verb[0m [1;30mLevel 5[0m set package 'my_package' build argument 'catkin_skip_building_tests' from command line to 'False'
[4.495s] [34mcolcon.colcon_core.verb[0m [1;30mDEBUG[0m [32mBuilding package 'my_package' with the following arguments: {'ament_cmake_args': None, 'build_base': '/home/jetson/rob498_2026/capstone2026/ros2_ws/build/my_package', 'catkin_cmake_args': None, 'catkin_skip_building_tests': False, 'cmake_args': None, 'cmake_clean_cache': False, 'cmake_clean_first': False, 'cmake_force_configure': False, 'cmake_target': None, 'cmake_target_skip_unavailable': False, 'install_base': '/home/jetson/rob498_2026/capstone2026/ros2_ws/install/my_package', 'merge_install': False, 'path': '/home/jetson/rob498_2026/capstone2026/ros2_ws/my_package', 'symlink_install': False, 'test_result_base': None}[0m
[4.497s] [34mcolcon.colcon_core.verb[0m [1;30mLevel 5[0m set package 'px4_autonomy_modules' build argument 'cmake_args' from command line to 'None'
[4.497s] [34mcolcon.colcon_core.verb[0m [1;30mLevel 5[0m set package 'px4_autonomy_modules' build argument 'cmake_target' from command line to 'None'
[4.497s] [34mcolcon.colcon_core.verb[0m [1;30mLevel 5[0m set package 'px4_autonomy_modules' build argument 'cmake_target_skip_unavailable' from command line to 'False'
[4.497s] [34mcolcon.colcon_core.verb[0m [1;30mLevel 5[0m set package 'px4_autonomy_modules' build argument 'cmake_clean_cache' from command line to 'False'
[4.497s] [34mcolcon.colcon_core.verb[0m [1;30mLevel 5[0m set package 'px4_autonomy_modules' build argument 'cmake_clean_first' from command line to 'False'
[4.497s] [34mcolcon.colcon_core.verb[0m [1;30mLevel 5[0m set package 'px4_autonomy_modules' build argument 'cmake_force_configure' from command line to 'False'
[4.498s] [34mcolcon.colcon_core.verb[0m [1;30mLevel 5[0m set package 'px4_autonomy_modules' build argument 'ament_cmake_args' from command line to 'None'
[4.498s] [34mcolcon.colcon_core.verb[0m [1;30mLevel 5[0m set package 'px4_autonomy_modules' build argument 'catkin_cmake_args' from command line to 'None'
[4.498s] [34mcolcon.colcon_core.verb[0m [1;30mLevel 5[0m set package 'px4_autonomy_modules' build argument 'catkin_skip_building_tests' from command line to 'False'
[4.498s] [34mcolcon.colcon_core.verb[0m [1;30mDEBUG[0m [32mBuilding package 'px4_autonomy_modules' with the following arguments: {'ament_cmake_args': None, 'build_base': '/home/jetson/rob498_2026/capstone2026/ros2_ws/build/px4_autonomy_modules', 'catkin_cmake_args': None, 'catkin_skip_building_tests': False, 'cmake_args': None, 'cmake_clean_cache': False, 'cmake_clean_first': False, 'cmake_force_configure': False, 'cmake_target': None, 'cmake_target_skip_unavailable': False, 'install_base': '/home/jetson/rob498_2026/capstone2026/ros2_ws/install/px4_autonomy_modules', 'merge_install': False, 'path': '/home/jetson/rob498_2026/capstone2026/ros2_ws/src/px4_autonomy_modules', 'symlink_install': False, 'test_result_base': None}[0m
[4.500s] [34mcolcon.colcon_core.verb[0m [1;30mLevel 5[0m set package 'vision_bdg' build argument 'cmake_args' from command line to 'None'
[4.500s] [34mcolcon.colcon_core.verb[0m [1;30mLevel 5[0m set package 'vision_bdg' build argument 'cmake_target' from command line to 'None'
[4.500s] [34mcolcon.colcon_core.verb[0m [1;30mLevel 5[0m set package 'vision_bdg' build argument 'cmake_target_skip_unavailable' from command line to 'False'
[4.500s] [34mcolcon.colcon_core.verb[0m [1;30mLevel 5[0m set package 'vision_bdg' build argument 'cmake_clean_cache' from command line to 'False'
[4.500s] [34mcolcon.colcon_core.verb[0m [1;30mLevel 5[0m set package 'vision_bdg' build argument 'cmake_clean_first' from command line to 'False'
[4.501s] [34mcolcon.colcon_core.verb[0m [1;30mLevel 5[0m set package 'vision_bdg' build argument 'cmake_force_configure' from command line to 'False'
[4.501s] [34mcolcon.colcon_core.verb[0m [1;30mLevel 5[0m set package 'vision_bdg' build argument 'ament_cmake_args' from command line to 'None'
[4.501s] [34mcolcon.colcon_core.verb[0m [1;30mLevel 5[0m set package 'vision_bdg' build argument 'catkin_cmake_args' from command line to 'None'
[4.501s] [34mcolcon.colcon_core.verb[0m [1;30mLevel 5[0m set package 'vision_bdg' build argument 'catkin_skip_building_tests' from command line to 'False'
[4.501s] [34mcolcon.colcon_core.verb[0m [1;30mDEBUG[0m [32mBuilding package 'vision_bdg' with the following arguments: {'ament_cmake_args': None, 'build_base': '/home/jetson/rob498_2026/capstone2026/ros2_ws/build/vision_bdg', 'catkin_cmake_args': None, 'catkin_skip_building_tests': False, 'cmake_args': None, 'cmake_clean_cache': False, 'cmake_clean_first': False, 'cmake_force_configure': False, 'cmake_target': None, 'cmake_target_skip_unavailable': False, 'install_base': '/home/jetson/rob498_2026/capstone2026/ros2_ws/install/vision_bdg', 'merge_install': False, 'path': '/home/jetson/rob498_2026/capstone2026/ros2_ws/vision_bdg', 'symlink_install': False, 'test_result_base': None}[0m
[4.503s] [34mcolcon.colcon_core.verb[0m [1;30mLevel 5[0m set package 'vision_bridge' build argument 'cmake_args' from command line to 'None'
[4.503s] [34mcolcon.colcon_core.verb[0m [1;30mLevel 5[0m set package 'vision_bridge' build argument 'cmake_target' from command line to 'None'
[4.504s] [34mcolcon.colcon_core.verb[0m [1;30mLevel 5[0m set package 'vision_bridge' build argument 'cmake_target_skip_unavailable' from command line to 'False'
[4.504s] [34mcolcon.colcon_core.verb[0m [1;30mLevel 5[0m set package 'vision_bridge' build argument 'cmake_clean_cache' from command line to 'False'
[4.504s] [34mcolcon.colcon_core.verb[0m [1;30mLevel 5[0m set package 'vision_bridge' build argument 'cmake_clean_first' from command line to 'False'
[4.504s] [34mcolcon.colcon_core.verb[0m [1;30mLevel 5[0m set package 'vision_bridge' build argument 'cmake_force_configure' from command line to 'False'
[4.504s] [34mcolcon.colcon_core.verb[0m [1;30mLevel 5[0m set package 'vision_bridge' build argument 'ament_cmake_args' from command line to 'None'
[4.504s] [34mcolcon.colcon_core.verb[0m [1;30mLevel 5[0m set package 'vision_bridge' build argument 'catkin_cmake_args' from command line to 'None'
[4.504s] [34mcolcon.colcon_core.verb[0m [1;30mLevel 5[0m set package 'vision_bridge' build argument 'catkin_skip_building_tests' from command line to 'False'
[4.505s] [34mcolcon.colcon_core.verb[0m [1;30mDEBUG[0m [32mBuilding package 'vision_bridge' with the following arguments: {'ament_cmake_args': None, 'build_base': '/home/jetson/rob498_2026/capstone2026/ros2_ws/build/vision_bridge', 'catkin_cmake_args': None, 'catkin_skip_building_tests': False, 'cmake_args': None, 'cmake_clean_cache': False, 'cmake_clean_first': False, 'cmake_force_configure': False, 'cmake_target': None, 'cmake_target_skip_unavailable': False, 'install_base': '/home/jetson/rob498_2026/capstone2026/ros2_ws/install/vision_bridge', 'merge_install': False, 'path': '/home/jetson/rob498_2026/capstone2026/ros2_ws/src/vision_bridge', 'symlink_install': False, 'test_result_base': None}[0m
[4.505s] [34mcolcon.colcon_core.executor[0m [1;30mINFO[0m Executing jobs using 'parallel' executor
[4.510s] [34mcolcon.colcon_parallel_executor.executor.parallel[0m [1;30mDEBUG[0m [32mrun_until_complete[0m
[4.512s] [34mcolcon.colcon_ros.task.ament_python.build[0m [1;30mINFO[0m Building ROS package in '/home/jetson/rob498_2026/capstone2026/ros2_ws/src/flight2' with build type 'ament_python'
[4.513s] [34mcolcon.colcon_core.shell[0m [1;30mLevel 1[0m create_environment_hook('flight2', 'ament_prefix_path')
[4.531s] [34mcolcon.colcon_core.plugin_system[0m [1;30mINFO[0m Skipping extension 'colcon_core.shell.bat': Not used on non-Windows systems
[4.532s] [34mcolcon.colcon_core.shell[0m [1;30mINFO[0m Creating environment hook '/home/jetson/rob498_2026/capstone2026/ros2_ws/install/flight2/share/flight2/hook/ament_prefix_path.ps1'
[4.536s] [34mcolcon.colcon_core.shell[0m [1;30mINFO[0m Creating environment descriptor '/home/jetson/rob498_2026/capstone2026/ros2_ws/install/flight2/share/flight2/hook/ament_prefix_path.dsv'
[4.539s] [34mcolcon.colcon_core.shell[0m [1;30mINFO[0m Creating environment hook '/home/jetson/rob498_2026/capstone2026/ros2_ws/install/flight2/share/flight2/hook/ament_prefix_path.sh'
[4.544s] [34mcolcon.colcon_core.shell[0m [1;30mINFO[0m Skip shell extension 'powershell' for command environment: Not usable outside of PowerShell
[4.545s] [34mcolcon.colcon_core.shell[0m [1;30mDEBUG[0m [32mSkip shell extension 'dsv' for command environment[0m
[4.573s] [34mcolcon.colcon_ros.task.ament_python.build[0m [1;30mINFO[0m Building ROS package in '/home/jetson/rob498_2026/capstone2026/ros2_ws/src/flight_2' with build type 'ament_python'
[4.575s] [34mcolcon.colcon_core.shell[0m [1;30mLevel 1[0m create_environment_hook('flight_2', 'ament_prefix_path')
[4.577s] [34mcolcon.colcon_core.shell[0m [1;30mINFO[0m Creating environment hook '/home/jetson/rob498_2026/capstone2026/ros2_ws/install/flight_2/share/flight_2/hook/ament_prefix_path.ps1'
[4.581s] [34mcolcon.colcon_core.shell[0m [1;30mINFO[0m Creating environment descriptor '/home/jetson/rob498_2026/capstone2026/ros2_ws/install/flight_2/share/flight_2/hook/ament_prefix_path.dsv'
[4.583s] [34mcolcon.colcon_core.shell[0m [1;30mINFO[0m Creating environment hook '/home/jetson/rob498_2026/capstone2026/ros2_ws/install/flight_2/share/flight_2/hook/ament_prefix_path.sh'
[4.586s] [34mcolcon.colcon_core.shell[0m [1;30mINFO[0m Skip shell extension 'powershell' for command environment: Not usable outside of PowerShell
[4.586s] [34mcolcon.colcon_core.shell[0m [1;30mDEBUG[0m [32mSkip shell extension 'dsv' for command environment[0m
[4.612s] [34mcolcon.colcon_ros.task.ament_python.build[0m [1;30mINFO[0m Building ROS package in '/home/jetson/rob498_2026/capstone2026/ros2_ws/my_package' with build type 'ament_python'
[4.614s] [34mcolcon.colcon_core.shell[0m [1;30mLevel 1[0m create_environment_hook('my_package', 'ament_prefix_path')
[4.616s] [34mcolcon.colcon_core.shell[0m [1;30mINFO[0m Creating environment hook '/home/jetson/rob498_2026/capstone2026/ros2_ws/install/my_package/share/my_package/hook/ament_prefix_path.ps1'
[4.621s] [34mcolcon.colcon_core.shell[0m [1;30mINFO[0m Creating environment descriptor '/home/jetson/rob498_2026/capstone2026/ros2_ws/install/my_package/share/my_package/hook/ament_prefix_path.dsv'
[4.623s] [34mcolcon.colcon_core.shell[0m [1;30mINFO[0m Creating environment hook '/home/jetson/rob498_2026/capstone2026/ros2_ws/install/my_package/share/my_package/hook/ament_prefix_path.sh'
[4.625s] [34mcolcon.colcon_core.shell[0m [1;30mINFO[0m Skip shell extension 'powershell' for command environment: Not usable outside of PowerShell
[4.626s] [34mcolcon.colcon_core.shell[0m [1;30mDEBUG[0m [32mSkip shell extension 'dsv' for command environment[0m
[4.656s] [34mcolcon.colcon_ros.task.ament_cmake.build[0m [1;30mINFO[0m Building ROS package in '/home/jetson/rob498_2026/capstone2026/ros2_ws/src/px4_autonomy_modules' with build type 'ament_cmake'
[4.657s] [34mcolcon.colcon_cmake.task.cmake.build[0m [1;30mINFO[0m Building CMake package in '/home/jetson/rob498_2026/capstone2026/ros2_ws/src/px4_autonomy_modules'
[4.659s] [34mcolcon.colcon_core.shell[0m [1;30mINFO[0m Skip shell extension 'powershell' for command environment: Not usable outside of PowerShell
[4.660s] [34mcolcon.colcon_core.shell[0m [1;30mDEBUG[0m [32mSkip shell extension 'dsv' for command environment[0m
[6.228s] [34mcolcon.colcon_core.task.python.build[0m [1;30mINFO[0m Building Python package in '/home/jetson/rob498_2026/capstone2026/ros2_ws/src/flight2'
[6.230s] [34mcolcon.colcon_core.shell[0m [1;30mINFO[0m Skip shell extension 'powershell' for command environment: Not usable outside of PowerShell
[6.231s] [34mcolcon.colcon_core.shell[0m [1;30mDEBUG[0m [32mSkip shell extension 'dsv' for command environment[0m
[7.747s] [34mcolcon.colcon_core.task.python.build[0m [1;30mINFO[0m Building Python package in '/home/jetson/rob498_2026/capstone2026/ros2_ws/src/flight_2'
[7.749s] [34mcolcon.colcon_core.shell[0m [1;30mINFO[0m Skip shell extension 'powershell' for command environment: Not usable outside of PowerShell
[7.749s] [34mcolcon.colcon_core.shell[0m [1;30mDEBUG[0m [32mSkip shell extension 'dsv' for command environment[0m
[9.184s] [34mcolcon.colcon_core.task.python.build[0m [1;30mINFO[0m Building Python package in '/home/jetson/rob498_2026/capstone2026/ros2_ws/my_package'
[9.186s] [34mcolcon.colcon_core.shell[0m [1;30mINFO[0m Skip shell extension 'powershell' for command environment: Not usable outside of PowerShell
[9.187s] [34mcolcon.colcon_core.shell[0m [1;30mDEBUG[0m [32mSkip shell extension 'dsv' for command environment[0m
[9.230s] [34mcolcon.colcon_core.event_handler.log_command[0m [1;30mDEBUG[0m [32mInvoking command in '/home/jetson/rob498_2026/capstone2026/ros2_ws/build/px4_autonomy_modules': CMAKE_PREFIX_PATH=${CMAKE_PREFIX_PATH}:/home/jetson/rob498_2026/capstone2026/ros2_ws/install/flight_2:/home/jetson/rob498_2026/capstone2026/ros2_ws/install/flight2:/opt/ros/foxy:/home/jetson/rob498/Capstone/drone_ws/install/visual_servoing:/home/jetson/rob498/Capstone/drone_ws/install/vicon:/home/jetson/rob498/Capstone/drone_ws/install/test_pkg:/home/jetson/rob498/Capstone/drone_ws/install/offboard_control:/home/jetson/rob498/Capstone/drone_ws/install/cv_basics /usr/bin/cmake --build /home/jetson/rob498_2026/capstone2026/ros2_ws/build/px4_autonomy_modules -- -j4 -l4[0m
[10.176s] [34mcolcon.colcon_core.event_handler.log_command[0m [1;30mDEBUG[0m [32mInvoked command in '/home/jetson/rob498_2026/capstone2026/ros2_ws/build/px4_autonomy_modules' returned '0': CMAKE_PREFIX_PATH=${CMAKE_PREFIX_PATH}:/home/jetson/rob498_2026/capstone2026/ros2_ws/install/flight_2:/home/jetson/rob498_2026/capstone2026/ros2_ws/install/flight2:/opt/ros/foxy:/home/jetson/rob498/Capstone/drone_ws/install/visual_servoing:/home/jetson/rob498/Capstone/drone_ws/install/vicon:/home/jetson/rob498/Capstone/drone_ws/install/test_pkg:/home/jetson/rob498/Capstone/drone_ws/install/offboard_control:/home/jetson/rob498/Capstone/drone_ws/install/cv_basics /usr/bin/cmake --build /home/jetson/rob498_2026/capstone2026/ros2_ws/build/px4_autonomy_modules -- -j4 -l4[0m
[10.276s] [34mcolcon.colcon_core.event_handler.log_command[0m [1;30mDEBUG[0m [32mInvoking command in '/home/jetson/rob498_2026/capstone2026/ros2_ws/build/px4_autonomy_modules': CMAKE_PREFIX_PATH=${CMAKE_PREFIX_PATH}:/home/jetson/rob498_2026/capstone2026/ros2_ws/install/flight_2:/home/jetson/rob498_2026/capstone2026/ros2_ws/install/flight2:/opt/ros/foxy:/home/jetson/rob498/Capstone/drone_ws/install/visual_servoing:/home/jetson/rob498/Capstone/drone_ws/install/vicon:/home/jetson/rob498/Capstone/drone_ws/install/test_pkg:/home/jetson/rob498/Capstone/drone_ws/install/offboard_control:/home/jetson/rob498/Capstone/drone_ws/install/cv_basics /usr/bin/cmake --install /home/jetson/rob498_2026/capstone2026/ros2_ws/build/px4_autonomy_modules[0m
[10.521s] [34mcolcon.colcon_core.environment[0m [1;30mLevel 1[0m create_environment_scripts_only(px4_autonomy_modules)
[10.526s] [34mcolcon.colcon_core.event_handler.log_command[0m [1;30mDEBUG[0m [32mInvoked command in '/home/jetson/rob498_2026/capstone2026/ros2_ws/build/px4_autonomy_modules' returned '0': CMAKE_PREFIX_PATH=${CMAKE_PREFIX_PATH}:/home/jetson/rob498_2026/capstone2026/ros2_ws/install/flight_2:/home/jetson/rob498_2026/capstone2026/ros2_ws/install/flight2:/opt/ros/foxy:/home/jetson/rob498/Capstone/drone_ws/install/visual_servoing:/home/jetson/rob498/Capstone/drone_ws/install/vicon:/home/jetson/rob498/Capstone/drone_ws/install/test_pkg:/home/jetson/rob498/Capstone/drone_ws/install/offboard_control:/home/jetson/rob498/Capstone/drone_ws/install/cv_basics /usr/bin/cmake --install /home/jetson/rob498_2026/capstone2026/ros2_ws/build/px4_autonomy_modules[0m
[10.552s] [34mcolcon.colcon_core.environment[0m [1;30mLevel 1[0m checking '/home/jetson/rob498_2026/capstone2026/ros2_ws/install/px4_autonomy_modules' for CMake module files
[10.557s] [34mcolcon.colcon_core.environment[0m [1;30mLevel 1[0m checking '/home/jetson/rob498_2026/capstone2026/ros2_ws/install/px4_autonomy_modules' for CMake config files
[10.559s] [34mcolcon.colcon_core.shell[0m [1;30mLevel 1[0m create_environment_hook('px4_autonomy_modules', 'cmake_prefix_path')
[10.560s] [34mcolcon.colcon_core.shell[0m [1;30mINFO[0m Creating environment hook '/home/jetson/rob498_2026/capstone2026/ros2_ws/install/px4_autonomy_modules/share/px4_autonomy_modules/hook/cmake_prefix_path.ps1'
[10.564s] [34mcolcon.colcon_core.shell[0m [1;30mINFO[0m Creating environment descriptor '/home/jetson/rob498_2026/capstone2026/ros2_ws/install/px4_autonomy_modules/share/px4_autonomy_modules/hook/cmake_prefix_path.dsv'
[10.568s] [34mcolcon.colcon_core.shell[0m [1;30mINFO[0m Creating environment hook '/home/jetson/rob498_2026/capstone2026/ros2_ws/install/px4_autonomy_modules/share/px4_autonomy_modules/hook/cmake_prefix_path.sh'
[10.572s] [34mcolcon.colcon_core.environment[0m [1;30mLevel 1[0m checking '/home/jetson/rob498_2026/capstone2026/ros2_ws/install/px4_autonomy_modules/bin'
[10.573s] [34mcolcon.colcon_core.environment[0m [1;30mLevel 1[0m checking '/home/jetson/rob498_2026/capstone2026/ros2_ws/install/px4_autonomy_modules/lib/pkgconfig/px4_autonomy_modules.pc'
[10.575s] [34mcolcon.colcon_core.environment[0m [1;30mLevel 1[0m checking '/home/jetson/rob498_2026/capstone2026/ros2_ws/install/px4_autonomy_modules/lib/python3.8/site-packages'
[10.576s] [34mcolcon.colcon_core.environment[0m [1;30mLevel 1[0m checking '/home/jetson/rob498_2026/capstone2026/ros2_ws/install/px4_autonomy_modules/bin'
[10.578s] [34mcolcon.colcon_core.shell[0m [1;30mINFO[0m Creating package script '/home/jetson/rob498_2026/capstone2026/ros2_ws/install/px4_autonomy_modules/share/px4_autonomy_modules/package.ps1'
[10.586s] [34mcolcon.colcon_core.shell[0m [1;30mINFO[0m Creating package descriptor '/home/jetson/rob498_2026/capstone2026/ros2_ws/install/px4_autonomy_modules/share/px4_autonomy_modules/package.dsv'
[10.591s] [34mcolcon.colcon_core.shell[0m [1;30mINFO[0m Creating package script '/home/jetson/rob498_2026/capstone2026/ros2_ws/install/px4_autonomy_modules/share/px4_autonomy_modules/package.sh'
[10.598s] [34mcolcon.colcon_core.shell[0m [1;30mINFO[0m Creating package script '/home/jetson/rob498_2026/capstone2026/ros2_ws/install/px4_autonomy_modules/share/px4_autonomy_modules/package.bash'
[10.605s] [34mcolcon.colcon_core.shell[0m [1;30mINFO[0m Creating package script '/home/jetson/rob498_2026/capstone2026/ros2_ws/install/px4_autonomy_modules/share/px4_autonomy_modules/package.zsh'
[10.615s] [34mcolcon.colcon_core.environment[0m [1;30mLevel 1[0m create_file_with_runtime_dependencies(/home/jetson/rob498_2026/capstone2026/ros2_ws/install/px4_autonomy_modules/share/colcon-core/packages/px4_autonomy_modules)
[10.618s] [34mcolcon.colcon_core.environment[0m [1;30mLevel 1[0m create_environment_scripts_only(px4_autonomy_modules)
[10.620s] [34mcolcon.colcon_core.environment[0m [1;30mLevel 1[0m checking '/home/jetson/rob498_2026/capstone2026/ros2_ws/install/px4_autonomy_modules' for CMake module files
[10.623s] [34mcolcon.colcon_core.environment[0m [1;30mLevel 1[0m checking '/home/jetson/rob498_2026/capstone2026/ros2_ws/install/px4_autonomy_modules' for CMake config files
[10.625s] [34mcolcon.colcon_core.shell[0m [1;30mLevel 1[0m create_environment_hook('px4_autonomy_modules', 'cmake_prefix_path')
[10.626s] [34mcolcon.colcon_core.shell[0m [1;30mINFO[0m Creating environment hook '/home/jetson/rob498_2026/capstone2026/ros2_ws/install/px4_autonomy_modules/share/px4_autonomy_modules/hook/cmake_prefix_path.ps1'
[10.629s] [34mcolcon.colcon_core.shell[0m [1;30mINFO[0m Creating environment descriptor '/home/jetson/rob498_2026/capstone2026/ros2_ws/install/px4_autonomy_modules/share/px4_autonomy_modules/hook/cmake_prefix_path.dsv'
[10.633s] [34mcolcon.colcon_core.shell[0m [1;30mINFO[0m Creating environment hook '/home/jetson/rob498_2026/capstone2026/ros2_ws/install/px4_autonomy_modules/share/px4_autonomy_modules/hook/cmake_prefix_path.sh'
[10.636s] [34mcolcon.colcon_core.environment[0m [1;30mLevel 1[0m checking '/home/jetson/rob498_2026/capstone2026/ros2_ws/install/px4_autonomy_modules/bin'
[10.637s] [34mcolcon.colcon_core.environment[0m [1;30mLevel 1[0m checking '/home/jetson/rob498_2026/capstone2026/ros2_ws/install/px4_autonomy_modules/lib/pkgconfig/px4_autonomy_modules.pc'
[10.639s] [34mcolcon.colcon_core.environment[0m [1;30mLevel 1[0m checking '/home/jetson/rob498_2026/capstone2026/ros2_ws/install/px4_autonomy_modules/lib/python3.8/site-packages'
[10.640s] [34mcolcon.colcon_core.environment[0m [1;30mLevel 1[0m checking '/home/jetson/rob498_2026/capstone2026/ros2_ws/install/px4_autonomy_modules/bin'
[10.642s] [34mcolcon.colcon_core.shell[0m [1;30mINFO[0m Creating package script '/home/jetson/rob498_2026/capstone2026/ros2_ws/install/px4_autonomy_modules/share/px4_autonomy_modules/package.ps1'
[10.645s] [34mcolcon.colcon_core.shell[0m [1;30mINFO[0m Creating package descriptor '/home/jetson/rob498_2026/capstone2026/ros2_ws/install/px4_autonomy_modules/share/px4_autonomy_modules/package.dsv'
[10.649s] [34mcolcon.colcon_core.shell[0m [1;30mINFO[0m Creating package script '/home/jetson/rob498_2026/capstone2026/ros2_ws/install/px4_autonomy_modules/share/px4_autonomy_modules/package.sh'
[10.652s] [34mcolcon.colcon_core.shell[0m [1;30mINFO[0m Creating package script '/home/jetson/rob498_2026/capstone2026/ros2_ws/install/px4_autonomy_modules/share/px4_autonomy_modules/package.bash'
[10.655s] [34mcolcon.colcon_core.shell[0m [1;30mINFO[0m Creating package script '/home/jetson/rob498_2026/capstone2026/ros2_ws/install/px4_autonomy_modules/share/px4_autonomy_modules/package.zsh'
[10.658s] [34mcolcon.colcon_core.environment[0m [1;30mLevel 1[0m create_file_with_runtime_dependencies(/home/jetson/rob498_2026/capstone2026/ros2_ws/install/px4_autonomy_modules/share/colcon-core/packages/px4_autonomy_modules)
[10.662s] [34mcolcon.colcon_ros.task.ament_python.build[0m [1;30mINFO[0m Building ROS package in '/home/jetson/rob498_2026/capstone2026/ros2_ws/vision_bdg' with build type 'ament_python'
[10.667s] [34mcolcon.colcon_core.shell[0m [1;30mLevel 1[0m create_environment_hook('vision_bdg', 'ament_prefix_path')
[10.669s] [34mcolcon.colcon_core.shell[0m [1;30mINFO[0m Creating environment hook '/home/jetson/rob498_2026/capstone2026/ros2_ws/install/vision_bdg/share/vision_bdg/hook/ament_prefix_path.ps1'
[10.683s] [34mcolcon.colcon_core.shell[0m [1;30mINFO[0m Creating environment descriptor '/home/jetson/rob498_2026/capstone2026/ros2_ws/install/vision_bdg/share/vision_bdg/hook/ament_prefix_path.dsv'
[10.686s] [34mcolcon.colcon_core.shell[0m [1;30mINFO[0m Creating environment hook '/home/jetson/rob498_2026/capstone2026/ros2_ws/install/vision_bdg/share/vision_bdg/hook/ament_prefix_path.sh'
[10.691s] [34mcolcon.colcon_core.shell[0m [1;30mINFO[0m Skip shell extension 'powershell' for command environment: Not usable outside of PowerShell
[10.692s] [34mcolcon.colcon_core.shell[0m [1;30mDEBUG[0m [32mSkip shell extension 'dsv' for command environment[0m
[13.119s] [34mcolcon.colcon_core.task.python.build[0m [1;30mINFO[0m Building Python package in '/home/jetson/rob498_2026/capstone2026/ros2_ws/vision_bdg'
[13.121s] [34mcolcon.colcon_core.shell[0m [1;30mINFO[0m Skip shell extension 'powershell' for command environment: Not usable outside of PowerShell
[13.122s] [34mcolcon.colcon_core.shell[0m [1;30mDEBUG[0m [32mSkip shell extension 'dsv' for command environment[0m
[13.177s] [34mcolcon.colcon_core.event_handler.log_command[0m [1;30mDEBUG[0m [32mInvoking command in '/home/jetson/rob498_2026/capstone2026/ros2_ws/my_package': PYTHONPATH=/home/jetson/rob498_2026/capstone2026/ros2_ws/build/my_package/prefix_override:/usr/lib/python3/dist-packages/colcon_core/task/python/colcon_distutils_commands:/home/jetson/rob498_2026/capstone2026/ros2_ws/install/my_package/lib/python3.8/site-packages:${PYTHONPATH} /usr/bin/python3 -W ignore:setup.py install is deprecated -W ignore:easy_install command is deprecated setup.py egg_info --egg-base ../build/my_package build --build-base /home/jetson/rob498_2026/capstone2026/ros2_ws/build/my_package/build install --record /home/jetson/rob498_2026/capstone2026/ros2_ws/build/my_package/install.log --install-scripts $base/lib/my_package --single-version-externally-managed install_data[0m
[13.190s] [34mcolcon.colcon_core.event_handler.log_command[0m [1;30mDEBUG[0m [32mInvoking command in '/home/jetson/rob498_2026/capstone2026/ros2_ws/src/flight_2': PYTHONPATH=/home/jetson/rob498_2026/capstone2026/ros2_ws/build/flight_2/prefix_override:/usr/lib/python3/dist-packages/colcon_core/task/python/colcon_distutils_commands:/home/jetson/rob498_2026/capstone2026/ros2_ws/install/flight_2/lib/python3.8/site-packages:${PYTHONPATH} /usr/bin/python3 -W ignore:setup.py install is deprecated -W ignore:easy_install command is deprecated setup.py egg_info --egg-base ../../build/flight_2 build --build-base /home/jetson/rob498_2026/capstone2026/ros2_ws/build/flight_2/build install --record /home/jetson/rob498_2026/capstone2026/ros2_ws/build/flight_2/install.log --single-version-externally-managed install_data[0m
[13.214s] [34mcolcon.colcon_core.event_handler.log_command[0m [1;30mDEBUG[0m [32mInvoking command in '/home/jetson/rob498_2026/capstone2026/ros2_ws/src/flight2': PYTHONPATH=/home/jetson/rob498_2026/capstone2026/ros2_ws/build/flight2/prefix_override:/usr/lib/python3/dist-packages/colcon_core/task/python/colcon_distutils_commands:/home/jetson/rob498_2026/capstone2026/ros2_ws/install/flight2/lib/python3.8/site-packages:${PYTHONPATH} /usr/bin/python3 -W ignore:setup.py install is deprecated -W ignore:easy_install command is deprecated setup.py egg_info --egg-base ../../build/flight2 build --build-base /home/jetson/rob498_2026/capstone2026/ros2_ws/build/flight2/build install --record /home/jetson/rob498_2026/capstone2026/ros2_ws/build/flight2/install.log --single-version-externally-managed install_data[0m
[16.813s] [34mcolcon.colcon_core.environment[0m [1;30mLevel 1[0m checking '/home/jetson/rob498_2026/capstone2026/ros2_ws/install/flight2' for CMake module files
[16.815s] [34mcolcon.colcon_core.event_handler.log_command[0m [1;30mDEBUG[0m [32mInvoked command in '/home/jetson/rob498_2026/capstone2026/ros2_ws/src/flight2' returned '0': PYTHONPATH=/home/jetson/rob498_2026/capstone2026/ros2_ws/build/flight2/prefix_override:/usr/lib/python3/dist-packages/colcon_core/task/python/colcon_distutils_commands:/home/jetson/rob498_2026/capstone2026/ros2_ws/install/flight2/lib/python3.8/site-packages:${PYTHONPATH} /usr/bin/python3 -W ignore:setup.py install is deprecated -W ignore:easy_install command is deprecated setup.py egg_info --egg-base ../../build/flight2 build --build-base /home/jetson/rob498_2026/capstone2026/ros2_ws/build/flight2/build install --record /home/jetson/rob498_2026/capstone2026/ros2_ws/build/flight2/install.log --single-version-externally-managed install_data[0m
[16.820s] [34mcolcon.colcon_core.environment[0m [1;30mLevel 1[0m checking '/home/jetson/rob498_2026/capstone2026/ros2_ws/install/flight2' for CMake config files
[16.823s] [34mcolcon.colcon_core.environment[0m [1;30mLevel 1[0m checking '/home/jetson/rob498_2026/capstone2026/ros2_ws/install/flight2/lib'
[16.824s] [34mcolcon.colcon_core.environment[0m [1;30mLevel 1[0m checking '/home/jetson/rob498_2026/capstone2026/ros2_ws/install/flight2/bin'
[16.825s] [34mcolcon.colcon_core.environment[0m [1;30mLevel 1[0m checking '/home/jetson/rob498_2026/capstone2026/ros2_ws/install/flight2/lib/pkgconfig/flight2.pc'
[16.836s] [34mcolcon.colcon_core.environment[0m [1;30mLevel 1[0m checking '/home/jetson/rob498_2026/capstone2026/ros2_ws/install/flight2/lib/python3.8/site-packages'
[16.837s] [34mcolcon.colcon_core.shell[0m [1;30mLevel 1[0m create_environment_hook('flight2', 'pythonpath')
[16.839s] [34mcolcon.colcon_core.shell[0m [1;30mINFO[0m Creating environment hook '/home/jetson/rob498_2026/capstone2026/ros2_ws/install/flight2/share/flight2/hook/pythonpath.ps1'
[16.849s] [34mcolcon.colcon_core.shell[0m [1;30mINFO[0m Creating environment descriptor '/home/jetson/rob498_2026/capstone2026/ros2_ws/install/flight2/share/flight2/hook/pythonpath.dsv'
[16.857s] [34mcolcon.colcon_core.shell[0m [1;30mINFO[0m Creating environment hook '/home/jetson/rob498_2026/capstone2026/ros2_ws/install/flight2/share/flight2/hook/pythonpath.sh'
[16.861s] [34mcolcon.colcon_core.environment[0m [1;30mLevel 1[0m checking '/home/jetson/rob498_2026/capstone2026/ros2_ws/install/flight2/bin'
[16.863s] [34mcolcon.colcon_core.environment[0m [1;30mLevel 1[0m create_environment_scripts_only(flight2)
[16.866s] [34mcolcon.colcon_core.shell[0m [1;30mINFO[0m Creating package script '/home/jetson/rob498_2026/capstone2026/ros2_ws/install/flight2/share/flight2/package.ps1'
[16.871s] [34mcolcon.colcon_core.shell[0m [1;30mINFO[0m Creating package descriptor '/home/jetson/rob498_2026/capstone2026/ros2_ws/install/flight2/share/flight2/package.dsv'
[16.874s] [34mcolcon.colcon_core.shell[0m [1;30mINFO[0m Creating package script '/home/jetson/rob498_2026/capstone2026/ros2_ws/install/flight2/share/flight2/package.sh'
[16.881s] [34mcolcon.colcon_core.shell[0m [1;30mINFO[0m Creating package script '/home/jetson/rob498_2026/capstone2026/ros2_ws/install/flight2/share/flight2/package.bash'
[16.885s] [34mcolcon.colcon_core.shell[0m [1;30mINFO[0m Creating package script '/home/jetson/rob498_2026/capstone2026/ros2_ws/install/flight2/share/flight2/package.zsh'
[16.889s] [34mcolcon.colcon_core.environment[0m [1;30mLevel 1[0m create_file_with_runtime_dependencies(/home/jetson/rob498_2026/capstone2026/ros2_ws/install/flight2/share/colcon-core/packages/flight2)
[16.895s] [34mcolcon.colcon_core.task.python.build[0m [1;30mINFO[0m Building Python package in '/home/jetson/rob498_2026/capstone2026/ros2_ws/src/vision_bridge'
[16.899s] [34mcolcon.colcon_core.shell[0m [1;30mINFO[0m Skip shell extension 'powershell' for command environment: Not usable outside of PowerShell
[16.899s] [34mcolcon.colcon_core.shell[0m [1;30mDEBUG[0m [32mSkip shell extension 'dsv' for command environment[0m
[18.966s] [34mcolcon.colcon_core.environment[0m [1;30mLevel 1[0m checking '/home/jetson/rob498_2026/capstone2026/ros2_ws/install/flight_2' for CMake module files
[18.970s] [34mcolcon.colcon_core.event_handler.log_command[0m [1;30mDEBUG[0m [32mInvoked command in '/home/jetson/rob498_2026/capstone2026/ros2_ws/src/flight_2' returned '0': PYTHONPATH=/home/jetson/rob498_2026/capstone2026/ros2_ws/build/flight_2/prefix_override:/usr/lib/python3/dist-packages/colcon_core/task/python/colcon_distutils_commands:/home/jetson/rob498_2026/capstone2026/ros2_ws/install/flight_2/lib/python3.8/site-packages:${PYTHONPATH} /usr/bin/python3 -W ignore:setup.py install is deprecated -W ignore:easy_install command is deprecated setup.py egg_info --egg-base ../../build/flight_2 build --build-base /home/jetson/rob498_2026/capstone2026/ros2_ws/build/flight_2/build install --record /home/jetson/rob498_2026/capstone2026/ros2_ws/build/flight_2/install.log --single-version-externally-managed install_data[0m
[18.972s] [34mcolcon.colcon_core.environment[0m [1;30mLevel 1[0m checking '/home/jetson/rob498_2026/capstone2026/ros2_ws/install/flight_2' for CMake config files
[18.974s] [34mcolcon.colcon_core.environment[0m [1;30mLevel 1[0m checking '/home/jetson/rob498_2026/capstone2026/ros2_ws/install/flight_2/lib'
[18.975s] [34mcolcon.colcon_core.environment[0m [1;30mLevel 1[0m checking '/home/jetson/rob498_2026/capstone2026/ros2_ws/install/flight_2/bin'
[18.975s] [34mcolcon.colcon_core.environment[0m [1;30mLevel 1[0m checking '/home/jetson/rob498_2026/capstone2026/ros2_ws/install/flight_2/lib/pkgconfig/flight_2.pc'
[18.976s] [34mcolcon.colcon_core.environment[0m [1;30mLevel 1[0m checking '/home/jetson/rob498_2026/capstone2026/ros2_ws/install/flight_2/lib/python3.8/site-packages'
[18.976s] [34mcolcon.colcon_core.shell[0m [1;30mLevel 1[0m create_environment_hook('flight_2', 'pythonpath')
[18.977s] [34mcolcon.colcon_core.shell[0m [1;30mINFO[0m Creating environment hook '/home/jetson/rob498_2026/capstone2026/ros2_ws/install/flight_2/share/flight_2/hook/pythonpath.ps1'
[18.980s] [34mcolcon.colcon_core.shell[0m [1;30mINFO[0m Creating environment descriptor '/home/jetson/rob498_2026/capstone2026/ros2_ws/install/flight_2/share/flight_2/hook/pythonpath.dsv'
[18.981s] [34mcolcon.colcon_core.shell[0m [1;30mINFO[0m Creating environment hook '/home/jetson/rob498_2026/capstone2026/ros2_ws/install/flight_2/share/flight_2/hook/pythonpath.sh'
[18.984s] [34mcolcon.colcon_core.environment[0m [1;30mLevel 1[0m checking '/home/jetson/rob498_2026/capstone2026/ros2_ws/install/flight_2/bin'
[18.984s] [34mcolcon.colcon_core.environment[0m [1;30mLevel 1[0m create_environment_scripts_only(flight_2)
[18.986s] [34mcolcon.colcon_core.shell[0m [1;30mINFO[0m Creating package script '/home/jetson/rob498_2026/capstone2026/ros2_ws/install/flight_2/share/flight_2/package.ps1'
[18.989s] [34mcolcon.colcon_core.shell[0m [1;30mINFO[0m Creating package descriptor '/home/jetson/rob498_2026/capstone2026/ros2_ws/install/flight_2/share/flight_2/package.dsv'
[18.991s] [34mcolcon.colcon_core.shell[0m [1;30mINFO[0m Creating package script '/home/jetson/rob498_2026/capstone2026/ros2_ws/install/flight_2/share/flight_2/package.sh'
[18.993s] [34mcolcon.colcon_core.shell[0m [1;30mINFO[0m Creating package script '/home/jetson/rob498_2026/capstone2026/ros2_ws/install/flight_2/share/flight_2/package.bash'
[18.995s] [34mcolcon.colcon_core.shell[0m [1;30mINFO[0m Creating package script '/home/jetson/rob498_2026/capstone2026/ros2_ws/install/flight_2/share/flight_2/package.zsh'
[18.997s] [34mcolcon.colcon_core.environment[0m [1;30mLevel 1[0m create_file_with_runtime_dependencies(/home/jetson/rob498_2026/capstone2026/ros2_ws/install/flight_2/share/colcon-core/packages/flight_2)
[18.999s] [34mcolcon.colcon_core.environment[0m [1;30mLevel 1[0m checking '/home/jetson/rob498_2026/capstone2026/ros2_ws/install/my_package' for CMake module files
[19.004s] [34mcolcon.colcon_core.event_handler.log_command[0m [1;30mDEBUG[0m [32mInvoked command in '/home/jetson/rob498_2026/capstone2026/ros2_ws/my_package' returned '0': PYTHONPATH=/home/jetson/rob498_2026/capstone2026/ros2_ws/build/my_package/prefix_override:/usr/lib/python3/dist-packages/colcon_core/task/python/colcon_distutils_commands:/home/jetson/rob498_2026/capstone2026/ros2_ws/install/my_package/lib/python3.8/site-packages:${PYTHONPATH} /usr/bin/python3 -W ignore:setup.py install is deprecated -W ignore:easy_install command is deprecated setup.py egg_info --egg-base ../build/my_package build --build-base /home/jetson/rob498_2026/capstone2026/ros2_ws/build/my_package/build install --record /home/jetson/rob498_2026/capstone2026/ros2_ws/build/my_package/install.log --install-scripts $base/lib/my_package --single-version-externally-managed install_data[0m
[19.005s] [34mcolcon.colcon_core.environment[0m [1;30mLevel 1[0m checking '/home/jetson/rob498_2026/capstone2026/ros2_ws/install/my_package' for CMake config files
[19.008s] [34mcolcon.colcon_core.environment[0m [1;30mLevel 1[0m checking '/home/jetson/rob498_2026/capstone2026/ros2_ws/install/my_package/lib'
[19.008s] [34mcolcon.colcon_core.environment[0m [1;30mLevel 1[0m checking '/home/jetson/rob498_2026/capstone2026/ros2_ws/install/my_package/bin'
[19.008s] [34mcolcon.colcon_core.environment[0m [1;30mLevel 1[0m checking '/home/jetson/rob498_2026/capstone2026/ros2_ws/install/my_package/lib/pkgconfig/my_package.pc'
[19.009s] [34mcolcon.colcon_core.environment[0m [1;30mLevel 1[0m checking '/home/jetson/rob498_2026/capstone2026/ros2_ws/install/my_package/lib/python3.8/site-packages'
[19.010s] [34mcolcon.colcon_core.shell[0m [1;30mLevel 1[0m create_environment_hook('my_package', 'pythonpath')
[19.011s] [34mcolcon.colcon_core.shell[0m [1;30mINFO[0m Creating environment hook '/home/jetson/rob498_2026/capstone2026/ros2_ws/install/my_package/share/my_package/hook/pythonpath.ps1'
[19.014s] [34mcolcon.colcon_core.shell[0m [1;30mINFO[0m Creating environment descriptor '/home/jetson/rob498_2026/capstone2026/ros2_ws/install/my_package/share/my_package/hook/pythonpath.dsv'
[19.016s] [34mcolcon.colcon_core.shell[0m [1;30mINFO[0m Creating environment hook '/home/jetson/rob498_2026/capstone2026/ros2_ws/install/my_package/share/my_package/hook/pythonpath.sh'
[19.019s] [34mcolcon.colcon_core.environment[0m [1;30mLevel 1[0m checking '/home/jetson/rob498_2026/capstone2026/ros2_ws/install/my_package/bin'
[19.019s] [34mcolcon.colcon_core.environment[0m [1;30mLevel 1[0m create_environment_scripts_only(my_package)
[19.021s] [34mcolcon.colcon_core.shell[0m [1;30mINFO[0m Creating package script '/home/jetson/rob498_2026/capstone2026/ros2_ws/install/my_package/share/my_package/package.ps1'
[19.024s] [34mcolcon.colcon_core.shell[0m [1;30mINFO[0m Creating package descriptor '/home/jetson/rob498_2026/capstone2026/ros2_ws/install/my_package/share/my_package/package.dsv'
[19.027s] [34mcolcon.colcon_core.shell[0m [1;30mINFO[0m Creating package script '/home/jetson/rob498_2026/capstone2026/ros2_ws/install/my_package/share/my_package/package.sh'
[19.030s] [34mcolcon.colcon_core.shell[0m [1;30mINFO[0m Creating package script '/home/jetson/rob498_2026/capstone2026/ros2_ws/install/my_package/share/my_package/package.bash'
[19.032s] [34mcolcon.colcon_core.shell[0m [1;30mINFO[0m Creating package script '/home/jetson/rob498_2026/capstone2026/ros2_ws/install/my_package/share/my_package/package.zsh'
[19.034s] [34mcolcon.colcon_core.environment[0m [1;30mLevel 1[0m create_file_with_runtime_dependencies(/home/jetson/rob498_2026/capstone2026/ros2_ws/install/my_package/share/colcon-core/packages/my_package)
[19.045s] [34mcolcon.colcon_core.event_handler.log_command[0m [1;30mDEBUG[0m [32mInvoking command in '/home/jetson/rob498_2026/capstone2026/ros2_ws/vision_bdg': PYTHONPATH=/home/jetson/rob498_2026/capstone2026/ros2_ws/build/vision_bdg/prefix_override:/usr/lib/python3/dist-packages/colcon_core/task/python/colcon_distutils_commands:/home/jetson/rob498_2026/capstone2026/ros2_ws/install/vision_bdg/lib/python3.8/site-packages:${PYTHONPATH} /usr/bin/python3 -W ignore:setup.py install is deprecated -W ignore:easy_install command is deprecated setup.py egg_info --egg-base ../build/vision_bdg build --build-base /home/jetson/rob498_2026/capstone2026/ros2_ws/build/vision_bdg/build install --record /home/jetson/rob498_2026/capstone2026/ros2_ws/build/vision_bdg/install.log --install-scripts $base/lib/vision_bdg --single-version-externally-managed install_data[0m
[21.117s] [34mcolcon.colcon_core.environment[0m [1;30mLevel 1[0m checking '/home/jetson/rob498_2026/capstone2026/ros2_ws/install/vision_bdg' for CMake module files
[21.120s] [34mcolcon.colcon_core.event_handler.log_command[0m [1;30mDEBUG[0m [32mInvoked command in '/home/jetson/rob498_2026/capstone2026/ros2_ws/vision_bdg' returned '0': PYTHONPATH=/home/jetson/rob498_2026/capstone2026/ros2_ws/build/vision_bdg/prefix_override:/usr/lib/python3/dist-packages/colcon_core/task/python/colcon_distutils_commands:/home/jetson/rob498_2026/capstone2026/ros2_ws/install/vision_bdg/lib/python3.8/site-packages:${PYTHONPATH} /usr/bin/python3 -W ignore:setup.py install is deprecated -W ignore:easy_install command is deprecated setup.py egg_info --egg-base ../build/vision_bdg build --build-base /home/jetson/rob498_2026/capstone2026/ros2_ws/build/vision_bdg/build install --record /home/jetson/rob498_2026/capstone2026/ros2_ws/build/vision_bdg/install.log --install-scripts $base/lib/vision_bdg --single-version-externally-managed install_data[0m
[21.125s] [34mcolcon.colcon_core.environment[0m [1;30mLevel 1[0m checking '/home/jetson/rob498_2026/capstone2026/ros2_ws/install/vision_bdg' for CMake config files
[21.136s] [34mcolcon.colcon_core.environment[0m [1;30mLevel 1[0m checking '/home/jetson/rob498_2026/capstone2026/ros2_ws/install/vision_bdg/lib'
[21.137s] [34mcolcon.colcon_core.environment[0m [1;30mLevel 1[0m checking '/home/jetson/rob498_2026/capstone2026/ros2_ws/install/vision_bdg/bin'
[21.138s] [34mcolcon.colcon_core.environment[0m [1;30mLevel 1[0m checking '/home/jetson/rob498_2026/capstone2026/ros2_ws/install/vision_bdg/lib/pkgconfig/vision_bdg.pc'
[21.139s] [34mcolcon.colcon_core.environment[0m [1;30mLevel 1[0m checking '/home/jetson/rob498_2026/capstone2026/ros2_ws/install/vision_bdg/lib/python3.8/site-packages'
[21.140s] [34mcolcon.colcon_core.shell[0m [1;30mLevel 1[0m create_environment_hook('vision_bdg', 'pythonpath')
[21.143s] [34mcolcon.colcon_core.shell[0m [1;30mINFO[0m Creating environment hook '/home/jetson/rob498_2026/capstone2026/ros2_ws/install/vision_bdg/share/vision_bdg/hook/pythonpath.ps1'
[21.147s] [34mcolcon.colcon_core.shell[0m [1;30mINFO[0m Creating environment descriptor '/home/jetson/rob498_2026/capstone2026/ros2_ws/install/vision_bdg/share/vision_bdg/hook/pythonpath.dsv'
[21.148s] [34mcolcon.colcon_core.shell[0m [1;30mINFO[0m Creating environment hook '/home/jetson/rob498_2026/capstone2026/ros2_ws/install/vision_bdg/share/vision_bdg/hook/pythonpath.sh'
[21.151s] [34mcolcon.colcon_core.environment[0m [1;30mLevel 1[0m checking '/home/jetson/rob498_2026/capstone2026/ros2_ws/install/vision_bdg/bin'
[21.151s] [34mcolcon.colcon_core.environment[0m [1;30mLevel 1[0m create_environment_scripts_only(vision_bdg)
[21.153s] [34mcolcon.colcon_core.shell[0m [1;30mINFO[0m Creating package script '/home/jetson/rob498_2026/capstone2026/ros2_ws/install/vision_bdg/share/vision_bdg/package.ps1'
[21.156s] [34mcolcon.colcon_core.shell[0m [1;30mINFO[0m Creating package descriptor '/home/jetson/rob498_2026/capstone2026/ros2_ws/install/vision_bdg/share/vision_bdg/package.dsv'
[21.158s] [34mcolcon.colcon_core.shell[0m [1;30mINFO[0m Creating package script '/home/jetson/rob498_2026/capstone2026/ros2_ws/install/vision_bdg/share/vision_bdg/package.sh'
[21.160s] [34mcolcon.colcon_core.shell[0m [1;30mINFO[0m Creating package script '/home/jetson/rob498_2026/capstone2026/ros2_ws/install/vision_bdg/share/vision_bdg/package.bash'
[21.163s] [34mcolcon.colcon_core.shell[0m [1;30mINFO[0m Creating package script '/home/jetson/rob498_2026/capstone2026/ros2_ws/install/vision_bdg/share/vision_bdg/package.zsh'
[21.165s] [34mcolcon.colcon_core.environment[0m [1;30mLevel 1[0m create_file_with_runtime_dependencies(/home/jetson/rob498_2026/capstone2026/ros2_ws/install/vision_bdg/share/colcon-core/packages/vision_bdg)
[21.520s] [34mcolcon.colcon_core.event_handler.log_command[0m [1;30mDEBUG[0m [32mInvoking command in '/home/jetson/rob498_2026/capstone2026/ros2_ws/src/vision_bridge': PYTHONPATH=/home/jetson/rob498_2026/capstone2026/ros2_ws/build/vision_bridge/prefix_override:/usr/lib/python3/dist-packages/colcon_core/task/python/colcon_distutils_commands:/home/jetson/rob498_2026/capstone2026/ros2_ws/install/vision_bridge/lib/python3.8/site-packages:${PYTHONPATH} /usr/bin/python3 -W ignore:setup.py install is deprecated -W ignore:easy_install command is deprecated setup.py egg_info --egg-base ../../build/vision_bridge build --build-base /home/jetson/rob498_2026/capstone2026/ros2_ws/build/vision_bridge/build install --record /home/jetson/rob498_2026/capstone2026/ros2_ws/build/vision_bridge/install.log --single-version-externally-managed install_data[0m
[23.256s] [34mcolcon.colcon_core.environment[0m [1;30mLevel 1[0m checking '/home/jetson/rob498_2026/capstone2026/ros2_ws/install/vision_bridge' for CMake module files
[23.258s] [34mcolcon.colcon_core.event_handler.log_command[0m [1;30mDEBUG[0m [32mInvoked command in '/home/jetson/rob498_2026/capstone2026/ros2_ws/src/vision_bridge' returned '0': PYTHONPATH=/home/jetson/rob498_2026/capstone2026/ros2_ws/build/vision_bridge/prefix_override:/usr/lib/python3/dist-packages/colcon_core/task/python/colcon_distutils_commands:/home/jetson/rob498_2026/capstone2026/ros2_ws/install/vision_bridge/lib/python3.8/site-packages:${PYTHONPATH} /usr/bin/python3 -W ignore:setup.py install is deprecated -W ignore:easy_install command is deprecated setup.py egg_info --egg-base ../../build/vision_bridge build --build-base /home/jetson/rob498_2026/capstone2026/ros2_ws/build/vision_bridge/build install --record /home/jetson/rob498_2026/capstone2026/ros2_ws/build/vision_bridge/install.log --single-version-externally-managed install_data[0m
[23.260s] [34mcolcon.colcon_core.environment[0m [1;30mLevel 1[0m checking '/home/jetson/rob498_2026/capstone2026/ros2_ws/install/vision_bridge' for CMake config files
[23.263s] [34mcolcon.colcon_core.environment[0m [1;30mLevel 1[0m checking '/home/jetson/rob498_2026/capstone2026/ros2_ws/install/vision_bridge/lib'
[23.263s] [34mcolcon.colcon_core.environment[0m [1;30mLevel 1[0m checking '/home/jetson/rob498_2026/capstone2026/ros2_ws/install/vision_bridge/bin'
[23.263s] [34mcolcon.colcon_core.environment[0m [1;30mLevel 1[0m checking '/home/jetson/rob498_2026/capstone2026/ros2_ws/install/vision_bridge/lib/pkgconfig/vision_bridge.pc'
[23.264s] [34mcolcon.colcon_core.environment[0m [1;30mLevel 1[0m checking '/home/jetson/rob498_2026/capstone2026/ros2_ws/install/vision_bridge/lib/python3.8/site-packages'
[23.265s] [34mcolcon.colcon_core.shell[0m [1;30mLevel 1[0m create_environment_hook('vision_bridge', 'pythonpath')
[23.266s] [34mcolcon.colcon_core.shell[0m [1;30mINFO[0m Creating environment hook '/home/jetson/rob498_2026/capstone2026/ros2_ws/install/vision_bridge/share/vision_bridge/hook/pythonpath.ps1'
[23.269s] [34mcolcon.colcon_core.shell[0m [1;30mINFO[0m Creating environment descriptor '/home/jetson/rob498_2026/capstone2026/ros2_ws/install/vision_bridge/share/vision_bridge/hook/pythonpath.dsv'
[23.270s] [34mcolcon.colcon_core.shell[0m [1;30mINFO[0m Creating environment hook '/home/jetson/rob498_2026/capstone2026/ros2_ws/install/vision_bridge/share/vision_bridge/hook/pythonpath.sh'
[23.273s] [34mcolcon.colcon_core.environment[0m [1;30mLevel 1[0m checking '/home/jetson/rob498_2026/capstone2026/ros2_ws/install/vision_bridge/bin'
[23.274s] [34mcolcon.colcon_core.environment[0m [1;30mLevel 1[0m create_environment_scripts_only(vision_bridge)
[23.275s] [34mcolcon.colcon_core.shell[0m [1;30mINFO[0m Creating package script '/home/jetson/rob498_2026/capstone2026/ros2_ws/install/vision_bridge/share/vision_bridge/package.ps1'
[23.278s] [34mcolcon.colcon_core.shell[0m [1;30mINFO[0m Creating package descriptor '/home/jetson/rob498_2026/capstone2026/ros2_ws/install/vision_bridge/share/vision_bridge/package.dsv'
[23.281s] [34mcolcon.colcon_core.shell[0m [1;30mINFO[0m Creating package script '/home/jetson/rob498_2026/capstone2026/ros2_ws/install/vision_bridge/share/vision_bridge/package.sh'
[23.283s] [34mcolcon.colcon_core.shell[0m [1;30mINFO[0m Creating package script '/home/jetson/rob498_2026/capstone2026/ros2_ws/install/vision_bridge/share/vision_bridge/package.bash'
[23.286s] [34mcolcon.colcon_core.shell[0m [1;30mINFO[0m Creating package script '/home/jetson/rob498_2026/capstone2026/ros2_ws/install/vision_bridge/share/vision_bridge/package.zsh'
[23.288s] [34mcolcon.colcon_core.environment[0m [1;30mLevel 1[0m create_file_with_runtime_dependencies(/home/jetson/rob498_2026/capstone2026/ros2_ws/install/vision_bridge/share/colcon-core/packages/vision_bridge)
[23.290s] [34mcolcon.colcon_parallel_executor.executor.parallel[0m [1;30mDEBUG[0m [32mclosing loop[0m
[23.291s] [34mcolcon.colcon_parallel_executor.executor.parallel[0m [1;30mDEBUG[0m [32mloop closed[0m
[23.292s] [34mcolcon.colcon_parallel_executor.executor.parallel[0m [1;30mDEBUG[0m [32mrun_until_complete finished with '0'[0m
[23.293s] [34mcolcon.colcon_core.event_reactor[0m [1;30mDEBUG[0m [32mjoining thread[0m
[23.332s] [34mcolcon.colcon_core.plugin_system[0m [1;30mINFO[0m Skipping extension 'colcon_notification.desktop_notification.terminal_notifier': Not used on non-Darwin systems
[23.333s] [34mcolcon.colcon_core.plugin_system[0m [1;30mINFO[0m Skipping extension 'colcon_notification.desktop_notification.win32': Not used on non-Windows systems
[23.333s] [34mcolcon.colcon_notification.desktop_notification[0m [1;30mINFO[0m Sending desktop notification using 'notify2'
[23.395s] [34mcolcon.colcon_core.event_reactor[0m [1;30mDEBUG[0m [32mjoined thread[0m
[23.396s] [34mcolcon.colcon_core.shell[0m [1;30mINFO[0m Creating prefix script '/home/jetson/rob498_2026/capstone2026/ros2_ws/install/local_setup.ps1'
[23.403s] [34mcolcon.colcon_core.shell[0m [1;30mINFO[0m Creating prefix util module '/home/jetson/rob498_2026/capstone2026/ros2_ws/install/_local_setup_util_ps1.py'
[23.413s] [34mcolcon.colcon_core.shell[0m [1;30mINFO[0m Creating prefix chain script '/home/jetson/rob498_2026/capstone2026/ros2_ws/install/setup.ps1'
[23.421s] [34mcolcon.colcon_core.shell[0m [1;30mINFO[0m Creating prefix script '/home/jetson/rob498_2026/capstone2026/ros2_ws/install/local_setup.sh'
[23.425s] [34mcolcon.colcon_core.shell[0m [1;30mINFO[0m Creating prefix util module '/home/jetson/rob498_2026/capstone2026/ros2_ws/install/_local_setup_util_sh.py'
[23.428s] [34mcolcon.colcon_core.shell[0m [1;30mINFO[0m Creating prefix chain script '/home/jetson/rob498_2026/capstone2026/ros2_ws/install/setup.sh'
[23.437s] [34mcolcon.colcon_core.shell[0m [1;30mINFO[0m Creating prefix script '/home/jetson/rob498_2026/capstone2026/ros2_ws/install/local_setup.bash'
[23.441s] [34mcolcon.colcon_core.shell[0m [1;30mINFO[0m Creating prefix chain script '/home/jetson/rob498_2026/capstone2026/ros2_ws/install/setup.bash'
[23.449s] [34mcolcon.colcon_core.shell[0m [1;30mINFO[0m Creating prefix script '/home/jetson/rob498_2026/capstone2026/ros2_ws/install/local_setup.zsh'
[23.453s] [34mcolcon.colcon_core.shell[0m [1;30mINFO[0m Creating prefix chain script '/home/jetson/rob498_2026/capstone2026/ros2_ws/install/setup.zsh'
