[8.215s] Invoking command in '/home/jetson/rob498_2026/capstone2026/ros2_ws/src/vision_bridge': PYTHONPATH=/home/jetson/rob498_2026/capstone2026/ros2_ws/build/vision_bridge/prefix_override:/usr/lib/python3/dist-packages/colcon_core/task/python/colcon_distutils_commands:/home/jetson/rob498_2026/capstone2026/ros2_ws/install/vision_bridge/lib/python3.8/site-packages:${PYTHONPATH} /usr/bin/python3 -W ignore:setup.py install is deprecated -W ignore:easy_install command is deprecated setup.py egg_info --egg-base ../../build/vision_bridge build --build-base /home/jetson/rob498_2026/capstone2026/ros2_ws/build/vision_bridge/build install --record /home/jetson/rob498_2026/capstone2026/ros2_ws/build/vision_bridge/install.log --single-version-externally-managed install_data
[10.078s] running egg_info
[10.090s] writing ../../build/vision_bridge/vision_bridge.egg-info/PKG-INFO
[10.092s] writing dependency_links to ../../build/vision_bridge/vision_bridge.egg-info/dependency_links.txt
[10.092s] writing entry points to ../../build/vision_bridge/vision_bridge.egg-info/entry_points.txt
[10.093s] writing requirements to ../../build/vision_bridge/vision_bridge.egg-info/requires.txt
[10.096s] writing top-level names to ../../build/vision_bridge/vision_bridge.egg-info/top_level.txt
[10.122s] reading manifest file '../../build/vision_bridge/vision_bridge.egg-info/SOURCES.txt'
[10.130s] writing manifest file '../../build/vision_bridge/vision_bridge.egg-info/SOURCES.txt'
[10.131s] running build
[10.132s] running build_py
[10.133s] running install
[10.144s] running install_lib
[10.149s] running install_data
[10.151s] running install_egg_info
[10.165s] removing '/home/jetson/rob498_2026/capstone2026/ros2_ws/install/vision_bridge/lib/python3.8/site-packages/vision_bridge-0.0.1-py3.8.egg-info' (and everything under it)
[10.168s] Copying ../../build/vision_bridge/vision_bridge.egg-info to /home/jetson/rob498_2026/capstone2026/ros2_ws/install/vision_bridge/lib/python3.8/site-packages/vision_bridge-0.0.1-py3.8.egg-info
[10.172s] running install_scripts
[10.289s] Installing vision_bridge script to /home/jetson/rob498_2026/capstone2026/ros2_ws/install/vision_bridge/lib/vision_bridge
[10.298s] writing list of installed files to '/home/jetson/rob498_2026/capstone2026/ros2_ws/build/vision_bridge/install.log'
[10.421s] Invoked command in '/home/jetson/rob498_2026/capstone2026/ros2_ws/src/vision_bridge' returned '0': PYTHONPATH=/home/jetson/rob498_2026/capstone2026/ros2_ws/build/vision_bridge/prefix_override:/usr/lib/python3/dist-packages/colcon_core/task/python/colcon_distutils_commands:/home/jetson/rob498_2026/capstone2026/ros2_ws/install/vision_bridge/lib/python3.8/site-packages:${PYTHONPATH} /usr/bin/python3 -W ignore:setup.py install is deprecated -W ignore:easy_install command is deprecated setup.py egg_info --egg-base ../../build/vision_bridge build --build-base /home/jetson/rob498_2026/capstone2026/ros2_ws/build/vision_bridge/build install --record /home/jetson/rob498_2026/capstone2026/ros2_ws/build/vision_bridge/install.log --single-version-externally-managed install_data
