[7.829s] Invoking command in '/home/jetson/rob498_2026/capstone2026/ros2_ws/src/flight2': PYTHONPATH=/home/jetson/rob498_2026/capstone2026/ros2_ws/build/flight2/prefix_override:/usr/lib/python3/dist-packages/colcon_core/task/python/colcon_distutils_commands:/home/jetson/rob498_2026/capstone2026/ros2_ws/install/flight2/lib/python3.8/site-packages:${PYTHONPATH} /usr/bin/python3 -W ignore:setup.py install is deprecated -W ignore:easy_install command is deprecated setup.py egg_info --egg-base ../../build/flight2 build --build-base /home/jetson/rob498_2026/capstone2026/ros2_ws/build/flight2/build install --record /home/jetson/rob498_2026/capstone2026/ros2_ws/build/flight2/install.log --single-version-externally-managed install_data
[9.908s] running egg_info
[9.920s] writing ../../build/flight2/flight2.egg-info/PKG-INFO
[9.920s] writing dependency_links to ../../build/flight2/flight2.egg-info/dependency_links.txt
[9.922s] writing entry points to ../../build/flight2/flight2.egg-info/entry_points.txt
[9.923s] writing requirements to ../../build/flight2/flight2.egg-info/requires.txt
[9.926s] writing top-level names to ../../build/flight2/flight2.egg-info/top_level.txt
[9.951s] reading manifest file '../../build/flight2/flight2.egg-info/SOURCES.txt'
[9.962s] writing manifest file '../../build/flight2/flight2.egg-info/SOURCES.txt'
[9.963s] running build
[9.963s] running build_py
[9.964s] running install
[9.972s] running install_lib
[9.982s] running install_data
[9.984s] running install_egg_info
[9.994s] removing '/home/jetson/rob498_2026/capstone2026/ros2_ws/install/flight2/lib/python3.8/site-packages/flight2-0.0.0-py3.8.egg-info' (and everything under it)
[9.995s] Copying ../../build/flight2/flight2.egg-info to /home/jetson/rob498_2026/capstone2026/ros2_ws/install/flight2/lib/python3.8/site-packages/flight2-0.0.0-py3.8.egg-info
[10.001s] running install_scripts
[10.098s] writing list of installed files to '/home/jetson/rob498_2026/capstone2026/ros2_ws/build/flight2/install.log'
[10.227s] Invoked command in '/home/jetson/rob498_2026/capstone2026/ros2_ws/src/flight2' returned '0': PYTHONPATH=/home/jetson/rob498_2026/capstone2026/ros2_ws/build/flight2/prefix_override:/usr/lib/python3/dist-packages/colcon_core/task/python/colcon_distutils_commands:/home/jetson/rob498_2026/capstone2026/ros2_ws/install/flight2/lib/python3.8/site-packages:${PYTHONPATH} /usr/bin/python3 -W ignore:setup.py install is deprecated -W ignore:easy_install command is deprecated setup.py egg_info --egg-base ../../build/flight2 build --build-base /home/jetson/rob498_2026/capstone2026/ros2_ws/build/flight2/build install --record /home/jetson/rob498_2026/capstone2026/ros2_ws/build/flight2/install.log --single-version-externally-managed install_data
