[1.381s] [34mcolcon[0m [1;30mDEBUG[0m [32mCommand line arguments: ['/usr/bin/colcon', 'build', '--symlink-install'][0m
[1.381s] [34mcolcon[0m [1;30mDEBUG[0m [32mParsed command line arguments: Namespace(allow_overriding=[], ament_cmake_args=None, base_paths=['.'], build_base='build', catkin_cmake_args=None, catkin_skip_building_tests=False, cmake_args=None, cmake_clean_cache=False, cmake_clean_first=False, cmake_force_configure=False, cmake_target=None, cmake_target_skip_unavailable=False, continue_on_error=False, event_handlers=None, executor='parallel', ignore_user_meta=False, install_base='install', log_base=None, log_level=None, main=<bound method BuildVerb.main of <colcon_core.verb.build.BuildVerb object at 0x7f991d0ca0>>, merge_install=False, metas=['./colcon.meta'], mixin=None, mixin_files=None, mixin_verb=('build',), packages_above=None, packages_above_and_dependencies=None, packages_above_depth=None, packages_end=None, packages_ignore=None, packages_ignore_regex=None, packages_select=None, packages_select_build_failed=False, packages_select_by_dep=None, packages_select_regex=None, packages_select_test_failures=False, packages_skip=None, packages_skip_build_finished=False, packages_skip_by_dep=None, packages_skip_regex=None, packages_skip_test_passed=False, packages_skip_up_to=None, packages_start=None, packages_up_to=None, packages_up_to_regex=None, parallel_workers=4, paths=None, symlink_install=True, test_result_base=None, verb_extension=<colcon_core.verb.build.BuildVerb object at 0x7f991d0ca0>, verb_name='build', verb_parser=<colcon_mixin.mixin.mixin_argument.MixinArgumentDecorator object at 0x7f990f65e0>)[0m
[2.616s] [34mcolcon.colcon_core.package_discovery[0m [1;30mLevel 1[0m discover_packages(colcon_meta) check parameters
[2.617s] [34mcolcon.colcon_core.package_discovery[0m [1;30mLevel 1[0m discover_packages(recursive) check parameters
[2.617s] [34mcolcon.colcon_core.package_discovery[0m [1;30mLevel 1[0m discover_packages(ignore) check parameters
[2.617s] [34mcolcon.colcon_core.package_discovery[0m [1;30mLevel 1[0m discover_packages(path) check parameters
[2.617s] [34mcolcon.colcon_core.package_discovery[0m [1;30mLevel 1[0m discover_packages(colcon_meta) discover
[2.618s] [34mcolcon.colcon_core.package_discovery[0m [1;30mLevel 1[0m discover_packages(recursive) discover
[2.618s] [34mcolcon.colcon_core.package_discovery[0m [1;30mINFO[0m Crawling recursively for packages in '/home/jetson/rob498_2026/capstone2026/ros2_ws'
[2.619s] [34mcolcon.colcon_core.package_identification[0m [1;30mLevel 1[0m _identify(.) by extensions ['ignore', 'ignore_ament_install']
[2.619s] [34mcolcon.colcon_core.package_identification[0m [1;30mLevel 1[0m _identify(.) by extension 'ignore'
[2.619s] [34mcolcon.colcon_core.package_identification[0m [1;30mLevel 1[0m _identify(.) by extension 'ignore_ament_install'
[2.620s] [34mcolcon.colcon_core.package_identification[0m [1;30mLevel 1[0m _identify(.) by extensions ['colcon_pkg']
[2.620s] [34mcolcon.colcon_core.package_identification[0m [1;30mLevel 1[0m _identify(.) by extension 'colcon_pkg'
[2.620s] [34mcolcon.colcon_core.package_identification[0m [1;30mLevel 1[0m _identify(.) by extensions ['colcon_meta']
[2.620s] [34mcolcon.colcon_core.package_identification[0m [1;30mLevel 1[0m _identify(.) by extension 'colcon_meta'
[2.621s] [34mcolcon.colcon_core.package_identification[0m [1;30mLevel 1[0m _identify(.) by extensions ['ros']
[2.621s] [34mcolcon.colcon_core.package_identification[0m [1;30mLevel 1[0m _identify(.) by extension 'ros'
[2.737s] [34mcolcon.colcon_core.package_identification[0m [1;30mLevel 1[0m _identify(.) by extensions ['cmake', 'python']
[2.737s] [34mcolcon.colcon_core.package_identification[0m [1;30mLevel 1[0m _identify(.) by extension 'cmake'
[2.738s] [34mcolcon.colcon_core.package_identification[0m [1;30mLevel 1[0m _identify(.) by extension 'python'
[2.738s] [34mcolcon.colcon_core.package_identification[0m [1;30mLevel 1[0m _identify(.) by extensions ['python_setup_py']
[2.738s] [34mcolcon.colcon_core.package_identification[0m [1;30mLevel 1[0m _identify(.) by extension 'python_setup_py'
[2.739s] [34mcolcon.colcon_core.package_identification[0m [1;30mLevel 1[0m _identify(build) by extensions ['ignore', 'ignore_ament_install']
[2.740s] [34mcolcon.colcon_core.package_identification[0m [1;30mLevel 1[0m _identify(build) by extension 'ignore'
[2.741s] [34mcolcon.colcon_core.package_identification[0m [1;30mLevel 1[0m _identify(build) ignored
[2.741s] [34mcolcon.colcon_core.package_identification[0m [1;30mLevel 1[0m _identify(install) by extensions ['ignore', 'ignore_ament_install']
[2.742s] [34mcolcon.colcon_core.package_identification[0m [1;30mLevel 1[0m _identify(install) by extension 'ignore'
[2.743s] [34mcolcon.colcon_core.package_identification[0m [1;30mLevel 1[0m _identify(install) ignored
[2.744s] [34mcolcon.colcon_core.package_identification[0m [1;30mLevel 1[0m _identify(log) by extensions ['ignore', 'ignore_ament_install']
[2.745s] [34mcolcon.colcon_core.package_identification[0m [1;30mLevel 1[0m _identify(log) by extension 'ignore'
[2.745s] [34mcolcon.colcon_core.package_identification[0m [1;30mLevel 1[0m _identify(log) ignored
[2.746s] [34mcolcon.colcon_core.package_identification[0m [1;30mLevel 1[0m _identify(src) by extensions ['ignore', 'ignore_ament_install']
[2.747s] [34mcolcon.colcon_core.package_identification[0m [1;30mLevel 1[0m _identify(src) by extension 'ignore'
[2.748s] [34mcolcon.colcon_core.package_identification[0m [1;30mLevel 1[0m _identify(src) by extension 'ignore_ament_install'
[2.749s] [34mcolcon.colcon_core.package_identification[0m [1;30mLevel 1[0m _identify(src) by extensions ['colcon_pkg']
[2.749s] [34mcolcon.colcon_core.package_identification[0m [1;30mLevel 1[0m _identify(src) by extension 'colcon_pkg'
[2.749s] [34mcolcon.colcon_core.package_identification[0m [1;30mLevel 1[0m _identify(src) by extensions ['colcon_meta']
[2.750s] [34mcolcon.colcon_core.package_identification[0m [1;30mLevel 1[0m _identify(src) by extension 'colcon_meta'
[2.750s] [34mcolcon.colcon_core.package_identification[0m [1;30mLevel 1[0m _identify(src) by extensions ['ros']
[2.750s] [34mcolcon.colcon_core.package_identification[0m [1;30mLevel 1[0m _identify(src) by extension 'ros'
[2.751s] [34mcolcon.colcon_core.package_identification[0m [1;30mLevel 1[0m _identify(src) by extensions ['cmake', 'python']
[2.751s] [34mcolcon.colcon_core.package_identification[0m [1;30mLevel 1[0m _identify(src) by extension 'cmake'
[2.752s] [34mcolcon.colcon_core.package_identification[0m [1;30mLevel 1[0m _identify(src) by extension 'python'
[2.752s] [34mcolcon.colcon_core.package_identification[0m [1;30mLevel 1[0m _identify(src) by extensions ['python_setup_py']
[2.752s] [34mcolcon.colcon_core.package_identification[0m [1;30mLevel 1[0m _identify(src) by extension 'python_setup_py'
[2.753s] [34mcolcon.colcon_core.package_identification[0m [1;30mLevel 1[0m _identify(src/flight2) by extensions ['ignore', 'ignore_ament_install']
[2.754s] [34mcolcon.colcon_core.package_identification[0m [1;30mLevel 1[0m _identify(src/flight2) by extension 'ignore'
[2.754s] [34mcolcon.colcon_core.package_identification[0m [1;30mLevel 1[0m _identify(src/flight2) by extension 'ignore_ament_install'
[2.755s] [34mcolcon.colcon_core.package_identification[0m [1;30mLevel 1[0m _identify(src/flight2) by extensions ['colcon_pkg']
[2.755s] [34mcolcon.colcon_core.package_identification[0m [1;30mLevel 1[0m _identify(src/flight2) by extension 'colcon_pkg'
[2.755s] [34mcolcon.colcon_core.package_identification[0m [1;30mLevel 1[0m _identify(src/flight2) by extensions ['colcon_meta']
[2.755s] [34mcolcon.colcon_core.package_identification[0m [1;30mLevel 1[0m _identify(src/flight2) by extension 'colcon_meta'
[2.755s] [34mcolcon.colcon_core.package_identification[0m [1;30mLevel 1[0m _identify(src/flight2) by extensions ['ros']
[2.755s] [34mcolcon.colcon_core.package_identification[0m [1;30mLevel 1[0m _identify(src/flight2) by extension 'ros'
[2.772s] [34mcolcon.colcon_core.package_identification[0m [1;30mDEBUG[0m [32mPackage 'src/flight2' with type 'ros.ament_python' and name 'flight2'[0m
[2.773s] [34mcolcon.colcon_core.package_identification[0m [1;30mLevel 1[0m _identify(src/flight_2) by extensions ['ignore', 'ignore_ament_install']
[2.774s] [34mcolcon.colcon_core.package_identification[0m [1;30mLevel 1[0m _identify(src/flight_2) by extension 'ignore'
[2.775s] [34mcolcon.colcon_core.package_identification[0m [1;30mLevel 1[0m _identify(src/flight_2) by extension 'ignore_ament_install'
[2.775s] [34mcolcon.colcon_core.package_identification[0m [1;30mLevel 1[0m _identify(src/flight_2) by extensions ['colcon_pkg']
[2.775s] [34mcolcon.colcon_core.package_identification[0m [1;30mLevel 1[0m _identify(src/flight_2) by extension 'colcon_pkg'
[2.776s] [34mcolcon.colcon_core.package_identification[0m [1;30mLevel 1[0m _identify(src/flight_2) by extensions ['colcon_meta']
[2.776s] [34mcolcon.colcon_core.package_identification[0m [1;30mLevel 1[0m _identify(src/flight_2) by extension 'colcon_meta'
[2.776s] [34mcolcon.colcon_core.package_identification[0m [1;30mLevel 1[0m _identify(src/flight_2) by extensions ['ros']
[2.777s] [34mcolcon.colcon_core.package_identification[0m [1;30mLevel 1[0m _identify(src/flight_2) by extension 'ros'
[2.780s] [34mcolcon.colcon_core.package_identification[0m [1;30mDEBUG[0m [32mPackage 'src/flight_2' with type 'ros.ament_python' and name 'flight_2'[0m
[2.781s] [34mcolcon.colcon_core.package_identification[0m [1;30mLevel 1[0m _identify(src/px4_autonomy_modules) by extensions ['ignore', 'ignore_ament_install']
[2.782s] [34mcolcon.colcon_core.package_identification[0m [1;30mLevel 1[0m _identify(src/px4_autonomy_modules) by extension 'ignore'
[2.782s] [34mcolcon.colcon_core.package_identification[0m [1;30mLevel 1[0m _identify(src/px4_autonomy_modules) by extension 'ignore_ament_install'
[2.783s] [34mcolcon.colcon_core.package_identification[0m [1;30mLevel 1[0m _identify(src/px4_autonomy_modules) by extensions ['colcon_pkg']
[2.783s] [34mcolcon.colcon_core.package_identification[0m [1;30mLevel 1[0m _identify(src/px4_autonomy_modules) by extension 'colcon_pkg'
[2.783s] [34mcolcon.colcon_core.package_identification[0m [1;30mLevel 1[0m _identify(src/px4_autonomy_modules) by extensions ['colcon_meta']
[2.784s] [34mcolcon.colcon_core.package_identification[0m [1;30mLevel 1[0m _identify(src/px4_autonomy_modules) by extension 'colcon_meta'
[2.784s] [34mcolcon.colcon_core.package_identification[0m [1;30mLevel 1[0m _identify(src/px4_autonomy_modules) by extensions ['ros']
[2.784s] [34mcolcon.colcon_core.package_identification[0m [1;30mLevel 1[0m _identify(src/px4_autonomy_modules) by extension 'ros'
[2.791s] [34mcolcon.colcon_core.package_identification[0m [1;30mDEBUG[0m [32mPackage 'src/px4_autonomy_modules' with type 'ros.ament_cmake' and name 'px4_autonomy_modules'[0m
[2.792s] [34mcolcon.colcon_core.package_identification[0m [1;30mLevel 1[0m _identify(src/vision_bridge) by extensions ['ignore', 'ignore_ament_install']
[2.793s] [34mcolcon.colcon_core.package_identification[0m [1;30mLevel 1[0m _identify(src/vision_bridge) by extension 'ignore'
[2.793s] [34mcolcon.colcon_core.package_identification[0m [1;30mLevel 1[0m _identify(src/vision_bridge) by extension 'ignore_ament_install'
[2.794s] [34mcolcon.colcon_core.package_identification[0m [1;30mLevel 1[0m _identify(src/vision_bridge) by extensions ['colcon_pkg']
[2.794s] [34mcolcon.colcon_core.package_identification[0m [1;30mLevel 1[0m _identify(src/vision_bridge) by extension 'colcon_pkg'
[2.794s] [34mcolcon.colcon_core.package_identification[0m [1;30mLevel 1[0m _identify(src/vision_bridge) by extensions ['colcon_meta']
[2.795s] [34mcolcon.colcon_core.package_identification[0m [1;30mLevel 1[0m _identify(src/vision_bridge) by extension 'colcon_meta'
[2.795s] [34mcolcon.colcon_core.package_identification[0m [1;30mLevel 1[0m _identify(src/vision_bridge) by extensions ['ros']
[2.796s] [34mcolcon.colcon_core.package_identification[0m [1;30mLevel 1[0m _identify(src/vision_bridge) by extension 'ros'
[2.804s] [34mcolcon.colcon_core.package_identification[0m [1;30mDEBUG[0m [32mFailed to parse potential ROS package manifest in'src/vision_bridge': Error(s) in package 'src/vision_bridge/package.xml':
Invalid email "jetson@nospam" for person "Jetson Team"[0m
[2.805s] [34mcolcon.colcon_core.package_identification[0m [1;30mLevel 1[0m _identify(src/vision_bridge) by extensions ['cmake', 'python']
[2.806s] [34mcolcon.colcon_core.package_identification[0m [1;30mLevel 1[0m _identify(src/vision_bridge) by extension 'cmake'
[2.807s] [34mcolcon.colcon_core.package_identification[0m [1;30mLevel 1[0m _identify(src/vision_bridge) by extension 'python'
[2.808s] [34mcolcon.colcon_core.package_identification[0m [1;30mDEBUG[0m [32mPython package in 'src/vision_bridge' passes arguments to the setup() function which requires a different identification extension than 'python'[0m
[2.808s] [34mcolcon.colcon_core.package_identification[0m [1;30mLevel 1[0m _identify(src/vision_bridge) by extensions ['python_setup_py']
[2.809s] [34mcolcon.colcon_core.package_identification[0m [1;30mLevel 1[0m _identify(src/vision_bridge) by extension 'python_setup_py'
[4.443s] [34mcolcon.colcon_core.package_identification[0m [1;30mDEBUG[0m [32mPackage 'src/vision_bridge' with type 'python' and name 'vision_bridge'[0m
[4.444s] [34mcolcon.colcon_core.package_discovery[0m [1;30mLevel 1[0m discover_packages(recursive) using defaults
[4.445s] [34mcolcon.colcon_core.package_discovery[0m [1;30mLevel 1[0m discover_packages(ignore) discover
[4.445s] [34mcolcon.colcon_core.package_discovery[0m [1;30mLevel 1[0m discover_packages(ignore) using defaults
[4.445s] [34mcolcon.colcon_core.package_discovery[0m [1;30mLevel 1[0m discover_packages(path) discover
[4.446s] [34mcolcon.colcon_core.package_discovery[0m [1;30mLevel 1[0m discover_packages(path) using defaults
[4.526s] [34mcolcon.colcon_core.package_discovery[0m [1;30mLevel 1[0m discover_packages(prefix_path) check parameters
[4.527s] [34mcolcon.colcon_core.package_discovery[0m [1;30mLevel 1[0m discover_packages(prefix_path) discover
[4.541s] [34mcolcon.colcon_installed_package_information.package_discovery[0m [1;30mDEBUG[0m [32mFound 0 installed packages in /home/jetson/rob498_2026/capstone2026/ros2_ws/install[0m
[4.545s] [34mcolcon.colcon_installed_package_information.package_discovery[0m [1;30mDEBUG[0m [32mFound 8 installed packages in /home/jetson/rob498/Capstone/drone_ws/install[0m
[4.547s] [34mcolcon.colcon_installed_package_information.package_discovery[0m [1;30mDEBUG[0m [32mFound 1 installed packages in /home/jetson/rob498/ROB498-flight/resources/code/ros2_ws/install[0m
[4.548s] [34mcolcon.colcon_core.package_discovery[0m [1;30mLevel 1[0m discover_packages(prefix_path) using defaults
[4.561s] [34mcolcon.colcon_core.verb[0m [1;30mLevel 5[0m set package 'flight2' build argument 'cmake_args' from command line to 'None'
[4.561s] [34mcolcon.colcon_core.verb[0m [1;30mLevel 5[0m set package 'flight2' build argument 'cmake_target' from command line to 'None'
[4.561s] [34mcolcon.colcon_core.verb[0m [1;30mLevel 5[0m set package 'flight2' build argument 'cmake_target_skip_unavailable' from command line to 'False'
[4.561s] [34mcolcon.colcon_core.verb[0m [1;30mLevel 5[0m set package 'flight2' build argument 'cmake_clean_cache' from command line to 'False'
[4.561s] [34mcolcon.colcon_core.verb[0m [1;30mLevel 5[0m set package 'flight2' build argument 'cmake_clean_first' from command line to 'False'
[4.562s] [34mcolcon.colcon_core.verb[0m [1;30mLevel 5[0m set package 'flight2' build argument 'cmake_force_configure' from command line to 'False'
[4.562s] [34mcolcon.colcon_core.verb[0m [1;30mLevel 5[0m set package 'flight2' build argument 'ament_cmake_args' from command line to 'None'
[4.562s] [34mcolcon.colcon_core.verb[0m [1;30mLevel 5[0m set package 'flight2' build argument 'catkin_cmake_args' from command line to 'None'
[4.562s] [34mcolcon.colcon_core.verb[0m [1;30mLevel 5[0m set package 'flight2' build argument 'catkin_skip_building_tests' from command line to 'False'
[4.562s] [34mcolcon.colcon_core.verb[0m [1;30mDEBUG[0m [32mBuilding package 'flight2' with the following arguments: {'ament_cmake_args': None, 'build_base': '/home/jetson/rob498_2026/capstone2026/ros2_ws/build/flight2', 'catkin_cmake_args': None, 'catkin_skip_building_tests': False, 'cmake_args': None, 'cmake_clean_cache': False, 'cmake_clean_first': False, 'cmake_force_configure': False, 'cmake_target': None, 'cmake_target_skip_unavailable': False, 'install_base': '/home/jetson/rob498_2026/capstone2026/ros2_ws/install/flight2', 'merge_install': False, 'path': '/home/jetson/rob498_2026/capstone2026/ros2_ws/src/flight2', 'symlink_install': True, 'test_result_base': None}[0m
[4.565s] [34mcolcon.colcon_core.verb[0m [1;30mLevel 5[0m set package 'flight_2' build argument 'cmake_args' from command line to 'None'
[4.565s] [34mcolcon.colcon_core.verb[0m [1;30mLevel 5[0m set package 'flight_2' build argument 'cmake_target' from command line to 'None'
[4.565s] [34mcolcon.colcon_core.verb[0m [1;30mLevel 5[0m set package 'flight_2' build argument 'cmake_target_skip_unavailable' from command line to 'False'
[4.566s] [34mcolcon.colcon_core.verb[0m [1;30mLevel 5[0m set package 'flight_2' build argument 'cmake_clean_cache' from command line to 'False'
[4.566s] [34mcolcon.colcon_core.verb[0m [1;30mLevel 5[0m set package 'flight_2' build argument 'cmake_clean_first' from command line to 'False'
[4.566s] [34mcolcon.colcon_core.verb[0m [1;30mLevel 5[0m set package 'flight_2' build argument 'cmake_force_configure' from command line to 'False'
[4.566s] [34mcolcon.colcon_core.verb[0m [1;30mLevel 5[0m set package 'flight_2' build argument 'ament_cmake_args' from command line to 'None'
[4.566s] [34mcolcon.colcon_core.verb[0m [1;30mLevel 5[0m set package 'flight_2' build argument 'catkin_cmake_args' from command line to 'None'
[4.566s] [34mcolcon.colcon_core.verb[0m [1;30mLevel 5[0m set package 'flight_2' build argument 'catkin_skip_building_tests' from command line to 'False'
[4.567s] [34mcolcon.colcon_core.verb[0m [1;30mDEBUG[0m [32mBuilding package 'flight_2' with the following arguments: {'ament_cmake_args': None, 'build_base': '/home/jetson/rob498_2026/capstone2026/ros2_ws/build/flight_2', 'catkin_cmake_args': None, 'catkin_skip_building_tests': False, 'cmake_args': None, 'cmake_clean_cache': False, 'cmake_clean_first': False, 'cmake_force_configure': False, 'cmake_target': None, 'cmake_target_skip_unavailable': False, 'install_base': '/home/jetson/rob498_2026/capstone2026/ros2_ws/install/flight_2', 'merge_install': False, 'path': '/home/jetson/rob498_2026/capstone2026/ros2_ws/src/flight_2', 'symlink_install': True, 'test_result_base': None}[0m
[4.569s] [34mcolcon.colcon_core.verb[0m [1;30mLevel 5[0m set package 'px4_autonomy_modules' build argument 'cmake_args' from command line to 'None'
[4.569s] [34mcolcon.colcon_core.verb[0m [1;30mLevel 5[0m set package 'px4_autonomy_modules' build argument 'cmake_target' from command line to 'None'
[4.569s] [34mcolcon.colcon_core.verb[0m [1;30mLevel 5[0m set package 'px4_autonomy_modules' build argument 'cmake_target_skip_unavailable' from command line to 'False'
[4.569s] [34mcolcon.colcon_core.verb[0m [1;30mLevel 5[0m set package 'px4_autonomy_modules' build argument 'cmake_clean_cache' from command line to 'False'
[4.569s] [34mcolcon.colcon_core.verb[0m [1;30mLevel 5[0m set package 'px4_autonomy_modules' build argument 'cmake_clean_first' from command line to 'False'
[4.569s] [34mcolcon.colcon_core.verb[0m [1;30mLevel 5[0m set package 'px4_autonomy_modules' build argument 'cmake_force_configure' from command line to 'False'
[4.570s] [34mcolcon.colcon_core.verb[0m [1;30mLevel 5[0m set package 'px4_autonomy_modules' build argument 'ament_cmake_args' from command line to 'None'
[4.570s] [34mcolcon.colcon_core.verb[0m [1;30mLevel 5[0m set package 'px4_autonomy_modules' build argument 'catkin_cmake_args' from command line to 'None'
[4.570s] [34mcolcon.colcon_core.verb[0m [1;30mLevel 5[0m set package 'px4_autonomy_modules' build argument 'catkin_skip_building_tests' from command line to 'False'
[4.570s] [34mcolcon.colcon_core.verb[0m [1;30mDEBUG[0m [32mBuilding package 'px4_autonomy_modules' with the following arguments: {'ament_cmake_args': None, 'build_base': '/home/jetson/rob498_2026/capstone2026/ros2_ws/build/px4_autonomy_modules', 'catkin_cmake_args': None, 'catkin_skip_building_tests': False, 'cmake_args': None, 'cmake_clean_cache': False, 'cmake_clean_first': False, 'cmake_force_configure': False, 'cmake_target': None, 'cmake_target_skip_unavailable': False, 'install_base': '/home/jetson/rob498_2026/capstone2026/ros2_ws/install/px4_autonomy_modules', 'merge_install': False, 'path': '/home/jetson/rob498_2026/capstone2026/ros2_ws/src/px4_autonomy_modules', 'symlink_install': True, 'test_result_base': None}[0m
[4.573s] [34mcolcon.colcon_core.verb[0m [1;30mLevel 5[0m set package 'vision_bridge' build argument 'cmake_args' from command line to 'None'
[4.573s] [34mcolcon.colcon_core.verb[0m [1;30mLevel 5[0m set package 'vision_bridge' build argument 'cmake_target' from command line to 'None'
[4.573s] [34mcolcon.colcon_core.verb[0m [1;30mLevel 5[0m set package 'vision_bridge' build argument 'cmake_target_skip_unavailable' from command line to 'False'
[4.573s] [34mcolcon.colcon_core.verb[0m [1;30mLevel 5[0m set package 'vision_bridge' build argument 'cmake_clean_cache' from command line to 'False'
[4.573s] [34mcolcon.colcon_core.verb[0m [1;30mLevel 5[0m set package 'vision_bridge' build argument 'cmake_clean_first' from command line to 'False'
[4.574s] [34mcolcon.colcon_core.verb[0m [1;30mLevel 5[0m set package 'vision_bridge' build argument 'cmake_force_configure' from command line to 'False'
[4.574s] [34mcolcon.colcon_core.verb[0m [1;30mLevel 5[0m set package 'vision_bridge' build argument 'ament_cmake_args' from command line to 'None'
[4.574s] [34mcolcon.colcon_core.verb[0m [1;30mLevel 5[0m set package 'vision_bridge' build argument 'catkin_cmake_args' from command line to 'None'
[4.574s] [34mcolcon.colcon_core.verb[0m [1;30mLevel 5[0m set package 'vision_bridge' build argument 'catkin_skip_building_tests' from command line to 'False'
[4.574s] [34mcolcon.colcon_core.verb[0m [1;30mDEBUG[0m [32mBuilding package 'vision_bridge' with the following arguments: {'ament_cmake_args': None, 'build_base': '/home/jetson/rob498_2026/capstone2026/ros2_ws/build/vision_bridge', 'catkin_cmake_args': None, 'catkin_skip_building_tests': False, 'cmake_args': None, 'cmake_clean_cache': False, 'cmake_clean_first': False, 'cmake_force_configure': False, 'cmake_target': None, 'cmake_target_skip_unavailable': False, 'install_base': '/home/jetson/rob498_2026/capstone2026/ros2_ws/install/vision_bridge', 'merge_install': False, 'path': '/home/jetson/rob498_2026/capstone2026/ros2_ws/src/vision_bridge', 'symlink_install': True, 'test_result_base': None}[0m
[4.575s] [34mcolcon.colcon_core.executor[0m [1;30mINFO[0m Executing jobs using 'parallel' executor
[4.579s] [34mcolcon.colcon_parallel_executor.executor.parallel[0m [1;30mDEBUG[0m [32mrun_until_complete[0m
[4.580s] [34mcolcon.colcon_ros.task.ament_python.build[0m [1;30mINFO[0m Building ROS package in '/home/jetson/rob498_2026/capstone2026/ros2_ws/src/flight2' with build type 'ament_python'
[4.581s] [34mcolcon.colcon_core.shell[0m [1;30mLevel 1[0m create_environment_hook('flight2', 'ament_prefix_path')
[4.591s] [34mcolcon.colcon_core.plugin_system[0m [1;30mINFO[0m Skipping extension 'colcon_core.shell.bat': Not used on non-Windows systems
[4.592s] [34mcolcon.colcon_core.shell[0m [1;30mINFO[0m Creating environment hook '/home/jetson/rob498_2026/capstone2026/ros2_ws/install/flight2/share/flight2/hook/ament_prefix_path.ps1'
[4.595s] [34mcolcon.colcon_core.shell[0m [1;30mINFO[0m Creating environment descriptor '/home/jetson/rob498_2026/capstone2026/ros2_ws/install/flight2/share/flight2/hook/ament_prefix_path.dsv'
[4.598s] [34mcolcon.colcon_core.shell[0m [1;30mINFO[0m Creating environment hook '/home/jetson/rob498_2026/capstone2026/ros2_ws/install/flight2/share/flight2/hook/ament_prefix_path.sh'
[4.601s] [34mcolcon.colcon_core.shell[0m [1;30mINFO[0m Skip shell extension 'powershell' for command environment: Not usable outside of PowerShell
[4.602s] [34mcolcon.colcon_core.shell[0m [1;30mDEBUG[0m [32mSkip shell extension 'dsv' for command environment[0m
[4.624s] [34mcolcon.colcon_ros.task.ament_python.build[0m [1;30mINFO[0m Building ROS package in '/home/jetson/rob498_2026/capstone2026/ros2_ws/src/flight_2' with build type 'ament_python'
[4.626s] [34mcolcon.colcon_core.shell[0m [1;30mLevel 1[0m create_environment_hook('flight_2', 'ament_prefix_path')
[4.627s] [34mcolcon.colcon_core.shell[0m [1;30mINFO[0m Creating environment hook '/home/jetson/rob498_2026/capstone2026/ros2_ws/install/flight_2/share/flight_2/hook/ament_prefix_path.ps1'
[4.631s] [34mcolcon.colcon_core.shell[0m [1;30mINFO[0m Creating environment descriptor '/home/jetson/rob498_2026/capstone2026/ros2_ws/install/flight_2/share/flight_2/hook/ament_prefix_path.dsv'
[4.633s] [34mcolcon.colcon_core.shell[0m [1;30mINFO[0m Creating environment hook '/home/jetson/rob498_2026/capstone2026/ros2_ws/install/flight_2/share/flight_2/hook/ament_prefix_path.sh'
[4.635s] [34mcolcon.colcon_core.shell[0m [1;30mINFO[0m Skip shell extension 'powershell' for command environment: Not usable outside of PowerShell
[4.635s] [34mcolcon.colcon_core.shell[0m [1;30mDEBUG[0m [32mSkip shell extension 'dsv' for command environment[0m
[4.656s] [34mcolcon.colcon_ros.task.ament_cmake.build[0m [1;30mINFO[0m Building ROS package in '/home/jetson/rob498_2026/capstone2026/ros2_ws/src/px4_autonomy_modules' with build type 'ament_cmake'
[4.657s] [34mcolcon.colcon_cmake.task.cmake.build[0m [1;30mINFO[0m Building CMake package in '/home/jetson/rob498_2026/capstone2026/ros2_ws/src/px4_autonomy_modules'
[4.659s] [34mcolcon.colcon_core.shell[0m [1;30mINFO[0m Skip shell extension 'powershell' for command environment: Not usable outside of PowerShell
[4.660s] [34mcolcon.colcon_core.shell[0m [1;30mDEBUG[0m [32mSkip shell extension 'dsv' for command environment[0m
[4.682s] [34mcolcon.colcon_core.task.python.build[0m [1;30mINFO[0m Building Python package in '/home/jetson/rob498_2026/capstone2026/ros2_ws/src/vision_bridge'
[4.684s] [34mcolcon.colcon_core.shell[0m [1;30mINFO[0m Skip shell extension 'powershell' for command environment: Not usable outside of PowerShell
[4.685s] [34mcolcon.colcon_core.shell[0m [1;30mDEBUG[0m [32mSkip shell extension 'dsv' for command environment[0m
[6.113s] [34mcolcon.colcon_core.task.python.build[0m [1;30mINFO[0m Building Python package in '/home/jetson/rob498_2026/capstone2026/ros2_ws/src/flight2'
[6.115s] [34mcolcon.colcon_core.shell[0m [1;30mINFO[0m Skip shell extension 'powershell' for command environment: Not usable outside of PowerShell
[6.115s] [34mcolcon.colcon_core.shell[0m [1;30mDEBUG[0m [32mSkip shell extension 'dsv' for command environment[0m
[7.517s] [34mcolcon.colcon_core.task.python.build[0m [1;30mINFO[0m Building Python package in '/home/jetson/rob498_2026/capstone2026/ros2_ws/src/flight_2'
[7.519s] [34mcolcon.colcon_core.shell[0m [1;30mINFO[0m Skip shell extension 'powershell' for command environment: Not usable outside of PowerShell
[7.519s] [34mcolcon.colcon_core.shell[0m [1;30mDEBUG[0m [32mSkip shell extension 'dsv' for command environment[0m
[7.548s] [34mcolcon.colcon_core.event_handler.log_command[0m [1;30mDEBUG[0m [32mInvoking command in '/home/jetson/rob498_2026/capstone2026/ros2_ws/build/px4_autonomy_modules': CMAKE_PREFIX_PATH=${CMAKE_PREFIX_PATH}:/home/jetson/rob498/Capstone/drone_ws/install/visual_servoing:/home/jetson/rob498/Capstone/drone_ws/install/vicon:/home/jetson/rob498/Capstone/drone_ws/install/test_pkg:/home/jetson/rob498/Capstone/drone_ws/install/offboard_control:/home/jetson/rob498/Capstone/drone_ws/install/cv_basics /usr/bin/cmake /home/jetson/rob498_2026/capstone2026/ros2_ws/src/px4_autonomy_modules -DAMENT_CMAKE_SYMLINK_INSTALL=1 -DCMAKE_INSTALL_PREFIX=/home/jetson/rob498_2026/capstone2026/ros2_ws/install/px4_autonomy_modules[0m
[13.100s] [34mcolcon.colcon_core.event_handler.log_command[0m [1;30mDEBUG[0m [32mInvoking command in '/home/jetson/rob498_2026/capstone2026/ros2_ws/build/flight_2': PYTHONPATH=/home/jetson/rob498_2026/capstone2026/ros2_ws/build/flight_2/prefix_override:/usr/lib/python3/dist-packages/colcon_core/task/python/colcon_distutils_commands:/home/jetson/rob498_2026/capstone2026/ros2_ws/install/flight_2/lib/python3.8/site-packages:${PYTHONPATH} /usr/bin/python3 -W ignore:setup.py install is deprecated -W ignore:easy_install command is deprecated setup.py develop --editable --build-directory /home/jetson/rob498_2026/capstone2026/ros2_ws/build/flight_2/build --no-deps symlink_data[0m
[13.132s] [34mcolcon.colcon_core.event_handler.log_command[0m [1;30mDEBUG[0m [32mInvoking command in '/home/jetson/rob498_2026/capstone2026/ros2_ws/build/flight2': PYTHONPATH=/home/jetson/rob498_2026/capstone2026/ros2_ws/build/flight2/prefix_override:/usr/lib/python3/dist-packages/colcon_core/task/python/colcon_distutils_commands:/home/jetson/rob498_2026/capstone2026/ros2_ws/install/flight2/lib/python3.8/site-packages:${PYTHONPATH} /usr/bin/python3 -W ignore:setup.py install is deprecated -W ignore:easy_install command is deprecated setup.py develop --editable --build-directory /home/jetson/rob498_2026/capstone2026/ros2_ws/build/flight2/build --no-deps symlink_data[0m
[13.160s] [34mcolcon.colcon_core.event_handler.log_command[0m [1;30mDEBUG[0m [32mInvoking command in '/home/jetson/rob498_2026/capstone2026/ros2_ws/build/vision_bridge': PYTHONPATH=/home/jetson/rob498_2026/capstone2026/ros2_ws/build/vision_bridge/prefix_override:/usr/lib/python3/dist-packages/colcon_core/task/python/colcon_distutils_commands:/home/jetson/rob498_2026/capstone2026/ros2_ws/install/vision_bridge/lib/python3.8/site-packages:${PYTHONPATH} /usr/bin/python3 -W ignore:setup.py install is deprecated -W ignore:easy_install command is deprecated setup.py develop --editable --build-directory /home/jetson/rob498_2026/capstone2026/ros2_ws/build/vision_bridge/build --no-deps symlink_data[0m
[14.192s] [34mcolcon.colcon_core.event_handler.log_command[0m [1;30mDEBUG[0m [32mInvoked command in '/home/jetson/rob498_2026/capstone2026/ros2_ws/build/px4_autonomy_modules' returned '1': CMAKE_PREFIX_PATH=${CMAKE_PREFIX_PATH}:/home/jetson/rob498/Capstone/drone_ws/install/visual_servoing:/home/jetson/rob498/Capstone/drone_ws/install/vicon:/home/jetson/rob498/Capstone/drone_ws/install/test_pkg:/home/jetson/rob498/Capstone/drone_ws/install/offboard_control:/home/jetson/rob498/Capstone/drone_ws/install/cv_basics /usr/bin/cmake /home/jetson/rob498_2026/capstone2026/ros2_ws/src/px4_autonomy_modules -DAMENT_CMAKE_SYMLINK_INSTALL=1 -DCMAKE_INSTALL_PREFIX=/home/jetson/rob498_2026/capstone2026/ros2_ws/install/px4_autonomy_modules[0m
[14.364s] [34mcolcon.colcon_core.environment[0m [1;30mLevel 1[0m create_environment_scripts_only(px4_autonomy_modules)
[14.400s] [34mcolcon.colcon_core.environment[0m [1;30mLevel 1[0m checking '/home/jetson/rob498_2026/capstone2026/ros2_ws/install/px4_autonomy_modules' for CMake module files
[14.410s] [34mcolcon.colcon_core.environment[0m [1;30mLevel 1[0m checking '/home/jetson/rob498_2026/capstone2026/ros2_ws/install/px4_autonomy_modules' for CMake config files
[14.411s] [34mcolcon.colcon_core.environment[0m [1;30mLevel 1[0m checking '/home/jetson/rob498_2026/capstone2026/ros2_ws/install/px4_autonomy_modules/bin'
[14.412s] [34mcolcon.colcon_core.environment[0m [1;30mLevel 1[0m checking '/home/jetson/rob498_2026/capstone2026/ros2_ws/install/px4_autonomy_modules/lib/pkgconfig/px4_autonomy_modules.pc'
[14.413s] [34mcolcon.colcon_core.environment[0m [1;30mLevel 1[0m checking '/home/jetson/rob498_2026/capstone2026/ros2_ws/install/px4_autonomy_modules/lib/python3.8/site-packages'
[14.414s] [34mcolcon.colcon_core.environment[0m [1;30mLevel 1[0m checking '/home/jetson/rob498_2026/capstone2026/ros2_ws/install/px4_autonomy_modules/bin'
[14.416s] [34mcolcon.colcon_core.shell[0m [1;30mINFO[0m Creating package script '/home/jetson/rob498_2026/capstone2026/ros2_ws/install/px4_autonomy_modules/share/px4_autonomy_modules/package.ps1'
[14.423s] [34mcolcon.colcon_core.shell[0m [1;30mINFO[0m Creating package descriptor '/home/jetson/rob498_2026/capstone2026/ros2_ws/install/px4_autonomy_modules/share/px4_autonomy_modules/package.dsv'
[14.425s] [34mcolcon.colcon_core.shell[0m [1;30mINFO[0m Creating package script '/home/jetson/rob498_2026/capstone2026/ros2_ws/install/px4_autonomy_modules/share/px4_autonomy_modules/package.sh'
[14.429s] [34mcolcon.colcon_core.shell[0m [1;30mINFO[0m Creating package script '/home/jetson/rob498_2026/capstone2026/ros2_ws/install/px4_autonomy_modules/share/px4_autonomy_modules/package.bash'
[14.443s] [34mcolcon.colcon_core.shell[0m [1;30mINFO[0m Creating package script '/home/jetson/rob498_2026/capstone2026/ros2_ws/install/px4_autonomy_modules/share/px4_autonomy_modules/package.zsh'
[14.448s] [34mcolcon.colcon_core.environment[0m [1;30mLevel 1[0m create_file_with_runtime_dependencies(/home/jetson/rob498_2026/capstone2026/ros2_ws/install/px4_autonomy_modules/share/colcon-core/packages/px4_autonomy_modules)
[16.584s] [34mcolcon.colcon_parallel_executor.executor.parallel[0m [1;30mDEBUG[0m [32mclosing loop[0m
[16.585s] [34mcolcon.colcon_parallel_executor.executor.parallel[0m [1;30mDEBUG[0m [32mloop closed[0m
[16.586s] [34mcolcon.colcon_parallel_executor.executor.parallel[0m [1;30mDEBUG[0m [32mrun_until_complete finished with '1'[0m
[16.586s] [34mcolcon.colcon_core.event_reactor[0m [1;30mDEBUG[0m [32mjoining thread[0m
[16.640s] [34mcolcon.colcon_core.plugin_system[0m [1;30mINFO[0m Skipping extension 'colcon_notification.desktop_notification.terminal_notifier': Not used on non-Darwin systems
[16.641s] [34mcolcon.colcon_core.plugin_system[0m [1;30mINFO[0m Skipping extension 'colcon_notification.desktop_notification.win32': Not used on non-Windows systems
[16.641s] [34mcolcon.colcon_notification.desktop_notification[0m [1;30mINFO[0m Sending desktop notification using 'notify2'
[16.709s] [34mcolcon.colcon_core.event_reactor[0m [1;30mDEBUG[0m [32mjoined thread[0m
[16.710s] [34mcolcon.colcon_core.shell[0m [1;30mINFO[0m Creating prefix script '/home/jetson/rob498_2026/capstone2026/ros2_ws/install/local_setup.ps1'
[16.717s] [34mcolcon.colcon_core.shell[0m [1;30mINFO[0m Creating prefix util module '/home/jetson/rob498_2026/capstone2026/ros2_ws/install/_local_setup_util_ps1.py'
[16.725s] [34mcolcon.colcon_core.shell[0m [1;30mINFO[0m Creating prefix chain script '/home/jetson/rob498_2026/capstone2026/ros2_ws/install/setup.ps1'
[16.739s] [34mcolcon.colcon_core.shell[0m [1;30mINFO[0m Creating prefix script '/home/jetson/rob498_2026/capstone2026/ros2_ws/install/local_setup.sh'
[16.743s] [34mcolcon.colcon_core.shell[0m [1;30mINFO[0m Creating prefix util module '/home/jetson/rob498_2026/capstone2026/ros2_ws/install/_local_setup_util_sh.py'
[16.745s] [34mcolcon.colcon_core.shell[0m [1;30mINFO[0m Creating prefix chain script '/home/jetson/rob498_2026/capstone2026/ros2_ws/install/setup.sh'
[16.752s] [34mcolcon.colcon_core.shell[0m [1;30mINFO[0m Creating prefix script '/home/jetson/rob498_2026/capstone2026/ros2_ws/install/local_setup.bash'
[16.755s] [34mcolcon.colcon_core.shell[0m [1;30mINFO[0m Creating prefix chain script '/home/jetson/rob498_2026/capstone2026/ros2_ws/install/setup.bash'
[16.762s] [34mcolcon.colcon_core.shell[0m [1;30mINFO[0m Creating prefix script '/home/jetson/rob498_2026/capstone2026/ros2_ws/install/local_setup.zsh'
[16.765s] [34mcolcon.colcon_core.shell[0m [1;30mINFO[0m Creating prefix chain script '/home/jetson/rob498_2026/capstone2026/ros2_ws/install/setup.zsh'
