[2.147s] [34mcolcon[0m [1;30mDEBUG[0m [32mCommand line arguments: ['/usr/bin/colcon', 'build', '--symlink-install'][0m
[2.148s] [34mcolcon[0m [1;30mDEBUG[0m [32mParsed command line arguments: Namespace(allow_overriding=[], ament_cmake_args=None, base_paths=['.'], build_base='build', catkin_cmake_args=None, catkin_skip_building_tests=False, cmake_args=None, cmake_clean_cache=False, cmake_clean_first=False, cmake_force_configure=False, cmake_target=None, cmake_target_skip_unavailable=False, continue_on_error=False, event_handlers=None, executor='parallel', ignore_user_meta=False, install_base='install', log_base=None, log_level=None, main=<bound method BuildVerb.main of <colcon_core.verb.build.BuildVerb object at 0x7f91c12fa0>>, merge_install=False, metas=['./colcon.meta'], mixin=None, mixin_files=None, mixin_verb=('build',), packages_above=None, packages_above_and_dependencies=None, packages_above_depth=None, packages_end=None, packages_ignore=None, packages_ignore_regex=None, packages_select=None, packages_select_build_failed=False, packages_select_by_dep=None, packages_select_regex=None, packages_select_test_failures=False, packages_skip=None, packages_skip_build_finished=False, packages_skip_by_dep=None, packages_skip_regex=None, packages_skip_test_passed=False, packages_skip_up_to=None, packages_start=None, packages_up_to=None, packages_up_to_regex=None, parallel_workers=4, paths=None, symlink_install=True, test_result_base=None, verb_extension=<colcon_core.verb.build.BuildVerb object at 0x7f91c12fa0>, verb_name='build', verb_parser=<colcon_mixin.mixin.mixin_argument.MixinArgumentDecorator object at 0x7f91ba7ca0>)[0m
[3.795s] [34mcolcon.colcon_core.package_discovery[0m [1;30mLevel 1[0m discover_packages(colcon_meta) check parameters
[3.796s] [34mcolcon.colcon_core.package_discovery[0m [1;30mLevel 1[0m discover_packages(recursive) check parameters
[3.797s] [34mcolcon.colcon_core.package_discovery[0m [1;30mLevel 1[0m discover_packages(ignore) check parameters
[3.798s] [34mcolcon.colcon_core.package_discovery[0m [1;30mLevel 1[0m discover_packages(path) check parameters
[3.798s] [34mcolcon.colcon_core.package_discovery[0m [1;30mLevel 1[0m discover_packages(colcon_meta) discover
[3.799s] [34mcolcon.colcon_core.package_discovery[0m [1;30mLevel 1[0m discover_packages(recursive) discover
[3.800s] [34mcolcon.colcon_core.package_discovery[0m [1;30mINFO[0m Crawling recursively for packages in '/home/jetson/rob498_2026/capstone2026/ros2_ws'
[3.801s] [34mcolcon.colcon_core.package_identification[0m [1;30mLevel 1[0m _identify(.) by extensions ['ignore', 'ignore_ament_install']
[3.802s] [34mcolcon.colcon_core.package_identification[0m [1;30mLevel 1[0m _identify(.) by extension 'ignore'
[3.803s] [34mcolcon.colcon_core.package_identification[0m [1;30mLevel 1[0m _identify(.) by extension 'ignore_ament_install'
[3.804s] [34mcolcon.colcon_core.package_identification[0m [1;30mLevel 1[0m _identify(.) by extensions ['colcon_pkg']
[3.805s] [34mcolcon.colcon_core.package_identification[0m [1;30mLevel 1[0m _identify(.) by extension 'colcon_pkg'
[3.806s] [34mcolcon.colcon_core.package_identification[0m [1;30mLevel 1[0m _identify(.) by extensions ['colcon_meta']
[3.807s] [34mcolcon.colcon_core.package_identification[0m [1;30mLevel 1[0m _identify(.) by extension 'colcon_meta'
[3.807s] [34mcolcon.colcon_core.package_identification[0m [1;30mLevel 1[0m _identify(.) by extensions ['ros']
[3.809s] [34mcolcon.colcon_core.package_identification[0m [1;30mLevel 1[0m _identify(.) by extension 'ros'
[3.950s] [34mcolcon.colcon_core.package_identification[0m [1;30mLevel 1[0m _identify(.) by extensions ['cmake', 'python']
[3.950s] [34mcolcon.colcon_core.package_identification[0m [1;30mLevel 1[0m _identify(.) by extension 'cmake'
[3.951s] [34mcolcon.colcon_core.package_identification[0m [1;30mLevel 1[0m _identify(.) by extension 'python'
[3.951s] [34mcolcon.colcon_core.package_identification[0m [1;30mLevel 1[0m _identify(.) by extensions ['python_setup_py']
[3.951s] [34mcolcon.colcon_core.package_identification[0m [1;30mLevel 1[0m _identify(.) by extension 'python_setup_py'
[3.952s] [34mcolcon.colcon_core.package_identification[0m [1;30mLevel 1[0m _identify(build) by extensions ['ignore', 'ignore_ament_install']
[3.953s] [34mcolcon.colcon_core.package_identification[0m [1;30mLevel 1[0m _identify(build) by extension 'ignore'
[3.953s] [34mcolcon.colcon_core.package_identification[0m [1;30mLevel 1[0m _identify(build) ignored
[3.954s] [34mcolcon.colcon_core.package_identification[0m [1;30mLevel 1[0m _identify(install) by extensions ['ignore', 'ignore_ament_install']
[3.955s] [34mcolcon.colcon_core.package_identification[0m [1;30mLevel 1[0m _identify(install) by extension 'ignore'
[3.955s] [34mcolcon.colcon_core.package_identification[0m [1;30mLevel 1[0m _identify(install) ignored
[3.956s] [34mcolcon.colcon_core.package_identification[0m [1;30mLevel 1[0m _identify(log) by extensions ['ignore', 'ignore_ament_install']
[3.956s] [34mcolcon.colcon_core.package_identification[0m [1;30mLevel 1[0m _identify(log) by extension 'ignore'
[3.956s] [34mcolcon.colcon_core.package_identification[0m [1;30mLevel 1[0m _identify(log) ignored
[3.957s] [34mcolcon.colcon_core.package_identification[0m [1;30mLevel 1[0m _identify(src) by extensions ['ignore', 'ignore_ament_install']
[3.958s] [34mcolcon.colcon_core.package_identification[0m [1;30mLevel 1[0m _identify(src) by extension 'ignore'
[3.958s] [34mcolcon.colcon_core.package_identification[0m [1;30mLevel 1[0m _identify(src) by extension 'ignore_ament_install'
[3.958s] [34mcolcon.colcon_core.package_identification[0m [1;30mLevel 1[0m _identify(src) by extensions ['colcon_pkg']
[3.959s] [34mcolcon.colcon_core.package_identification[0m [1;30mLevel 1[0m _identify(src) by extension 'colcon_pkg'
[3.959s] [34mcolcon.colcon_core.package_identification[0m [1;30mLevel 1[0m _identify(src) by extensions ['colcon_meta']
[3.959s] [34mcolcon.colcon_core.package_identification[0m [1;30mLevel 1[0m _identify(src) by extension 'colcon_meta'
[3.960s] [34mcolcon.colcon_core.package_identification[0m [1;30mLevel 1[0m _identify(src) by extensions ['ros']
[3.960s] [34mcolcon.colcon_core.package_identification[0m [1;30mLevel 1[0m _identify(src) by extension 'ros'
[3.960s] [34mcolcon.colcon_core.package_identification[0m [1;30mLevel 1[0m _identify(src) by extensions ['cmake', 'python']
[3.961s] [34mcolcon.colcon_core.package_identification[0m [1;30mLevel 1[0m _identify(src) by extension 'cmake'
[3.961s] [34mcolcon.colcon_core.package_identification[0m [1;30mLevel 1[0m _identify(src) by extension 'python'
[3.961s] [34mcolcon.colcon_core.package_identification[0m [1;30mLevel 1[0m _identify(src) by extensions ['python_setup_py']
[3.961s] [34mcolcon.colcon_core.package_identification[0m [1;30mLevel 1[0m _identify(src) by extension 'python_setup_py'
[3.962s] [34mcolcon.colcon_core.package_identification[0m [1;30mLevel 1[0m _identify(src/flight2) by extensions ['ignore', 'ignore_ament_install']
[3.963s] [34mcolcon.colcon_core.package_identification[0m [1;30mLevel 1[0m _identify(src/flight2) by extension 'ignore'
[3.963s] [34mcolcon.colcon_core.package_identification[0m [1;30mLevel 1[0m _identify(src/flight2) by extension 'ignore_ament_install'
[3.963s] [34mcolcon.colcon_core.package_identification[0m [1;30mLevel 1[0m _identify(src/flight2) by extensions ['colcon_pkg']
[3.964s] [34mcolcon.colcon_core.package_identification[0m [1;30mLevel 1[0m _identify(src/flight2) by extension 'colcon_pkg'
[3.964s] [34mcolcon.colcon_core.package_identification[0m [1;30mLevel 1[0m _identify(src/flight2) by extensions ['colcon_meta']
[3.964s] [34mcolcon.colcon_core.package_identification[0m [1;30mLevel 1[0m _identify(src/flight2) by extension 'colcon_meta'
[3.964s] [34mcolcon.colcon_core.package_identification[0m [1;30mLevel 1[0m _identify(src/flight2) by extensions ['ros']
[3.965s] [34mcolcon.colcon_core.package_identification[0m [1;30mLevel 1[0m _identify(src/flight2) by extension 'ros'
[3.981s] [34mcolcon.colcon_core.package_identification[0m [1;30mDEBUG[0m [32mPackage 'src/flight2' with type 'ros.ament_python' and name 'flight2'[0m
[3.982s] [34mcolcon.colcon_core.package_identification[0m [1;30mLevel 1[0m _identify(src/flight_2) by extensions ['ignore', 'ignore_ament_install']
[3.983s] [34mcolcon.colcon_core.package_identification[0m [1;30mLevel 1[0m _identify(src/flight_2) by extension 'ignore'
[3.984s] [34mcolcon.colcon_core.package_identification[0m [1;30mLevel 1[0m _identify(src/flight_2) by extension 'ignore_ament_install'
[3.984s] [34mcolcon.colcon_core.package_identification[0m [1;30mLevel 1[0m _identify(src/flight_2) by extensions ['colcon_pkg']
[3.985s] [34mcolcon.colcon_core.package_identification[0m [1;30mLevel 1[0m _identify(src/flight_2) by extension 'colcon_pkg'
[3.985s] [34mcolcon.colcon_core.package_identification[0m [1;30mLevel 1[0m _identify(src/flight_2) by extensions ['colcon_meta']
[3.985s] [34mcolcon.colcon_core.package_identification[0m [1;30mLevel 1[0m _identify(src/flight_2) by extension 'colcon_meta'
[3.986s] [34mcolcon.colcon_core.package_identification[0m [1;30mLevel 1[0m _identify(src/flight_2) by extensions ['ros']
[3.986s] [34mcolcon.colcon_core.package_identification[0m [1;30mLevel 1[0m _identify(src/flight_2) by extension 'ros'
[3.990s] [34mcolcon.colcon_core.package_identification[0m [1;30mDEBUG[0m [32mPackage 'src/flight_2' with type 'ros.ament_python' and name 'flight_2'[0m
[3.991s] [34mcolcon.colcon_core.package_identification[0m [1;30mLevel 1[0m _identify(src/px4_autonomy_modules) by extensions ['ignore', 'ignore_ament_install']
[3.992s] [34mcolcon.colcon_core.package_identification[0m [1;30mLevel 1[0m _identify(src/px4_autonomy_modules) by extension 'ignore'
[3.992s] [34mcolcon.colcon_core.package_identification[0m [1;30mLevel 1[0m _identify(src/px4_autonomy_modules) by extension 'ignore_ament_install'
[3.992s] [34mcolcon.colcon_core.package_identification[0m [1;30mLevel 1[0m _identify(src/px4_autonomy_modules) by extensions ['colcon_pkg']
[3.993s] [34mcolcon.colcon_core.package_identification[0m [1;30mLevel 1[0m _identify(src/px4_autonomy_modules) by extension 'colcon_pkg'
[3.993s] [34mcolcon.colcon_core.package_identification[0m [1;30mLevel 1[0m _identify(src/px4_autonomy_modules) by extensions ['colcon_meta']
[3.993s] [34mcolcon.colcon_core.package_identification[0m [1;30mLevel 1[0m _identify(src/px4_autonomy_modules) by extension 'colcon_meta'
[3.994s] [34mcolcon.colcon_core.package_identification[0m [1;30mLevel 1[0m _identify(src/px4_autonomy_modules) by extensions ['ros']
[3.994s] [34mcolcon.colcon_core.package_identification[0m [1;30mLevel 1[0m _identify(src/px4_autonomy_modules) by extension 'ros'
[4.002s] [34mcolcon.colcon_core.package_identification[0m [1;30mDEBUG[0m [32mPackage 'src/px4_autonomy_modules' with type 'ros.ament_cmake' and name 'px4_autonomy_modules'[0m
[4.003s] [34mcolcon.colcon_core.package_identification[0m [1;30mLevel 1[0m _identify(src/vision_bridge) by extensions ['ignore', 'ignore_ament_install']
[4.003s] [34mcolcon.colcon_core.package_identification[0m [1;30mLevel 1[0m _identify(src/vision_bridge) by extension 'ignore'
[4.004s] [34mcolcon.colcon_core.package_identification[0m [1;30mLevel 1[0m _identify(src/vision_bridge) by extension 'ignore_ament_install'
[4.004s] [34mcolcon.colcon_core.package_identification[0m [1;30mLevel 1[0m _identify(src/vision_bridge) by extensions ['colcon_pkg']
[4.004s] [34mcolcon.colcon_core.package_identification[0m [1;30mLevel 1[0m _identify(src/vision_bridge) by extension 'colcon_pkg'
[4.004s] [34mcolcon.colcon_core.package_identification[0m [1;30mLevel 1[0m _identify(src/vision_bridge) by extensions ['colcon_meta']
[4.005s] [34mcolcon.colcon_core.package_identification[0m [1;30mLevel 1[0m _identify(src/vision_bridge) by extension 'colcon_meta'
[4.005s] [34mcolcon.colcon_core.package_identification[0m [1;30mLevel 1[0m _identify(src/vision_bridge) by extensions ['ros']
[4.005s] [34mcolcon.colcon_core.package_identification[0m [1;30mLevel 1[0m _identify(src/vision_bridge) by extension 'ros'
[4.011s] [34mcolcon.colcon_core.package_identification[0m [1;30mDEBUG[0m [32mFailed to parse potential ROS package manifest in'src/vision_bridge': Error(s) in package 'src/vision_bridge/package.xml':
Invalid email "jetson@nospam" for person "Jetson Team"[0m
[4.011s] [34mcolcon.colcon_core.package_identification[0m [1;30mLevel 1[0m _identify(src/vision_bridge) by extensions ['cmake', 'python']
[4.012s] [34mcolcon.colcon_core.package_identification[0m [1;30mLevel 1[0m _identify(src/vision_bridge) by extension 'cmake'
[4.012s] [34mcolcon.colcon_core.package_identification[0m [1;30mLevel 1[0m _identify(src/vision_bridge) by extension 'python'
[4.013s] [34mcolcon.colcon_core.package_identification[0m [1;30mDEBUG[0m [32mPython package in 'src/vision_bridge' passes arguments to the setup() function which requires a different identification extension than 'python'[0m
[4.014s] [34mcolcon.colcon_core.package_identification[0m [1;30mLevel 1[0m _identify(src/vision_bridge) by extensions ['python_setup_py']
[4.014s] [34mcolcon.colcon_core.package_identification[0m [1;30mLevel 1[0m _identify(src/vision_bridge) by extension 'python_setup_py'
[5.598s] [34mcolcon.colcon_core.package_identification[0m [1;30mDEBUG[0m [32mPackage 'src/vision_bridge' with type 'python' and name 'vision_bridge'[0m
[5.599s] [34mcolcon.colcon_core.package_discovery[0m [1;30mLevel 1[0m discover_packages(recursive) using defaults
[5.600s] [34mcolcon.colcon_core.package_discovery[0m [1;30mLevel 1[0m discover_packages(ignore) discover
[5.600s] [34mcolcon.colcon_core.package_discovery[0m [1;30mLevel 1[0m discover_packages(ignore) using defaults
[5.600s] [34mcolcon.colcon_core.package_discovery[0m [1;30mLevel 1[0m discover_packages(path) discover
[5.600s] [34mcolcon.colcon_core.package_discovery[0m [1;30mLevel 1[0m discover_packages(path) using defaults
[5.713s] [34mcolcon.colcon_core.package_discovery[0m [1;30mLevel 1[0m discover_packages(prefix_path) check parameters
[5.714s] [34mcolcon.colcon_core.package_discovery[0m [1;30mLevel 1[0m discover_packages(prefix_path) discover
[5.729s] [34mcolcon.colcon_installed_package_information.package_discovery[0m [1;30mDEBUG[0m [32mFound 1 installed packages in /home/jetson/rob498_2026/capstone2026/ros2_ws/install[0m
[5.736s] [34mcolcon.colcon_installed_package_information.package_discovery[0m [1;30mDEBUG[0m [32mFound 8 installed packages in /home/jetson/rob498/Capstone/drone_ws/install[0m
[5.739s] [34mcolcon.colcon_installed_package_information.package_discovery[0m [1;30mDEBUG[0m [32mFound 1 installed packages in /home/jetson/rob498/ROB498-flight/resources/code/ros2_ws/install[0m
[5.746s] [34mcolcon.colcon_installed_package_information.package_discovery[0m [1;30mDEBUG[0m [32mFound 199 installed packages in /opt/ros/foxy[0m
[5.753s] [34mcolcon.colcon_core.package_discovery[0m [1;30mLevel 1[0m discover_packages(prefix_path) using defaults
[6.016s] [34mcolcon.colcon_core.verb[0m [1;30mLevel 5[0m set package 'flight2' build argument 'cmake_args' from command line to 'None'
[6.017s] [34mcolcon.colcon_core.verb[0m [1;30mLevel 5[0m set package 'flight2' build argument 'cmake_target' from command line to 'None'
[6.017s] [34mcolcon.colcon_core.verb[0m [1;30mLevel 5[0m set package 'flight2' build argument 'cmake_target_skip_unavailable' from command line to 'False'
[6.017s] [34mcolcon.colcon_core.verb[0m [1;30mLevel 5[0m set package 'flight2' build argument 'cmake_clean_cache' from command line to 'False'
[6.017s] [34mcolcon.colcon_core.verb[0m [1;30mLevel 5[0m set package 'flight2' build argument 'cmake_clean_first' from command line to 'False'
[6.017s] [34mcolcon.colcon_core.verb[0m [1;30mLevel 5[0m set package 'flight2' build argument 'cmake_force_configure' from command line to 'False'
[6.017s] [34mcolcon.colcon_core.verb[0m [1;30mLevel 5[0m set package 'flight2' build argument 'ament_cmake_args' from command line to 'None'
[6.018s] [34mcolcon.colcon_core.verb[0m [1;30mLevel 5[0m set package 'flight2' build argument 'catkin_cmake_args' from command line to 'None'
[6.018s] [34mcolcon.colcon_core.verb[0m [1;30mLevel 5[0m set package 'flight2' build argument 'catkin_skip_building_tests' from command line to 'False'
[6.018s] [34mcolcon.colcon_core.verb[0m [1;30mDEBUG[0m [32mBuilding package 'flight2' with the following arguments: {'ament_cmake_args': None, 'build_base': '/home/jetson/rob498_2026/capstone2026/ros2_ws/build/flight2', 'catkin_cmake_args': None, 'catkin_skip_building_tests': False, 'cmake_args': None, 'cmake_clean_cache': False, 'cmake_clean_first': False, 'cmake_force_configure': False, 'cmake_target': None, 'cmake_target_skip_unavailable': False, 'install_base': '/home/jetson/rob498_2026/capstone2026/ros2_ws/install/flight2', 'merge_install': False, 'path': '/home/jetson/rob498_2026/capstone2026/ros2_ws/src/flight2', 'symlink_install': True, 'test_result_base': None}[0m
[6.020s] [34mcolcon.colcon_core.verb[0m [1;30mLevel 5[0m set package 'flight_2' build argument 'cmake_args' from command line to 'None'
[6.020s] [34mcolcon.colcon_core.verb[0m [1;30mLevel 5[0m set package 'flight_2' build argument 'cmake_target' from command line to 'None'
[6.020s] [34mcolcon.colcon_core.verb[0m [1;30mLevel 5[0m set package 'flight_2' build argument 'cmake_target_skip_unavailable' from command line to 'False'
[6.020s] [34mcolcon.colcon_core.verb[0m [1;30mLevel 5[0m set package 'flight_2' build argument 'cmake_clean_cache' from command line to 'False'
[6.021s] [34mcolcon.colcon_core.verb[0m [1;30mLevel 5[0m set package 'flight_2' build argument 'cmake_clean_first' from command line to 'False'
[6.021s] [34mcolcon.colcon_core.verb[0m [1;30mLevel 5[0m set package 'flight_2' build argument 'cmake_force_configure' from command line to 'False'
[6.021s] [34mcolcon.colcon_core.verb[0m [1;30mLevel 5[0m set package 'flight_2' build argument 'ament_cmake_args' from command line to 'None'
[6.021s] [34mcolcon.colcon_core.verb[0m [1;30mLevel 5[0m set package 'flight_2' build argument 'catkin_cmake_args' from command line to 'None'
[6.021s] [34mcolcon.colcon_core.verb[0m [1;30mLevel 5[0m set package 'flight_2' build argument 'catkin_skip_building_tests' from command line to 'False'
[6.021s] [34mcolcon.colcon_core.verb[0m [1;30mDEBUG[0m [32mBuilding package 'flight_2' with the following arguments: {'ament_cmake_args': None, 'build_base': '/home/jetson/rob498_2026/capstone2026/ros2_ws/build/flight_2', 'catkin_cmake_args': None, 'catkin_skip_building_tests': False, 'cmake_args': None, 'cmake_clean_cache': False, 'cmake_clean_first': False, 'cmake_force_configure': False, 'cmake_target': None, 'cmake_target_skip_unavailable': False, 'install_base': '/home/jetson/rob498_2026/capstone2026/ros2_ws/install/flight_2', 'merge_install': False, 'path': '/home/jetson/rob498_2026/capstone2026/ros2_ws/src/flight_2', 'symlink_install': True, 'test_result_base': None}[0m
[6.023s] [34mcolcon.colcon_core.verb[0m [1;30mLevel 5[0m set package 'px4_autonomy_modules' build argument 'cmake_args' from command line to 'None'
[6.023s] [34mcolcon.colcon_core.verb[0m [1;30mLevel 5[0m set package 'px4_autonomy_modules' build argument 'cmake_target' from command line to 'None'
[6.024s] [34mcolcon.colcon_core.verb[0m [1;30mLevel 5[0m set package 'px4_autonomy_modules' build argument 'cmake_target_skip_unavailable' from command line to 'False'
[6.024s] [34mcolcon.colcon_core.verb[0m [1;30mLevel 5[0m set package 'px4_autonomy_modules' build argument 'cmake_clean_cache' from command line to 'False'
[6.024s] [34mcolcon.colcon_core.verb[0m [1;30mLevel 5[0m set package 'px4_autonomy_modules' build argument 'cmake_clean_first' from command line to 'False'
[6.024s] [34mcolcon.colcon_core.verb[0m [1;30mLevel 5[0m set package 'px4_autonomy_modules' build argument 'cmake_force_configure' from command line to 'False'
[6.024s] [34mcolcon.colcon_core.verb[0m [1;30mLevel 5[0m set package 'px4_autonomy_modules' build argument 'ament_cmake_args' from command line to 'None'
[6.024s] [34mcolcon.colcon_core.verb[0m [1;30mLevel 5[0m set package 'px4_autonomy_modules' build argument 'catkin_cmake_args' from command line to 'None'
[6.024s] [34mcolcon.colcon_core.verb[0m [1;30mLevel 5[0m set package 'px4_autonomy_modules' build argument 'catkin_skip_building_tests' from command line to 'False'
[6.025s] [34mcolcon.colcon_core.verb[0m [1;30mDEBUG[0m [32mBuilding package 'px4_autonomy_modules' with the following arguments: {'ament_cmake_args': None, 'build_base': '/home/jetson/rob498_2026/capstone2026/ros2_ws/build/px4_autonomy_modules', 'catkin_cmake_args': None, 'catkin_skip_building_tests': False, 'cmake_args': None, 'cmake_clean_cache': False, 'cmake_clean_first': False, 'cmake_force_configure': False, 'cmake_target': None, 'cmake_target_skip_unavailable': False, 'install_base': '/home/jetson/rob498_2026/capstone2026/ros2_ws/install/px4_autonomy_modules', 'merge_install': False, 'path': '/home/jetson/rob498_2026/capstone2026/ros2_ws/src/px4_autonomy_modules', 'symlink_install': True, 'test_result_base': None}[0m
[6.027s] [34mcolcon.colcon_core.verb[0m [1;30mLevel 5[0m set package 'vision_bridge' build argument 'cmake_args' from command line to 'None'
[6.027s] [34mcolcon.colcon_core.verb[0m [1;30mLevel 5[0m set package 'vision_bridge' build argument 'cmake_target' from command line to 'None'
[6.027s] [34mcolcon.colcon_core.verb[0m [1;30mLevel 5[0m set package 'vision_bridge' build argument 'cmake_target_skip_unavailable' from command line to 'False'
[6.027s] [34mcolcon.colcon_core.verb[0m [1;30mLevel 5[0m set package 'vision_bridge' build argument 'cmake_clean_cache' from command line to 'False'
[6.027s] [34mcolcon.colcon_core.verb[0m [1;30mLevel 5[0m set package 'vision_bridge' build argument 'cmake_clean_first' from command line to 'False'
[6.027s] [34mcolcon.colcon_core.verb[0m [1;30mLevel 5[0m set package 'vision_bridge' build argument 'cmake_force_configure' from command line to 'False'
[6.027s] [34mcolcon.colcon_core.verb[0m [1;30mLevel 5[0m set package 'vision_bridge' build argument 'ament_cmake_args' from command line to 'None'
[6.028s] [34mcolcon.colcon_core.verb[0m [1;30mLevel 5[0m set package 'vision_bridge' build argument 'catkin_cmake_args' from command line to 'None'
[6.028s] [34mcolcon.colcon_core.verb[0m [1;30mLevel 5[0m set package 'vision_bridge' build argument 'catkin_skip_building_tests' from command line to 'False'
[6.028s] [34mcolcon.colcon_core.verb[0m [1;30mDEBUG[0m [32mBuilding package 'vision_bridge' with the following arguments: {'ament_cmake_args': None, 'build_base': '/home/jetson/rob498_2026/capstone2026/ros2_ws/build/vision_bridge', 'catkin_cmake_args': None, 'catkin_skip_building_tests': False, 'cmake_args': None, 'cmake_clean_cache': False, 'cmake_clean_first': False, 'cmake_force_configure': False, 'cmake_target': None, 'cmake_target_skip_unavailable': False, 'install_base': '/home/jetson/rob498_2026/capstone2026/ros2_ws/install/vision_bridge', 'merge_install': False, 'path': '/home/jetson/rob498_2026/capstone2026/ros2_ws/src/vision_bridge', 'symlink_install': True, 'test_result_base': None}[0m
[6.029s] [34mcolcon.colcon_core.executor[0m [1;30mINFO[0m Executing jobs using 'parallel' executor
[6.033s] [34mcolcon.colcon_parallel_executor.executor.parallel[0m [1;30mDEBUG[0m [32mrun_until_complete[0m
[6.035s] [34mcolcon.colcon_ros.task.ament_python.build[0m [1;30mINFO[0m Building ROS package in '/home/jetson/rob498_2026/capstone2026/ros2_ws/src/flight2' with build type 'ament_python'
[6.035s] [34mcolcon.colcon_core.shell[0m [1;30mLevel 1[0m create_environment_hook('flight2', 'ament_prefix_path')
[6.055s] [34mcolcon.colcon_core.plugin_system[0m [1;30mINFO[0m Skipping extension 'colcon_core.shell.bat': Not used on non-Windows systems
[6.056s] [34mcolcon.colcon_core.shell[0m [1;30mINFO[0m Creating environment hook '/home/jetson/rob498_2026/capstone2026/ros2_ws/install/flight2/share/flight2/hook/ament_prefix_path.ps1'
[6.061s] [34mcolcon.colcon_core.shell[0m [1;30mINFO[0m Creating environment descriptor '/home/jetson/rob498_2026/capstone2026/ros2_ws/install/flight2/share/flight2/hook/ament_prefix_path.dsv'
[6.065s] [34mcolcon.colcon_core.shell[0m [1;30mINFO[0m Creating environment hook '/home/jetson/rob498_2026/capstone2026/ros2_ws/install/flight2/share/flight2/hook/ament_prefix_path.sh'
[6.070s] [34mcolcon.colcon_core.shell[0m [1;30mINFO[0m Skip shell extension 'powershell' for command environment: Not usable outside of PowerShell
[6.071s] [34mcolcon.colcon_core.shell[0m [1;30mDEBUG[0m [32mSkip shell extension 'dsv' for command environment[0m
[6.101s] [34mcolcon.colcon_ros.task.ament_python.build[0m [1;30mINFO[0m Building ROS package in '/home/jetson/rob498_2026/capstone2026/ros2_ws/src/flight_2' with build type 'ament_python'
[6.103s] [34mcolcon.colcon_core.shell[0m [1;30mLevel 1[0m create_environment_hook('flight_2', 'ament_prefix_path')
[6.104s] [34mcolcon.colcon_core.shell[0m [1;30mINFO[0m Creating environment hook '/home/jetson/rob498_2026/capstone2026/ros2_ws/install/flight_2/share/flight_2/hook/ament_prefix_path.ps1'
[6.107s] [34mcolcon.colcon_core.shell[0m [1;30mINFO[0m Creating environment descriptor '/home/jetson/rob498_2026/capstone2026/ros2_ws/install/flight_2/share/flight_2/hook/ament_prefix_path.dsv'
[6.109s] [34mcolcon.colcon_core.shell[0m [1;30mINFO[0m Creating environment hook '/home/jetson/rob498_2026/capstone2026/ros2_ws/install/flight_2/share/flight_2/hook/ament_prefix_path.sh'
[6.112s] [34mcolcon.colcon_core.shell[0m [1;30mINFO[0m Skip shell extension 'powershell' for command environment: Not usable outside of PowerShell
[6.112s] [34mcolcon.colcon_core.shell[0m [1;30mDEBUG[0m [32mSkip shell extension 'dsv' for command environment[0m
[6.140s] [34mcolcon.colcon_ros.task.ament_cmake.build[0m [1;30mINFO[0m Building ROS package in '/home/jetson/rob498_2026/capstone2026/ros2_ws/src/px4_autonomy_modules' with build type 'ament_cmake'
[6.141s] [34mcolcon.colcon_cmake.task.cmake.build[0m [1;30mINFO[0m Building CMake package in '/home/jetson/rob498_2026/capstone2026/ros2_ws/src/px4_autonomy_modules'
[6.144s] [34mcolcon.colcon_core.shell[0m [1;30mINFO[0m Skip shell extension 'powershell' for command environment: Not usable outside of PowerShell
[6.144s] [34mcolcon.colcon_core.shell[0m [1;30mDEBUG[0m [32mSkip shell extension 'dsv' for command environment[0m
[6.175s] [34mcolcon.colcon_core.task.python.build[0m [1;30mINFO[0m Building Python package in '/home/jetson/rob498_2026/capstone2026/ros2_ws/src/vision_bridge'
[6.178s] [34mcolcon.colcon_core.shell[0m [1;30mINFO[0m Skip shell extension 'powershell' for command environment: Not usable outside of PowerShell
[6.179s] [34mcolcon.colcon_core.shell[0m [1;30mDEBUG[0m [32mSkip shell extension 'dsv' for command environment[0m
[7.717s] [34mcolcon.colcon_core.task.python.build[0m [1;30mINFO[0m Building Python package in '/home/jetson/rob498_2026/capstone2026/ros2_ws/src/flight2'
[7.720s] [34mcolcon.colcon_core.shell[0m [1;30mINFO[0m Skip shell extension 'powershell' for command environment: Not usable outside of PowerShell
[7.721s] [34mcolcon.colcon_core.shell[0m [1;30mDEBUG[0m [32mSkip shell extension 'dsv' for command environment[0m
[9.345s] [34mcolcon.colcon_core.task.python.build[0m [1;30mINFO[0m Building Python package in '/home/jetson/rob498_2026/capstone2026/ros2_ws/src/flight_2'
[9.347s] [34mcolcon.colcon_core.shell[0m [1;30mINFO[0m Skip shell extension 'powershell' for command environment: Not usable outside of PowerShell
[9.347s] [34mcolcon.colcon_core.shell[0m [1;30mDEBUG[0m [32mSkip shell extension 'dsv' for command environment[0m
[9.385s] [34mcolcon.colcon_core.event_handler.log_command[0m [1;30mDEBUG[0m [32mInvoking command in '/home/jetson/rob498_2026/capstone2026/ros2_ws/build/px4_autonomy_modules': CMAKE_PREFIX_PATH=${CMAKE_PREFIX_PATH}:/opt/ros/foxy:/home/jetson/rob498/Capstone/drone_ws/install/visual_servoing:/home/jetson/rob498/Capstone/drone_ws/install/vicon:/home/jetson/rob498/Capstone/drone_ws/install/test_pkg:/home/jetson/rob498/Capstone/drone_ws/install/offboard_control:/home/jetson/rob498/Capstone/drone_ws/install/cv_basics /usr/bin/cmake /home/jetson/rob498_2026/capstone2026/ros2_ws/src/px4_autonomy_modules -DAMENT_CMAKE_SYMLINK_INSTALL=1 -DCMAKE_INSTALL_PREFIX=/home/jetson/rob498_2026/capstone2026/ros2_ws/install/px4_autonomy_modules[0m
[15.597s] [34mcolcon.colcon_core.event_handler.log_command[0m [1;30mDEBUG[0m [32mInvoking command in '/home/jetson/rob498_2026/capstone2026/ros2_ws/build/vision_bridge': PYTHONPATH=/home/jetson/rob498_2026/capstone2026/ros2_ws/build/vision_bridge/prefix_override:/usr/lib/python3/dist-packages/colcon_core/task/python/colcon_distutils_commands:/home/jetson/rob498_2026/capstone2026/ros2_ws/install/vision_bridge/lib/python3.8/site-packages:${PYTHONPATH} /usr/bin/python3 -W ignore:setup.py install is deprecated -W ignore:easy_install command is deprecated setup.py develop --editable --build-directory /home/jetson/rob498_2026/capstone2026/ros2_ws/build/vision_bridge/build --no-deps symlink_data[0m
[15.655s] [34mcolcon.colcon_core.event_handler.log_command[0m [1;30mDEBUG[0m [32mInvoking command in '/home/jetson/rob498_2026/capstone2026/ros2_ws/build/flight2': PYTHONPATH=/home/jetson/rob498_2026/capstone2026/ros2_ws/build/flight2/prefix_override:/usr/lib/python3/dist-packages/colcon_core/task/python/colcon_distutils_commands:/home/jetson/rob498_2026/capstone2026/ros2_ws/install/flight2/lib/python3.8/site-packages:${PYTHONPATH} /usr/bin/python3 -W ignore:setup.py install is deprecated -W ignore:easy_install command is deprecated setup.py develop --editable --build-directory /home/jetson/rob498_2026/capstone2026/ros2_ws/build/flight2/build --no-deps symlink_data[0m
[15.689s] [34mcolcon.colcon_core.event_handler.log_command[0m [1;30mDEBUG[0m [32mInvoking command in '/home/jetson/rob498_2026/capstone2026/ros2_ws/build/flight_2': PYTHONPATH=/home/jetson/rob498_2026/capstone2026/ros2_ws/build/flight_2/prefix_override:/usr/lib/python3/dist-packages/colcon_core/task/python/colcon_distutils_commands:/home/jetson/rob498_2026/capstone2026/ros2_ws/install/flight_2/lib/python3.8/site-packages:${PYTHONPATH} /usr/bin/python3 -W ignore:setup.py install is deprecated -W ignore:easy_install command is deprecated setup.py develop --editable --build-directory /home/jetson/rob498_2026/capstone2026/ros2_ws/build/flight_2/build --no-deps symlink_data[0m
[21.884s] [34mcolcon.colcon_core.shell[0m [1;30mLevel 1[0m create_environment_hook('vision_bridge', 'pythonpath_develop')
[21.887s] [34mcolcon.colcon_core.event_handler.log_command[0m [1;30mDEBUG[0m [32mInvoked command in '/home/jetson/rob498_2026/capstone2026/ros2_ws/build/vision_bridge' returned '0': PYTHONPATH=/home/jetson/rob498_2026/capstone2026/ros2_ws/build/vision_bridge/prefix_override:/usr/lib/python3/dist-packages/colcon_core/task/python/colcon_distutils_commands:/home/jetson/rob498_2026/capstone2026/ros2_ws/install/vision_bridge/lib/python3.8/site-packages:${PYTHONPATH} /usr/bin/python3 -W ignore:setup.py install is deprecated -W ignore:easy_install command is deprecated setup.py develop --editable --build-directory /home/jetson/rob498_2026/capstone2026/ros2_ws/build/vision_bridge/build --no-deps symlink_data[0m
[21.890s] [34mcolcon.colcon_core.shell[0m [1;30mINFO[0m Creating environment hook '/home/jetson/rob498_2026/capstone2026/ros2_ws/build/vision_bridge/share/vision_bridge/hook/pythonpath_develop.ps1'
[21.895s] [34mcolcon.colcon_core.shell[0m [1;30mINFO[0m Creating environment descriptor '/home/jetson/rob498_2026/capstone2026/ros2_ws/build/vision_bridge/share/vision_bridge/hook/pythonpath_develop.dsv'
[21.900s] [34mcolcon.colcon_core.shell[0m [1;30mINFO[0m Creating environment hook '/home/jetson/rob498_2026/capstone2026/ros2_ws/build/vision_bridge/share/vision_bridge/hook/pythonpath_develop.sh'
[21.996s] [34mcolcon.colcon_core.environment[0m [1;30mLevel 1[0m checking '/home/jetson/rob498_2026/capstone2026/ros2_ws/install/vision_bridge' for CMake module files
[22.006s] [34mcolcon.colcon_core.environment[0m [1;30mLevel 1[0m checking '/home/jetson/rob498_2026/capstone2026/ros2_ws/install/vision_bridge' for CMake config files
[22.010s] [34mcolcon.colcon_core.environment[0m [1;30mLevel 1[0m checking '/home/jetson/rob498_2026/capstone2026/ros2_ws/install/vision_bridge/lib'
[22.011s] [34mcolcon.colcon_core.environment[0m [1;30mLevel 1[0m checking '/home/jetson/rob498_2026/capstone2026/ros2_ws/install/vision_bridge/bin'
[22.011s] [34mcolcon.colcon_core.environment[0m [1;30mLevel 1[0m checking '/home/jetson/rob498_2026/capstone2026/ros2_ws/install/vision_bridge/lib/pkgconfig/vision_bridge.pc'
[22.012s] [34mcolcon.colcon_core.environment[0m [1;30mLevel 1[0m checking '/home/jetson/rob498_2026/capstone2026/ros2_ws/install/vision_bridge/lib/python3.8/site-packages'
[22.013s] [34mcolcon.colcon_core.shell[0m [1;30mLevel 1[0m create_environment_hook('vision_bridge', 'pythonpath')
[22.034s] [34mcolcon.colcon_core.shell[0m [1;30mINFO[0m Creating environment hook '/home/jetson/rob498_2026/capstone2026/ros2_ws/install/vision_bridge/share/vision_bridge/hook/pythonpath.ps1'
[22.044s] [34mcolcon.colcon_core.shell[0m [1;30mINFO[0m Creating environment descriptor '/home/jetson/rob498_2026/capstone2026/ros2_ws/install/vision_bridge/share/vision_bridge/hook/pythonpath.dsv'
[22.050s] [34mcolcon.colcon_core.shell[0m [1;30mINFO[0m Creating environment hook '/home/jetson/rob498_2026/capstone2026/ros2_ws/install/vision_bridge/share/vision_bridge/hook/pythonpath.sh'
[22.058s] [34mcolcon.colcon_core.environment[0m [1;30mLevel 1[0m checking '/home/jetson/rob498_2026/capstone2026/ros2_ws/install/vision_bridge/bin'
[22.062s] [34mcolcon.colcon_core.environment[0m [1;30mLevel 1[0m create_environment_scripts_only(vision_bridge)
[22.064s] [34mcolcon.colcon_core.shell[0m [1;30mINFO[0m Creating package script '/home/jetson/rob498_2026/capstone2026/ros2_ws/install/vision_bridge/share/vision_bridge/package.ps1'
[22.079s] [34mcolcon.colcon_core.shell[0m [1;30mINFO[0m Creating package descriptor '/home/jetson/rob498_2026/capstone2026/ros2_ws/install/vision_bridge/share/vision_bridge/package.dsv'
[22.088s] [34mcolcon.colcon_core.shell[0m [1;30mINFO[0m Creating package script '/home/jetson/rob498_2026/capstone2026/ros2_ws/install/vision_bridge/share/vision_bridge/package.sh'
[22.100s] [34mcolcon.colcon_core.shell[0m [1;30mINFO[0m Creating package script '/home/jetson/rob498_2026/capstone2026/ros2_ws/install/vision_bridge/share/vision_bridge/package.bash'
[22.108s] [34mcolcon.colcon_core.shell[0m [1;30mINFO[0m Creating package script '/home/jetson/rob498_2026/capstone2026/ros2_ws/install/vision_bridge/share/vision_bridge/package.zsh'
[22.115s] [34mcolcon.colcon_core.environment[0m [1;30mLevel 1[0m create_file_with_runtime_dependencies(/home/jetson/rob498_2026/capstone2026/ros2_ws/install/vision_bridge/share/colcon-core/packages/vision_bridge)
[22.239s] [34mcolcon.colcon_core.shell[0m [1;30mLevel 1[0m create_environment_hook('flight_2', 'pythonpath_develop')
[22.241s] [34mcolcon.colcon_core.event_handler.log_command[0m [1;30mDEBUG[0m [32mInvoked command in '/home/jetson/rob498_2026/capstone2026/ros2_ws/build/flight_2' returned '0': PYTHONPATH=/home/jetson/rob498_2026/capstone2026/ros2_ws/build/flight_2/prefix_override:/usr/lib/python3/dist-packages/colcon_core/task/python/colcon_distutils_commands:/home/jetson/rob498_2026/capstone2026/ros2_ws/install/flight_2/lib/python3.8/site-packages:${PYTHONPATH} /usr/bin/python3 -W ignore:setup.py install is deprecated -W ignore:easy_install command is deprecated setup.py develop --editable --build-directory /home/jetson/rob498_2026/capstone2026/ros2_ws/build/flight_2/build --no-deps symlink_data[0m
[22.243s] [34mcolcon.colcon_core.shell[0m [1;30mINFO[0m Creating environment hook '/home/jetson/rob498_2026/capstone2026/ros2_ws/build/flight_2/share/flight_2/hook/pythonpath_develop.ps1'
[22.249s] [34mcolcon.colcon_core.shell[0m [1;30mINFO[0m Creating environment descriptor '/home/jetson/rob498_2026/capstone2026/ros2_ws/build/flight_2/share/flight_2/hook/pythonpath_develop.dsv'
[22.252s] [34mcolcon.colcon_core.shell[0m [1;30mINFO[0m Creating environment hook '/home/jetson/rob498_2026/capstone2026/ros2_ws/build/flight_2/share/flight_2/hook/pythonpath_develop.sh'
[22.262s] [34mcolcon.colcon_core.environment[0m [1;30mLevel 1[0m checking '/home/jetson/rob498_2026/capstone2026/ros2_ws/install/flight_2' for CMake module files
[22.266s] [34mcolcon.colcon_core.environment[0m [1;30mLevel 1[0m checking '/home/jetson/rob498_2026/capstone2026/ros2_ws/install/flight_2' for CMake config files
[22.270s] [34mcolcon.colcon_core.environment[0m [1;30mLevel 1[0m checking '/home/jetson/rob498_2026/capstone2026/ros2_ws/install/flight_2/lib'
[22.271s] [34mcolcon.colcon_core.environment[0m [1;30mLevel 1[0m checking '/home/jetson/rob498_2026/capstone2026/ros2_ws/install/flight_2/bin'
[22.271s] [34mcolcon.colcon_core.environment[0m [1;30mLevel 1[0m checking '/home/jetson/rob498_2026/capstone2026/ros2_ws/install/flight_2/lib/pkgconfig/flight_2.pc'
[22.272s] [34mcolcon.colcon_core.environment[0m [1;30mLevel 1[0m checking '/home/jetson/rob498_2026/capstone2026/ros2_ws/install/flight_2/lib/python3.8/site-packages'
[22.273s] [34mcolcon.colcon_core.shell[0m [1;30mLevel 1[0m create_environment_hook('flight_2', 'pythonpath')
[22.275s] [34mcolcon.colcon_core.shell[0m [1;30mINFO[0m Creating environment hook '/home/jetson/rob498_2026/capstone2026/ros2_ws/install/flight_2/share/flight_2/hook/pythonpath.ps1'
[22.280s] [34mcolcon.colcon_core.shell[0m [1;30mINFO[0m Creating environment descriptor '/home/jetson/rob498_2026/capstone2026/ros2_ws/install/flight_2/share/flight_2/hook/pythonpath.dsv'
[22.284s] [34mcolcon.colcon_core.shell[0m [1;30mINFO[0m Creating environment hook '/home/jetson/rob498_2026/capstone2026/ros2_ws/install/flight_2/share/flight_2/hook/pythonpath.sh'
[22.287s] [34mcolcon.colcon_core.environment[0m [1;30mLevel 1[0m checking '/home/jetson/rob498_2026/capstone2026/ros2_ws/install/flight_2/bin'
[22.287s] [34mcolcon.colcon_core.environment[0m [1;30mLevel 1[0m create_environment_scripts_only(flight_2)
[22.293s] [34mcolcon.colcon_core.shell[0m [1;30mINFO[0m Creating package script '/home/jetson/rob498_2026/capstone2026/ros2_ws/install/flight_2/share/flight_2/package.ps1'
[22.297s] [34mcolcon.colcon_core.shell[0m [1;30mINFO[0m Creating package descriptor '/home/jetson/rob498_2026/capstone2026/ros2_ws/install/flight_2/share/flight_2/package.dsv'
[22.301s] [34mcolcon.colcon_core.shell[0m [1;30mINFO[0m Creating package script '/home/jetson/rob498_2026/capstone2026/ros2_ws/install/flight_2/share/flight_2/package.sh'
[22.305s] [34mcolcon.colcon_core.shell[0m [1;30mINFO[0m Creating package script '/home/jetson/rob498_2026/capstone2026/ros2_ws/install/flight_2/share/flight_2/package.bash'
[22.308s] [34mcolcon.colcon_core.shell[0m [1;30mINFO[0m Creating package script '/home/jetson/rob498_2026/capstone2026/ros2_ws/install/flight_2/share/flight_2/package.zsh'
[22.311s] [34mcolcon.colcon_core.environment[0m [1;30mLevel 1[0m create_file_with_runtime_dependencies(/home/jetson/rob498_2026/capstone2026/ros2_ws/install/flight_2/share/colcon-core/packages/flight_2)
[22.323s] [34mcolcon.colcon_core.shell[0m [1;30mLevel 1[0m create_environment_hook('flight2', 'pythonpath_develop')
[22.326s] [34mcolcon.colcon_core.shell[0m [1;30mINFO[0m Creating environment hook '/home/jetson/rob498_2026/capstone2026/ros2_ws/build/flight2/share/flight2/hook/pythonpath_develop.ps1'
[22.327s] [34mcolcon.colcon_core.event_handler.log_command[0m [1;30mDEBUG[0m [32mInvoked command in '/home/jetson/rob498_2026/capstone2026/ros2_ws/build/flight2' returned '0': PYTHONPATH=/home/jetson/rob498_2026/capstone2026/ros2_ws/build/flight2/prefix_override:/usr/lib/python3/dist-packages/colcon_core/task/python/colcon_distutils_commands:/home/jetson/rob498_2026/capstone2026/ros2_ws/install/flight2/lib/python3.8/site-packages:${PYTHONPATH} /usr/bin/python3 -W ignore:setup.py install is deprecated -W ignore:easy_install command is deprecated setup.py develop --editable --build-directory /home/jetson/rob498_2026/capstone2026/ros2_ws/build/flight2/build --no-deps symlink_data[0m
[22.331s] [34mcolcon.colcon_core.shell[0m [1;30mINFO[0m Creating environment descriptor '/home/jetson/rob498_2026/capstone2026/ros2_ws/build/flight2/share/flight2/hook/pythonpath_develop.dsv'
[22.333s] [34mcolcon.colcon_core.shell[0m [1;30mINFO[0m Creating environment hook '/home/jetson/rob498_2026/capstone2026/ros2_ws/build/flight2/share/flight2/hook/pythonpath_develop.sh'
[22.336s] [34mcolcon.colcon_core.environment[0m [1;30mLevel 1[0m checking '/home/jetson/rob498_2026/capstone2026/ros2_ws/install/flight2' for CMake module files
[22.342s] [34mcolcon.colcon_core.environment[0m [1;30mLevel 1[0m checking '/home/jetson/rob498_2026/capstone2026/ros2_ws/install/flight2' for CMake config files
[22.351s] [34mcolcon.colcon_core.environment[0m [1;30mLevel 1[0m checking '/home/jetson/rob498_2026/capstone2026/ros2_ws/install/flight2/lib'
[22.351s] [34mcolcon.colcon_core.environment[0m [1;30mLevel 1[0m checking '/home/jetson/rob498_2026/capstone2026/ros2_ws/install/flight2/bin'
[22.352s] [34mcolcon.colcon_core.environment[0m [1;30mLevel 1[0m checking '/home/jetson/rob498_2026/capstone2026/ros2_ws/install/flight2/lib/pkgconfig/flight2.pc'
[22.353s] [34mcolcon.colcon_core.environment[0m [1;30mLevel 1[0m checking '/home/jetson/rob498_2026/capstone2026/ros2_ws/install/flight2/lib/python3.8/site-packages'
[22.354s] [34mcolcon.colcon_core.shell[0m [1;30mLevel 1[0m create_environment_hook('flight2', 'pythonpath')
[22.355s] [34mcolcon.colcon_core.shell[0m [1;30mINFO[0m Creating environment hook '/home/jetson/rob498_2026/capstone2026/ros2_ws/install/flight2/share/flight2/hook/pythonpath.ps1'
[22.359s] [34mcolcon.colcon_core.shell[0m [1;30mINFO[0m Creating environment descriptor '/home/jetson/rob498_2026/capstone2026/ros2_ws/install/flight2/share/flight2/hook/pythonpath.dsv'
[22.361s] [34mcolcon.colcon_core.shell[0m [1;30mINFO[0m Creating environment hook '/home/jetson/rob498_2026/capstone2026/ros2_ws/install/flight2/share/flight2/hook/pythonpath.sh'
[22.368s] [34mcolcon.colcon_core.environment[0m [1;30mLevel 1[0m checking '/home/jetson/rob498_2026/capstone2026/ros2_ws/install/flight2/bin'
[22.368s] [34mcolcon.colcon_core.environment[0m [1;30mLevel 1[0m create_environment_scripts_only(flight2)
[22.371s] [34mcolcon.colcon_core.shell[0m [1;30mINFO[0m Creating package script '/home/jetson/rob498_2026/capstone2026/ros2_ws/install/flight2/share/flight2/package.ps1'
[22.374s] [34mcolcon.colcon_core.shell[0m [1;30mINFO[0m Creating package descriptor '/home/jetson/rob498_2026/capstone2026/ros2_ws/install/flight2/share/flight2/package.dsv'
[22.391s] [34mcolcon.colcon_core.shell[0m [1;30mINFO[0m Creating package script '/home/jetson/rob498_2026/capstone2026/ros2_ws/install/flight2/share/flight2/package.sh'
[22.395s] [34mcolcon.colcon_core.shell[0m [1;30mINFO[0m Creating package script '/home/jetson/rob498_2026/capstone2026/ros2_ws/install/flight2/share/flight2/package.bash'
[22.398s] [34mcolcon.colcon_core.shell[0m [1;30mINFO[0m Creating package script '/home/jetson/rob498_2026/capstone2026/ros2_ws/install/flight2/share/flight2/package.zsh'
[22.400s] [34mcolcon.colcon_core.environment[0m [1;30mLevel 1[0m create_file_with_runtime_dependencies(/home/jetson/rob498_2026/capstone2026/ros2_ws/install/flight2/share/colcon-core/packages/flight2)
[23.291s] [34mcolcon.colcon_core.event_handler.log_command[0m [1;30mDEBUG[0m [32mInvoked command in '/home/jetson/rob498_2026/capstone2026/ros2_ws/build/px4_autonomy_modules' returned '0': CMAKE_PREFIX_PATH=${CMAKE_PREFIX_PATH}:/opt/ros/foxy:/home/jetson/rob498/Capstone/drone_ws/install/visual_servoing:/home/jetson/rob498/Capstone/drone_ws/install/vicon:/home/jetson/rob498/Capstone/drone_ws/install/test_pkg:/home/jetson/rob498/Capstone/drone_ws/install/offboard_control:/home/jetson/rob498/Capstone/drone_ws/install/cv_basics /usr/bin/cmake /home/jetson/rob498_2026/capstone2026/ros2_ws/src/px4_autonomy_modules -DAMENT_CMAKE_SYMLINK_INSTALL=1 -DCMAKE_INSTALL_PREFIX=/home/jetson/rob498_2026/capstone2026/ros2_ws/install/px4_autonomy_modules[0m
[23.304s] [34mcolcon.colcon_core.event_handler.log_command[0m [1;30mDEBUG[0m [32mInvoking command in '/home/jetson/rob498_2026/capstone2026/ros2_ws/build/px4_autonomy_modules': CMAKE_PREFIX_PATH=${CMAKE_PREFIX_PATH}:/opt/ros/foxy:/home/jetson/rob498/Capstone/drone_ws/install/visual_servoing:/home/jetson/rob498/Capstone/drone_ws/install/vicon:/home/jetson/rob498/Capstone/drone_ws/install/test_pkg:/home/jetson/rob498/Capstone/drone_ws/install/offboard_control:/home/jetson/rob498/Capstone/drone_ws/install/cv_basics /usr/bin/cmake --build /home/jetson/rob498_2026/capstone2026/ros2_ws/build/px4_autonomy_modules -- -j4 -l4[0m
[23.472s] [34mcolcon.colcon_core.event_handler.log_command[0m [1;30mDEBUG[0m [32mInvoked command in '/home/jetson/rob498_2026/capstone2026/ros2_ws/build/px4_autonomy_modules' returned '0': CMAKE_PREFIX_PATH=${CMAKE_PREFIX_PATH}:/opt/ros/foxy:/home/jetson/rob498/Capstone/drone_ws/install/visual_servoing:/home/jetson/rob498/Capstone/drone_ws/install/vicon:/home/jetson/rob498/Capstone/drone_ws/install/test_pkg:/home/jetson/rob498/Capstone/drone_ws/install/offboard_control:/home/jetson/rob498/Capstone/drone_ws/install/cv_basics /usr/bin/cmake --build /home/jetson/rob498_2026/capstone2026/ros2_ws/build/px4_autonomy_modules -- -j4 -l4[0m
[23.526s] [34mcolcon.colcon_core.event_handler.log_command[0m [1;30mDEBUG[0m [32mInvoking command in '/home/jetson/rob498_2026/capstone2026/ros2_ws/build/px4_autonomy_modules': CMAKE_PREFIX_PATH=${CMAKE_PREFIX_PATH}:/opt/ros/foxy:/home/jetson/rob498/Capstone/drone_ws/install/visual_servoing:/home/jetson/rob498/Capstone/drone_ws/install/vicon:/home/jetson/rob498/Capstone/drone_ws/install/test_pkg:/home/jetson/rob498/Capstone/drone_ws/install/offboard_control:/home/jetson/rob498/Capstone/drone_ws/install/cv_basics /usr/bin/cmake --install /home/jetson/rob498_2026/capstone2026/ros2_ws/build/px4_autonomy_modules[0m
[24.219s] [34mcolcon.colcon_core.environment[0m [1;30mLevel 1[0m create_environment_scripts_only(px4_autonomy_modules)
[24.221s] [34mcolcon.colcon_core.environment[0m [1;30mLevel 1[0m checking '/home/jetson/rob498_2026/capstone2026/ros2_ws/install/px4_autonomy_modules' for CMake module files
[24.224s] [34mcolcon.colcon_core.event_handler.log_command[0m [1;30mDEBUG[0m [32mInvoked command in '/home/jetson/rob498_2026/capstone2026/ros2_ws/build/px4_autonomy_modules' returned '0': CMAKE_PREFIX_PATH=${CMAKE_PREFIX_PATH}:/opt/ros/foxy:/home/jetson/rob498/Capstone/drone_ws/install/visual_servoing:/home/jetson/rob498/Capstone/drone_ws/install/vicon:/home/jetson/rob498/Capstone/drone_ws/install/test_pkg:/home/jetson/rob498/Capstone/drone_ws/install/offboard_control:/home/jetson/rob498/Capstone/drone_ws/install/cv_basics /usr/bin/cmake --install /home/jetson/rob498_2026/capstone2026/ros2_ws/build/px4_autonomy_modules[0m
[24.226s] [34mcolcon.colcon_core.environment[0m [1;30mLevel 1[0m checking '/home/jetson/rob498_2026/capstone2026/ros2_ws/install/px4_autonomy_modules' for CMake config files
[24.227s] [34mcolcon.colcon_core.shell[0m [1;30mLevel 1[0m create_environment_hook('px4_autonomy_modules', 'cmake_prefix_path')
[24.228s] [34mcolcon.colcon_core.shell[0m [1;30mINFO[0m Creating environment hook '/home/jetson/rob498_2026/capstone2026/ros2_ws/install/px4_autonomy_modules/share/px4_autonomy_modules/hook/cmake_prefix_path.ps1'
[24.231s] [34mcolcon.colcon_core.shell[0m [1;30mINFO[0m Creating environment descriptor '/home/jetson/rob498_2026/capstone2026/ros2_ws/install/px4_autonomy_modules/share/px4_autonomy_modules/hook/cmake_prefix_path.dsv'
[24.232s] [34mcolcon.colcon_core.shell[0m [1;30mINFO[0m Creating environment hook '/home/jetson/rob498_2026/capstone2026/ros2_ws/install/px4_autonomy_modules/share/px4_autonomy_modules/hook/cmake_prefix_path.sh'
[24.234s] [34mcolcon.colcon_core.environment[0m [1;30mLevel 1[0m checking '/home/jetson/rob498_2026/capstone2026/ros2_ws/install/px4_autonomy_modules/bin'
[24.235s] [34mcolcon.colcon_core.environment[0m [1;30mLevel 1[0m checking '/home/jetson/rob498_2026/capstone2026/ros2_ws/install/px4_autonomy_modules/lib/pkgconfig/px4_autonomy_modules.pc'
[24.236s] [34mcolcon.colcon_core.environment[0m [1;30mLevel 1[0m checking '/home/jetson/rob498_2026/capstone2026/ros2_ws/install/px4_autonomy_modules/lib/python3.8/site-packages'
[24.236s] [34mcolcon.colcon_core.environment[0m [1;30mLevel 1[0m checking '/home/jetson/rob498_2026/capstone2026/ros2_ws/install/px4_autonomy_modules/bin'
[24.238s] [34mcolcon.colcon_core.shell[0m [1;30mINFO[0m Creating package script '/home/jetson/rob498_2026/capstone2026/ros2_ws/install/px4_autonomy_modules/share/px4_autonomy_modules/package.ps1'
[24.241s] [34mcolcon.colcon_core.shell[0m [1;30mINFO[0m Creating package descriptor '/home/jetson/rob498_2026/capstone2026/ros2_ws/install/px4_autonomy_modules/share/px4_autonomy_modules/package.dsv'
[24.243s] [34mcolcon.colcon_core.shell[0m [1;30mINFO[0m Creating package script '/home/jetson/rob498_2026/capstone2026/ros2_ws/install/px4_autonomy_modules/share/px4_autonomy_modules/package.sh'
[24.245s] [34mcolcon.colcon_core.shell[0m [1;30mINFO[0m Creating package script '/home/jetson/rob498_2026/capstone2026/ros2_ws/install/px4_autonomy_modules/share/px4_autonomy_modules/package.bash'
[24.247s] [34mcolcon.colcon_core.shell[0m [1;30mINFO[0m Creating package script '/home/jetson/rob498_2026/capstone2026/ros2_ws/install/px4_autonomy_modules/share/px4_autonomy_modules/package.zsh'
[24.249s] [34mcolcon.colcon_core.environment[0m [1;30mLevel 1[0m create_file_with_runtime_dependencies(/home/jetson/rob498_2026/capstone2026/ros2_ws/install/px4_autonomy_modules/share/colcon-core/packages/px4_autonomy_modules)
[24.253s] [34mcolcon.colcon_core.environment[0m [1;30mLevel 1[0m create_environment_scripts_only(px4_autonomy_modules)
[24.254s] [34mcolcon.colcon_core.environment[0m [1;30mLevel 1[0m checking '/home/jetson/rob498_2026/capstone2026/ros2_ws/install/px4_autonomy_modules' for CMake module files
[24.257s] [34mcolcon.colcon_core.environment[0m [1;30mLevel 1[0m checking '/home/jetson/rob498_2026/capstone2026/ros2_ws/install/px4_autonomy_modules' for CMake config files
[24.258s] [34mcolcon.colcon_core.shell[0m [1;30mLevel 1[0m create_environment_hook('px4_autonomy_modules', 'cmake_prefix_path')
[24.259s] [34mcolcon.colcon_core.shell[0m [1;30mINFO[0m Creating environment hook '/home/jetson/rob498_2026/capstone2026/ros2_ws/install/px4_autonomy_modules/share/px4_autonomy_modules/hook/cmake_prefix_path.ps1'
[24.261s] [34mcolcon.colcon_core.shell[0m [1;30mINFO[0m Creating environment descriptor '/home/jetson/rob498_2026/capstone2026/ros2_ws/install/px4_autonomy_modules/share/px4_autonomy_modules/hook/cmake_prefix_path.dsv'
[24.263s] [34mcolcon.colcon_core.shell[0m [1;30mINFO[0m Creating environment hook '/home/jetson/rob498_2026/capstone2026/ros2_ws/install/px4_autonomy_modules/share/px4_autonomy_modules/hook/cmake_prefix_path.sh'
[24.267s] [34mcolcon.colcon_core.environment[0m [1;30mLevel 1[0m checking '/home/jetson/rob498_2026/capstone2026/ros2_ws/install/px4_autonomy_modules/bin'
[24.267s] [34mcolcon.colcon_core.environment[0m [1;30mLevel 1[0m checking '/home/jetson/rob498_2026/capstone2026/ros2_ws/install/px4_autonomy_modules/lib/pkgconfig/px4_autonomy_modules.pc'
[24.268s] [34mcolcon.colcon_core.environment[0m [1;30mLevel 1[0m checking '/home/jetson/rob498_2026/capstone2026/ros2_ws/install/px4_autonomy_modules/lib/python3.8/site-packages'
[24.269s] [34mcolcon.colcon_core.environment[0m [1;30mLevel 1[0m checking '/home/jetson/rob498_2026/capstone2026/ros2_ws/install/px4_autonomy_modules/bin'
[24.271s] [34mcolcon.colcon_core.shell[0m [1;30mINFO[0m Creating package script '/home/jetson/rob498_2026/capstone2026/ros2_ws/install/px4_autonomy_modules/share/px4_autonomy_modules/package.ps1'
[24.273s] [34mcolcon.colcon_core.shell[0m [1;30mINFO[0m Creating package descriptor '/home/jetson/rob498_2026/capstone2026/ros2_ws/install/px4_autonomy_modules/share/px4_autonomy_modules/package.dsv'
[24.275s] [34mcolcon.colcon_core.shell[0m [1;30mINFO[0m Creating package script '/home/jetson/rob498_2026/capstone2026/ros2_ws/install/px4_autonomy_modules/share/px4_autonomy_modules/package.sh'
[24.278s] [34mcolcon.colcon_core.shell[0m [1;30mINFO[0m Creating package script '/home/jetson/rob498_2026/capstone2026/ros2_ws/install/px4_autonomy_modules/share/px4_autonomy_modules/package.bash'
[24.281s] [34mcolcon.colcon_core.shell[0m [1;30mINFO[0m Creating package script '/home/jetson/rob498_2026/capstone2026/ros2_ws/install/px4_autonomy_modules/share/px4_autonomy_modules/package.zsh'
[24.283s] [34mcolcon.colcon_core.environment[0m [1;30mLevel 1[0m create_file_with_runtime_dependencies(/home/jetson/rob498_2026/capstone2026/ros2_ws/install/px4_autonomy_modules/share/colcon-core/packages/px4_autonomy_modules)
[24.285s] [34mcolcon.colcon_parallel_executor.executor.parallel[0m [1;30mDEBUG[0m [32mclosing loop[0m
[24.287s] [34mcolcon.colcon_parallel_executor.executor.parallel[0m [1;30mDEBUG[0m [32mloop closed[0m
[24.288s] [34mcolcon.colcon_parallel_executor.executor.parallel[0m [1;30mDEBUG[0m [32mrun_until_complete finished with '0'[0m
[24.288s] [34mcolcon.colcon_core.event_reactor[0m [1;30mDEBUG[0m [32mjoining thread[0m
[24.339s] [34mcolcon.colcon_core.plugin_system[0m [1;30mINFO[0m Skipping extension 'colcon_notification.desktop_notification.terminal_notifier': Not used on non-Darwin systems
[24.340s] [34mcolcon.colcon_core.plugin_system[0m [1;30mINFO[0m Skipping extension 'colcon_notification.desktop_notification.win32': Not used on non-Windows systems
[24.340s] [34mcolcon.colcon_notification.desktop_notification[0m [1;30mINFO[0m Sending desktop notification using 'notify2'
[24.404s] [34mcolcon.colcon_core.event_reactor[0m [1;30mDEBUG[0m [32mjoined thread[0m
[24.406s] [34mcolcon.colcon_core.shell[0m [1;30mINFO[0m Creating prefix script '/home/jetson/rob498_2026/capstone2026/ros2_ws/install/local_setup.ps1'
[24.413s] [34mcolcon.colcon_core.shell[0m [1;30mINFO[0m Creating prefix util module '/home/jetson/rob498_2026/capstone2026/ros2_ws/install/_local_setup_util_ps1.py'
[24.421s] [34mcolcon.colcon_core.shell[0m [1;30mINFO[0m Creating prefix chain script '/home/jetson/rob498_2026/capstone2026/ros2_ws/install/setup.ps1'
[24.429s] [34mcolcon.colcon_core.shell[0m [1;30mINFO[0m Creating prefix script '/home/jetson/rob498_2026/capstone2026/ros2_ws/install/local_setup.sh'
[24.433s] [34mcolcon.colcon_core.shell[0m [1;30mINFO[0m Creating prefix util module '/home/jetson/rob498_2026/capstone2026/ros2_ws/install/_local_setup_util_sh.py'
[24.436s] [34mcolcon.colcon_core.shell[0m [1;30mINFO[0m Creating prefix chain script '/home/jetson/rob498_2026/capstone2026/ros2_ws/install/setup.sh'
[24.444s] [34mcolcon.colcon_core.shell[0m [1;30mINFO[0m Creating prefix script '/home/jetson/rob498_2026/capstone2026/ros2_ws/install/local_setup.bash'
[24.448s] [34mcolcon.colcon_core.shell[0m [1;30mINFO[0m Creating prefix chain script '/home/jetson/rob498_2026/capstone2026/ros2_ws/install/setup.bash'
[24.456s] [34mcolcon.colcon_core.shell[0m [1;30mINFO[0m Creating prefix script '/home/jetson/rob498_2026/capstone2026/ros2_ws/install/local_setup.zsh'
[24.462s] [34mcolcon.colcon_core.shell[0m [1;30mINFO[0m Creating prefix chain script '/home/jetson/rob498_2026/capstone2026/ros2_ws/install/setup.zsh'
