[8.475s] Invoking command in '/home/jetson/rob498_2026/capstone2026/ros2_ws/build/vision_bridge': PYTHONPATH=/home/jetson/rob498_2026/capstone2026/ros2_ws/build/vision_bridge/prefix_override:/usr/lib/python3/dist-packages/colcon_core/task/python/colcon_distutils_commands:/home/jetson/rob498_2026/capstone2026/ros2_ws/install/vision_bridge/lib/python3.8/site-packages:${PYTHONPATH} /usr/bin/python3 -W ignore:setup.py install is deprecated -W ignore:easy_install command is deprecated setup.py develop --editable --build-directory /home/jetson/rob498_2026/capstone2026/ros2_ws/build/vision_bridge/build --no-deps symlink_data
[10.523s] running develop
[11.459s] running egg_info
[11.460s] creating vision_bridge.egg-info
[11.462s] writing vision_bridge.egg-info/PKG-INFO
[11.465s] writing dependency_links to vision_bridge.egg-info/dependency_links.txt
[11.467s] writing entry points to vision_bridge.egg-info/entry_points.txt
[11.469s] writing requirements to vision_bridge.egg-info/requires.txt
[11.470s] writing top-level names to vision_bridge.egg-info/top_level.txt
[11.482s] writing manifest file 'vision_bridge.egg-info/SOURCES.txt'
[11.492s] reading manifest file 'vision_bridge.egg-info/SOURCES.txt'
[11.496s] writing manifest file 'vision_bridge.egg-info/SOURCES.txt'
[11.738s] running build_ext
[11.738s] Creating /home/jetson/rob498_2026/capstone2026/ros2_ws/install/vision_bridge/lib/python3.8/site-packages/vision-bridge.egg-link (link to .)
[11.741s] Installing vision_bridge script to /home/jetson/rob498_2026/capstone2026/ros2_ws/install/vision_bridge/lib/vision_bridge
[11.742s] 
[11.743s] Installed /home/jetson/rob498_2026/capstone2026/ros2_ws/build/vision_bridge
[11.743s] running symlink_data
[11.745s] creating /home/jetson/rob498_2026/capstone2026/ros2_ws/install/vision_bridge/share
[11.745s] creating /home/jetson/rob498_2026/capstone2026/ros2_ws/install/vision_bridge/share/ament_index
[11.746s] creating /home/jetson/rob498_2026/capstone2026/ros2_ws/install/vision_bridge/share/ament_index/resource_index
[11.746s] creating /home/jetson/rob498_2026/capstone2026/ros2_ws/install/vision_bridge/share/ament_index/resource_index/packages
[11.747s] symbolically linking /home/jetson/rob498_2026/capstone2026/ros2_ws/build/vision_bridge/resource/vision_bridge -> /home/jetson/rob498_2026/capstone2026/ros2_ws/install/vision_bridge/share/ament_index/resource_index/packages
[11.747s] creating /home/jetson/rob498_2026/capstone2026/ros2_ws/install/vision_bridge/share/vision_bridge
[11.748s] symbolically linking /home/jetson/rob498_2026/capstone2026/ros2_ws/build/vision_bridge/package.xml -> /home/jetson/rob498_2026/capstone2026/ros2_ws/install/vision_bridge/share/vision_bridge
[11.748s] creating /home/jetson/rob498_2026/capstone2026/ros2_ws/install/vision_bridge/share/vision_bridge/launch
[11.749s] symbolically linking /home/jetson/rob498_2026/capstone2026/ros2_ws/build/vision_bridge/vision_bridge/launch/vision_bridge.launch.py -> /home/jetson/rob498_2026/capstone2026/ros2_ws/install/vision_bridge/share/vision_bridge/launch
