[8.473s] Invoking command in '/home/jetson/rob498_2026/capstone2026/ros2_ws/build/flight_2': PYTHONPATH=/home/jetson/rob498_2026/capstone2026/ros2_ws/build/flight_2/prefix_override:/usr/lib/python3/dist-packages/colcon_core/task/python/colcon_distutils_commands:/home/jetson/rob498_2026/capstone2026/ros2_ws/install/flight_2/lib/python3.8/site-packages:${PYTHONPATH} /usr/bin/python3 -W ignore:setup.py install is deprecated -W ignore:easy_install command is deprecated setup.py develop --editable --build-directory /home/jetson/rob498_2026/capstone2026/ros2_ws/build/flight_2/build --no-deps symlink_data
[10.079s] /usr/local/lib/python3.8/dist-packages/setuptools/dist.py:717: UserWarning: Usage of dash-separated 'script-dir' will not be supported in future versions. Please use the underscore name 'script_dir' instead
[10.080s]   warnings.warn(
[10.335s] running develop
[11.187s] running egg_info
[11.188s] creating flight_2.egg-info
[11.189s] writing flight_2.egg-info/PKG-INFO
[11.190s] writing dependency_links to flight_2.egg-info/dependency_links.txt
[11.191s] writing entry points to flight_2.egg-info/entry_points.txt
[11.193s] writing requirements to flight_2.egg-info/requires.txt
[11.193s] writing top-level names to flight_2.egg-info/top_level.txt
[11.202s] writing manifest file 'flight_2.egg-info/SOURCES.txt'
[11.218s] reading manifest file 'flight_2.egg-info/SOURCES.txt'
[11.225s] writing manifest file 'flight_2.egg-info/SOURCES.txt'
[11.476s] running build_ext
[11.479s] Creating /home/jetson/rob498_2026/capstone2026/ros2_ws/install/flight_2/lib/python3.8/site-packages/flight-2.egg-link (link to .)
[11.481s] Installing my_node script to /home/jetson/rob498_2026/capstone2026/ros2_ws/install/flight_2/lib/flight_2
[11.483s] 
[11.484s] Installed /home/jetson/rob498_2026/capstone2026/ros2_ws/build/flight_2
[11.485s] running symlink_data
[11.486s] creating /home/jetson/rob498_2026/capstone2026/ros2_ws/install/flight_2/share/ament_index
[11.486s] creating /home/jetson/rob498_2026/capstone2026/ros2_ws/install/flight_2/share/ament_index/resource_index
[11.487s] creating /home/jetson/rob498_2026/capstone2026/ros2_ws/install/flight_2/share/ament_index/resource_index/packages
[11.487s] symbolically linking /home/jetson/rob498_2026/capstone2026/ros2_ws/build/flight_2/resource/flight_2 -> /home/jetson/rob498_2026/capstone2026/ros2_ws/install/flight_2/share/ament_index/resource_index/packages
[11.488s] symbolically linking /home/jetson/rob498_2026/capstone2026/ros2_ws/build/flight_2/package.xml -> /home/jetson/rob498_2026/capstone2026/ros2_ws/install/flight_2/share/flight_2
