[8.560s] Invoking command in '/home/jetson/rob498_2026/capstone2026/ros2_ws/my_package': PYTHONPATH=/home/jetson/rob498_2026/capstone2026/ros2_ws/build/my_package/prefix_override:/usr/lib/python3/dist-packages/colcon_core/task/python/colcon_distutils_commands:/home/jetson/rob498_2026/capstone2026/ros2_ws/install/my_package/lib/python3.8/site-packages:${PYTHONPATH} /usr/bin/python3 -W ignore:setup.py install is deprecated -W ignore:easy_install command is deprecated setup.py egg_info --egg-base ../build/my_package build --build-base /home/jetson/rob498_2026/capstone2026/ros2_ws/build/my_package/build install --record /home/jetson/rob498_2026/capstone2026/ros2_ws/build/my_package/install.log --install-scripts $base/lib/my_package --single-version-externally-managed install_data
[11.474s] /usr/local/lib/python3.8/dist-packages/setuptools/dist.py:717: UserWarning: Usage of dash-separated 'script-dir' will not be supported in future versions. Please use the underscore name 'script_dir' instead
[11.475s]   warnings.warn(
[11.765s] running egg_info
[11.768s] creating ../build/my_package/my_package.egg-info
[11.773s] writing ../build/my_package/my_package.egg-info/PKG-INFO
[11.777s] writing dependency_links to ../build/my_package/my_package.egg-info/dependency_links.txt
[11.781s] writing entry points to ../build/my_package/my_package.egg-info/entry_points.txt
[11.784s] writing requirements to ../build/my_package/my_package.egg-info/requires.txt
[11.790s] writing top-level names to ../build/my_package/my_package.egg-info/top_level.txt
[11.818s] writing manifest file '../build/my_package/my_package.egg-info/SOURCES.txt'
[11.834s] reading manifest file '../build/my_package/my_package.egg-info/SOURCES.txt'
[11.848s] writing manifest file '../build/my_package/my_package.egg-info/SOURCES.txt'
[11.849s] running build
[11.849s] running build_py
[11.851s] creating /home/jetson/rob498_2026/capstone2026/ros2_ws/build/my_package/build
[11.851s] creating /home/jetson/rob498_2026/capstone2026/ros2_ws/build/my_package/build/lib
[11.852s] creating /home/jetson/rob498_2026/capstone2026/ros2_ws/build/my_package/build/lib/my_package
[11.856s] copying my_package/my_node.py -> /home/jetson/rob498_2026/capstone2026/ros2_ws/build/my_package/build/lib/my_package
[11.860s] copying my_package/__init__.py -> /home/jetson/rob498_2026/capstone2026/ros2_ws/build/my_package/build/lib/my_package
[11.860s] running install
[11.878s] running install_lib
[11.879s] creating /home/jetson/rob498_2026/capstone2026/ros2_ws/install/my_package/lib/python3.8/site-packages/my_package
[11.880s] copying /home/jetson/rob498_2026/capstone2026/ros2_ws/build/my_package/build/lib/my_package/my_node.py -> /home/jetson/rob498_2026/capstone2026/ros2_ws/install/my_package/lib/python3.8/site-packages/my_package
[11.881s] copying /home/jetson/rob498_2026/capstone2026/ros2_ws/build/my_package/build/lib/my_package/__init__.py -> /home/jetson/rob498_2026/capstone2026/ros2_ws/install/my_package/lib/python3.8/site-packages/my_package
[11.892s] byte-compiling /home/jetson/rob498_2026/capstone2026/ros2_ws/install/my_package/lib/python3.8/site-packages/my_package/my_node.py to my_node.cpython-38.pyc
[11.895s] byte-compiling /home/jetson/rob498_2026/capstone2026/ros2_ws/install/my_package/lib/python3.8/site-packages/my_package/__init__.py to __init__.cpython-38.pyc
[11.900s] running install_data
[11.902s] creating /home/jetson/rob498_2026/capstone2026/ros2_ws/install/my_package/share/ament_index
[11.904s] creating /home/jetson/rob498_2026/capstone2026/ros2_ws/install/my_package/share/ament_index/resource_index
[11.904s] creating /home/jetson/rob498_2026/capstone2026/ros2_ws/install/my_package/share/ament_index/resource_index/packages
[11.905s] copying resource/my_package -> /home/jetson/rob498_2026/capstone2026/ros2_ws/install/my_package/share/ament_index/resource_index/packages
[11.906s] copying package.xml -> /home/jetson/rob498_2026/capstone2026/ros2_ws/install/my_package/share/my_package
[11.908s] running install_egg_info
[11.933s] Copying ../build/my_package/my_package.egg-info to /home/jetson/rob498_2026/capstone2026/ros2_ws/install/my_package/lib/python3.8/site-packages/my_package-0.0.0-py3.8.egg-info
[11.943s] running install_scripts
[12.148s] Installing my_node script to /home/jetson/rob498_2026/capstone2026/ros2_ws/install/my_package/lib/my_package
[12.154s] writing list of installed files to '/home/jetson/rob498_2026/capstone2026/ros2_ws/build/my_package/install.log'
[14.387s] Invoked command in '/home/jetson/rob498_2026/capstone2026/ros2_ws/my_package' returned '0': PYTHONPATH=/home/jetson/rob498_2026/capstone2026/ros2_ws/build/my_package/prefix_override:/usr/lib/python3/dist-packages/colcon_core/task/python/colcon_distutils_commands:/home/jetson/rob498_2026/capstone2026/ros2_ws/install/my_package/lib/python3.8/site-packages:${PYTHONPATH} /usr/bin/python3 -W ignore:setup.py install is deprecated -W ignore:easy_install command is deprecated setup.py egg_info --egg-base ../build/my_package build --build-base /home/jetson/rob498_2026/capstone2026/ros2_ws/build/my_package/build install --record /home/jetson/rob498_2026/capstone2026/ros2_ws/build/my_package/install.log --install-scripts $base/lib/my_package --single-version-externally-managed install_data
