[8.381s] Invoking command in '/home/jetson/rob498_2026/capstone2026/ros2_ws/vision_bdg': PYTHONPATH=/home/jetson/rob498_2026/capstone2026/ros2_ws/build/vision_bdg/prefix_override:/usr/lib/python3/dist-packages/colcon_core/task/python/colcon_distutils_commands:/home/jetson/rob498_2026/capstone2026/ros2_ws/install/vision_bdg/lib/python3.8/site-packages:${PYTHONPATH} /usr/bin/python3 -W ignore:setup.py install is deprecated -W ignore:easy_install command is deprecated setup.py egg_info --egg-base ../build/vision_bdg build --build-base /home/jetson/rob498_2026/capstone2026/ros2_ws/build/vision_bdg/build install --record /home/jetson/rob498_2026/capstone2026/ros2_ws/build/vision_bdg/install.log --install-scripts $base/lib/vision_bdg --single-version-externally-managed install_data
[9.768s] /usr/local/lib/python3.8/dist-packages/setuptools/dist.py:717: UserWarning: Usage of dash-separated 'script-dir' will not be supported in future versions. Please use the underscore name 'script_dir' instead
[9.769s]   warnings.warn(
[9.942s] running egg_info
[9.945s] creating ../build/vision_bdg/vision_bdg.egg-info
[9.950s] writing ../build/vision_bdg/vision_bdg.egg-info/PKG-INFO
[9.950s] writing dependency_links to ../build/vision_bdg/vision_bdg.egg-info/dependency_links.txt
[9.951s] writing entry points to ../build/vision_bdg/vision_bdg.egg-info/entry_points.txt
[9.957s] writing requirements to ../build/vision_bdg/vision_bdg.egg-info/requires.txt
[9.958s] writing top-level names to ../build/vision_bdg/vision_bdg.egg-info/top_level.txt
[9.958s] writing manifest file '../build/vision_bdg/vision_bdg.egg-info/SOURCES.txt'
[9.965s] reading manifest file '../build/vision_bdg/vision_bdg.egg-info/SOURCES.txt'
[9.969s] writing manifest file '../build/vision_bdg/vision_bdg.egg-info/SOURCES.txt'
[9.970s] running build
[9.971s] running build_py
[9.971s] creating /home/jetson/rob498_2026/capstone2026/ros2_ws/build/vision_bdg/build
[9.972s] creating /home/jetson/rob498_2026/capstone2026/ros2_ws/build/vision_bdg/build/lib
[9.972s] creating /home/jetson/rob498_2026/capstone2026/ros2_ws/build/vision_bdg/build/lib/vision_bdg
[9.973s] copying vision_bdg/vision_bdg.py -> /home/jetson/rob498_2026/capstone2026/ros2_ws/build/vision_bdg/build/lib/vision_bdg
[9.978s] copying vision_bdg/__init__.py -> /home/jetson/rob498_2026/capstone2026/ros2_ws/build/vision_bdg/build/lib/vision_bdg
[9.979s] running install
[9.986s] running install_lib
[9.996s] creating /home/jetson/rob498_2026/capstone2026/ros2_ws/install/vision_bdg/lib/python3.8/site-packages/vision_bdg
[9.996s] copying /home/jetson/rob498_2026/capstone2026/ros2_ws/build/vision_bdg/build/lib/vision_bdg/vision_bdg.py -> /home/jetson/rob498_2026/capstone2026/ros2_ws/install/vision_bdg/lib/python3.8/site-packages/vision_bdg
[9.998s] copying /home/jetson/rob498_2026/capstone2026/ros2_ws/build/vision_bdg/build/lib/vision_bdg/__init__.py -> /home/jetson/rob498_2026/capstone2026/ros2_ws/install/vision_bdg/lib/python3.8/site-packages/vision_bdg
[10.006s] byte-compiling /home/jetson/rob498_2026/capstone2026/ros2_ws/install/vision_bdg/lib/python3.8/site-packages/vision_bdg/vision_bdg.py to vision_bdg.cpython-38.pyc
[10.012s] byte-compiling /home/jetson/rob498_2026/capstone2026/ros2_ws/install/vision_bdg/lib/python3.8/site-packages/vision_bdg/__init__.py to __init__.cpython-38.pyc
[10.014s] running install_data
[10.015s] creating /home/jetson/rob498_2026/capstone2026/ros2_ws/install/vision_bdg/share/ament_index
[10.018s] creating /home/jetson/rob498_2026/capstone2026/ros2_ws/install/vision_bdg/share/ament_index/resource_index
[10.019s] creating /home/jetson/rob498_2026/capstone2026/ros2_ws/install/vision_bdg/share/ament_index/resource_index/packages
[10.020s] copying resource/vision_bdg -> /home/jetson/rob498_2026/capstone2026/ros2_ws/install/vision_bdg/share/ament_index/resource_index/packages
[10.020s] copying package.xml -> /home/jetson/rob498_2026/capstone2026/ros2_ws/install/vision_bdg/share/vision_bdg
[10.021s] running install_egg_info
[10.039s] Copying ../build/vision_bdg/vision_bdg.egg-info to /home/jetson/rob498_2026/capstone2026/ros2_ws/install/vision_bdg/lib/python3.8/site-packages/vision_bdg-0.0.0-py3.8.egg-info
[10.049s] running install_scripts
[10.253s] Installing vision_bdg script to /home/jetson/rob498_2026/capstone2026/ros2_ws/install/vision_bdg/lib/vision_bdg
[10.255s] writing list of installed files to '/home/jetson/rob498_2026/capstone2026/ros2_ws/build/vision_bdg/install.log'
[10.457s] Invoked command in '/home/jetson/rob498_2026/capstone2026/ros2_ws/vision_bdg' returned '0': PYTHONPATH=/home/jetson/rob498_2026/capstone2026/ros2_ws/build/vision_bdg/prefix_override:/usr/lib/python3/dist-packages/colcon_core/task/python/colcon_distutils_commands:/home/jetson/rob498_2026/capstone2026/ros2_ws/install/vision_bdg/lib/python3.8/site-packages:${PYTHONPATH} /usr/bin/python3 -W ignore:setup.py install is deprecated -W ignore:easy_install command is deprecated setup.py egg_info --egg-base ../build/vision_bdg build --build-base /home/jetson/rob498_2026/capstone2026/ros2_ws/build/vision_bdg/build install --record /home/jetson/rob498_2026/capstone2026/ros2_ws/build/vision_bdg/install.log --install-scripts $base/lib/vision_bdg --single-version-externally-managed install_data
