[1.353s] [34mcolcon[0m [1;30mDEBUG[0m [32mCommand line arguments: ['/usr/bin/colcon', 'build'][0m
[1.354s] [34mcolcon[0m [1;30mDEBUG[0m [32mParsed command line arguments: Namespace(allow_overriding=[], ament_cmake_args=None, base_paths=['.'], build_base='build', catkin_cmake_args=None, catkin_skip_building_tests=False, cmake_args=None, cmake_clean_cache=False, cmake_clean_first=False, cmake_force_configure=False, cmake_target=None, cmake_target_skip_unavailable=False, continue_on_error=False, event_handlers=None, executor='parallel', ignore_user_meta=False, install_base='install', log_base=None, log_level=None, main=<bound method BuildVerb.main of <colcon_core.verb.build.BuildVerb object at 0x7f82d0dfa0>>, merge_install=False, metas=['./colcon.meta'], mixin=None, mixin_files=None, mixin_verb=('build',), packages_above=None, packages_above_and_dependencies=None, packages_above_depth=None, packages_end=None, packages_ignore=None, packages_ignore_regex=None, packages_select=None, packages_select_build_failed=False, packages_select_by_dep=None, packages_select_regex=None, packages_select_test_failures=False, packages_skip=None, packages_skip_build_finished=False, packages_skip_by_dep=None, packages_skip_regex=None, packages_skip_test_passed=False, packages_skip_up_to=None, packages_start=None, packages_up_to=None, packages_up_to_regex=None, parallel_workers=4, paths=None, symlink_install=False, test_result_base=None, verb_extension=<colcon_core.verb.build.BuildVerb object at 0x7f82d0dfa0>, verb_name='build', verb_parser=<colcon_mixin.mixin.mixin_argument.MixinArgumentDecorator object at 0x7f82ca1ca0>)[0m
[3.048s] [34mcolcon.colcon_core.package_discovery[0m [1;30mLevel 1[0m discover_packages(colcon_meta) check parameters
[3.048s] [34mcolcon.colcon_core.package_discovery[0m [1;30mLevel 1[0m discover_packages(recursive) check parameters
[3.049s] [34mcolcon.colcon_core.package_discovery[0m [1;30mLevel 1[0m discover_packages(ignore) check parameters
[3.049s] [34mcolcon.colcon_core.package_discovery[0m [1;30mLevel 1[0m discover_packages(path) check parameters
[3.049s] [34mcolcon.colcon_core.package_discovery[0m [1;30mLevel 1[0m discover_packages(colcon_meta) discover
[3.050s] [34mcolcon.colcon_core.package_discovery[0m [1;30mLevel 1[0m discover_packages(recursive) discover
[3.050s] [34mcolcon.colcon_core.package_discovery[0m [1;30mINFO[0m Crawling recursively for packages in '/home/jetson/rob498_2026/capstone2026/ros2_ws'
[3.051s] [34mcolcon.colcon_core.package_identification[0m [1;30mLevel 1[0m _identify(.) by extensions ['ignore', 'ignore_ament_install']
[3.051s] [34mcolcon.colcon_core.package_identification[0m [1;30mLevel 1[0m _identify(.) by extension 'ignore'
[3.052s] [34mcolcon.colcon_core.package_identification[0m [1;30mLevel 1[0m _identify(.) by extension 'ignore_ament_install'
[3.052s] [34mcolcon.colcon_core.package_identification[0m [1;30mLevel 1[0m _identify(.) by extensions ['colcon_pkg']
[3.053s] [34mcolcon.colcon_core.package_identification[0m [1;30mLevel 1[0m _identify(.) by extension 'colcon_pkg'
[3.053s] [34mcolcon.colcon_core.package_identification[0m [1;30mLevel 1[0m _identify(.) by extensions ['colcon_meta']
[3.053s] [34mcolcon.colcon_core.package_identification[0m [1;30mLevel 1[0m _identify(.) by extension 'colcon_meta'
[3.054s] [34mcolcon.colcon_core.package_identification[0m [1;30mLevel 1[0m _identify(.) by extensions ['ros']
[3.054s] [34mcolcon.colcon_core.package_identification[0m [1;30mLevel 1[0m _identify(.) by extension 'ros'
[3.205s] [34mcolcon.colcon_core.package_identification[0m [1;30mLevel 1[0m _identify(.) by extensions ['cmake', 'python']
[3.206s] [34mcolcon.colcon_core.package_identification[0m [1;30mLevel 1[0m _identify(.) by extension 'cmake'
[3.207s] [34mcolcon.colcon_core.package_identification[0m [1;30mLevel 1[0m _identify(.) by extension 'python'
[3.207s] [34mcolcon.colcon_core.package_identification[0m [1;30mLevel 1[0m _identify(.) by extensions ['python_setup_py']
[3.207s] [34mcolcon.colcon_core.package_identification[0m [1;30mLevel 1[0m _identify(.) by extension 'python_setup_py'
[3.208s] [34mcolcon.colcon_core.package_identification[0m [1;30mLevel 1[0m _identify(build) by extensions ['ignore', 'ignore_ament_install']
[3.209s] [34mcolcon.colcon_core.package_identification[0m [1;30mLevel 1[0m _identify(build) by extension 'ignore'
[3.209s] [34mcolcon.colcon_core.package_identification[0m [1;30mLevel 1[0m _identify(build) ignored
[3.210s] [34mcolcon.colcon_core.package_identification[0m [1;30mLevel 1[0m _identify(install) by extensions ['ignore', 'ignore_ament_install']
[3.211s] [34mcolcon.colcon_core.package_identification[0m [1;30mLevel 1[0m _identify(install) by extension 'ignore'
[3.211s] [34mcolcon.colcon_core.package_identification[0m [1;30mLevel 1[0m _identify(install) ignored
[3.212s] [34mcolcon.colcon_core.package_identification[0m [1;30mLevel 1[0m _identify(log) by extensions ['ignore', 'ignore_ament_install']
[3.212s] [34mcolcon.colcon_core.package_identification[0m [1;30mLevel 1[0m _identify(log) by extension 'ignore'
[3.213s] [34mcolcon.colcon_core.package_identification[0m [1;30mLevel 1[0m _identify(log) ignored
[3.213s] [34mcolcon.colcon_core.package_identification[0m [1;30mLevel 1[0m _identify(src) by extensions ['ignore', 'ignore_ament_install']
[3.214s] [34mcolcon.colcon_core.package_identification[0m [1;30mLevel 1[0m _identify(src) by extension 'ignore'
[3.215s] [34mcolcon.colcon_core.package_identification[0m [1;30mLevel 1[0m _identify(src) by extension 'ignore_ament_install'
[3.215s] [34mcolcon.colcon_core.package_identification[0m [1;30mLevel 1[0m _identify(src) by extensions ['colcon_pkg']
[3.215s] [34mcolcon.colcon_core.package_identification[0m [1;30mLevel 1[0m _identify(src) by extension 'colcon_pkg'
[3.216s] [34mcolcon.colcon_core.package_identification[0m [1;30mLevel 1[0m _identify(src) by extensions ['colcon_meta']
[3.216s] [34mcolcon.colcon_core.package_identification[0m [1;30mLevel 1[0m _identify(src) by extension 'colcon_meta'
[3.217s] [34mcolcon.colcon_core.package_identification[0m [1;30mLevel 1[0m _identify(src) by extensions ['ros']
[3.217s] [34mcolcon.colcon_core.package_identification[0m [1;30mLevel 1[0m _identify(src) by extension 'ros'
[3.217s] [34mcolcon.colcon_core.package_identification[0m [1;30mLevel 1[0m _identify(src) by extensions ['cmake', 'python']
[3.218s] [34mcolcon.colcon_core.package_identification[0m [1;30mLevel 1[0m _identify(src) by extension 'cmake'
[3.218s] [34mcolcon.colcon_core.package_identification[0m [1;30mLevel 1[0m _identify(src) by extension 'python'
[3.219s] [34mcolcon.colcon_core.package_identification[0m [1;30mLevel 1[0m _identify(src) by extensions ['python_setup_py']
[3.219s] [34mcolcon.colcon_core.package_identification[0m [1;30mLevel 1[0m _identify(src) by extension 'python_setup_py'
[3.220s] [34mcolcon.colcon_core.package_identification[0m [1;30mLevel 1[0m _identify(src/flight2) by extensions ['ignore', 'ignore_ament_install']
[3.220s] [34mcolcon.colcon_core.package_identification[0m [1;30mLevel 1[0m _identify(src/flight2) by extension 'ignore'
[3.221s] [34mcolcon.colcon_core.package_identification[0m [1;30mLevel 1[0m _identify(src/flight2) by extension 'ignore_ament_install'
[3.221s] [34mcolcon.colcon_core.package_identification[0m [1;30mLevel 1[0m _identify(src/flight2) by extensions ['colcon_pkg']
[3.221s] [34mcolcon.colcon_core.package_identification[0m [1;30mLevel 1[0m _identify(src/flight2) by extension 'colcon_pkg'
[3.222s] [34mcolcon.colcon_core.package_identification[0m [1;30mLevel 1[0m _identify(src/flight2) by extensions ['colcon_meta']
[3.222s] [34mcolcon.colcon_core.package_identification[0m [1;30mLevel 1[0m _identify(src/flight2) by extension 'colcon_meta'
[3.222s] [34mcolcon.colcon_core.package_identification[0m [1;30mLevel 1[0m _identify(src/flight2) by extensions ['ros']
[3.223s] [34mcolcon.colcon_core.package_identification[0m [1;30mLevel 1[0m _identify(src/flight2) by extension 'ros'
[3.236s] [34mcolcon.colcon_core.package_identification[0m [1;30mDEBUG[0m [32mPackage 'src/flight2' with type 'ros.ament_python' and name 'flight2'[0m
[3.237s] [34mcolcon.colcon_core.package_identification[0m [1;30mLevel 1[0m _identify(src/flight_2) by extensions ['ignore', 'ignore_ament_install']
[3.237s] [34mcolcon.colcon_core.package_identification[0m [1;30mLevel 1[0m _identify(src/flight_2) by extension 'ignore'
[3.238s] [34mcolcon.colcon_core.package_identification[0m [1;30mLevel 1[0m _identify(src/flight_2) by extension 'ignore_ament_install'
[3.238s] [34mcolcon.colcon_core.package_identification[0m [1;30mLevel 1[0m _identify(src/flight_2) by extensions ['colcon_pkg']
[3.239s] [34mcolcon.colcon_core.package_identification[0m [1;30mLevel 1[0m _identify(src/flight_2) by extension 'colcon_pkg'
[3.239s] [34mcolcon.colcon_core.package_identification[0m [1;30mLevel 1[0m _identify(src/flight_2) by extensions ['colcon_meta']
[3.239s] [34mcolcon.colcon_core.package_identification[0m [1;30mLevel 1[0m _identify(src/flight_2) by extension 'colcon_meta'
[3.240s] [34mcolcon.colcon_core.package_identification[0m [1;30mLevel 1[0m _identify(src/flight_2) by extensions ['ros']
[3.240s] [34mcolcon.colcon_core.package_identification[0m [1;30mLevel 1[0m _identify(src/flight_2) by extension 'ros'
[3.243s] [34mcolcon.colcon_core.package_identification[0m [1;30mDEBUG[0m [32mPackage 'src/flight_2' with type 'ros.ament_python' and name 'flight_2'[0m
[3.244s] [34mcolcon.colcon_core.package_identification[0m [1;30mLevel 1[0m _identify(src/px4_autonomy_modules) by extensions ['ignore', 'ignore_ament_install']
[3.244s] [34mcolcon.colcon_core.package_identification[0m [1;30mLevel 1[0m _identify(src/px4_autonomy_modules) by extension 'ignore'
[3.245s] [34mcolcon.colcon_core.package_identification[0m [1;30mLevel 1[0m _identify(src/px4_autonomy_modules) by extension 'ignore_ament_install'
[3.245s] [34mcolcon.colcon_core.package_identification[0m [1;30mLevel 1[0m _identify(src/px4_autonomy_modules) by extensions ['colcon_pkg']
[3.245s] [34mcolcon.colcon_core.package_identification[0m [1;30mLevel 1[0m _identify(src/px4_autonomy_modules) by extension 'colcon_pkg'
[3.246s] [34mcolcon.colcon_core.package_identification[0m [1;30mLevel 1[0m _identify(src/px4_autonomy_modules) by extensions ['colcon_meta']
[3.246s] [34mcolcon.colcon_core.package_identification[0m [1;30mLevel 1[0m _identify(src/px4_autonomy_modules) by extension 'colcon_meta'
[3.246s] [34mcolcon.colcon_core.package_identification[0m [1;30mLevel 1[0m _identify(src/px4_autonomy_modules) by extensions ['ros']
[3.246s] [34mcolcon.colcon_core.package_identification[0m [1;30mLevel 1[0m _identify(src/px4_autonomy_modules) by extension 'ros'
[3.253s] [34mcolcon.colcon_core.package_identification[0m [1;30mDEBUG[0m [32mPackage 'src/px4_autonomy_modules' with type 'ros.ament_cmake' and name 'px4_autonomy_modules'[0m
[3.254s] [34mcolcon.colcon_core.package_identification[0m [1;30mLevel 1[0m _identify(src/vision_bridge) by extensions ['ignore', 'ignore_ament_install']
[3.254s] [34mcolcon.colcon_core.package_identification[0m [1;30mLevel 1[0m _identify(src/vision_bridge) by extension 'ignore'
[3.255s] [34mcolcon.colcon_core.package_identification[0m [1;30mLevel 1[0m _identify(src/vision_bridge) by extension 'ignore_ament_install'
[3.255s] [34mcolcon.colcon_core.package_identification[0m [1;30mLevel 1[0m _identify(src/vision_bridge) by extensions ['colcon_pkg']
[3.256s] [34mcolcon.colcon_core.package_identification[0m [1;30mLevel 1[0m _identify(src/vision_bridge) by extension 'colcon_pkg'
[3.256s] [34mcolcon.colcon_core.package_identification[0m [1;30mLevel 1[0m _identify(src/vision_bridge) by extensions ['colcon_meta']
[3.256s] [34mcolcon.colcon_core.package_identification[0m [1;30mLevel 1[0m _identify(src/vision_bridge) by extension 'colcon_meta'
[3.257s] [34mcolcon.colcon_core.package_identification[0m [1;30mLevel 1[0m _identify(src/vision_bridge) by extensions ['ros']
[3.257s] [34mcolcon.colcon_core.package_identification[0m [1;30mLevel 1[0m _identify(src/vision_bridge) by extension 'ros'
[3.262s] [34mcolcon.colcon_core.package_identification[0m [1;30mDEBUG[0m [32mFailed to parse potential ROS package manifest in'src/vision_bridge': Error(s) in package 'src/vision_bridge/package.xml':
Invalid email "jetson@nospam" for person "Jetson Team"[0m
[3.263s] [34mcolcon.colcon_core.package_identification[0m [1;30mLevel 1[0m _identify(src/vision_bridge) by extensions ['cmake', 'python']
[3.263s] [34mcolcon.colcon_core.package_identification[0m [1;30mLevel 1[0m _identify(src/vision_bridge) by extension 'cmake'
[3.263s] [34mcolcon.colcon_core.package_identification[0m [1;30mLevel 1[0m _identify(src/vision_bridge) by extension 'python'
[3.264s] [34mcolcon.colcon_core.package_identification[0m [1;30mDEBUG[0m [32mPython package in 'src/vision_bridge' passes arguments to the setup() function which requires a different identification extension than 'python'[0m
[3.264s] [34mcolcon.colcon_core.package_identification[0m [1;30mLevel 1[0m _identify(src/vision_bridge) by extensions ['python_setup_py']
[3.265s] [34mcolcon.colcon_core.package_identification[0m [1;30mLevel 1[0m _identify(src/vision_bridge) by extension 'python_setup_py'
[5.034s] [34mcolcon.colcon_core.package_identification[0m [1;30mDEBUG[0m [32mPackage 'src/vision_bridge' with type 'python' and name 'vision_bridge'[0m
[5.035s] [34mcolcon.colcon_core.package_discovery[0m [1;30mLevel 1[0m discover_packages(recursive) using defaults
[5.036s] [34mcolcon.colcon_core.package_discovery[0m [1;30mLevel 1[0m discover_packages(ignore) discover
[5.037s] [34mcolcon.colcon_core.package_discovery[0m [1;30mLevel 1[0m discover_packages(ignore) using defaults
[5.038s] [34mcolcon.colcon_core.package_discovery[0m [1;30mLevel 1[0m discover_packages(path) discover
[5.039s] [34mcolcon.colcon_core.package_discovery[0m [1;30mLevel 1[0m discover_packages(path) using defaults
[5.149s] [34mcolcon.colcon_core.package_discovery[0m [1;30mLevel 1[0m discover_packages(prefix_path) check parameters
[5.150s] [34mcolcon.colcon_core.package_discovery[0m [1;30mLevel 1[0m discover_packages(prefix_path) discover
[5.163s] [34mcolcon.colcon_installed_package_information.package_discovery[0m [1;30mDEBUG[0m [32mFound 4 installed packages in /home/jetson/rob498_2026/capstone2026/ros2_ws/install[0m
[5.167s] [34mcolcon.colcon_installed_package_information.package_discovery[0m [1;30mDEBUG[0m [32mFound 8 installed packages in /home/jetson/rob498/Capstone/drone_ws/install[0m
[5.171s] [34mcolcon.colcon_installed_package_information.package_discovery[0m [1;30mDEBUG[0m [32mFound 1 installed packages in /home/jetson/rob498/ROB498-flight/resources/code/ros2_ws/install[0m
[5.178s] [34mcolcon.colcon_installed_package_information.package_discovery[0m [1;30mDEBUG[0m [32mFound 199 installed packages in /opt/ros/foxy[0m
[5.187s] [34mcolcon.colcon_core.package_discovery[0m [1;30mLevel 1[0m discover_packages(prefix_path) using defaults
[5.449s] [34mcolcon.colcon_core.verb[0m [1;30mLevel 5[0m set package 'flight2' build argument 'cmake_args' from command line to 'None'
[5.450s] [34mcolcon.colcon_core.verb[0m [1;30mLevel 5[0m set package 'flight2' build argument 'cmake_target' from command line to 'None'
[5.450s] [34mcolcon.colcon_core.verb[0m [1;30mLevel 5[0m set package 'flight2' build argument 'cmake_target_skip_unavailable' from command line to 'False'
[5.450s] [34mcolcon.colcon_core.verb[0m [1;30mLevel 5[0m set package 'flight2' build argument 'cmake_clean_cache' from command line to 'False'
[5.450s] [34mcolcon.colcon_core.verb[0m [1;30mLevel 5[0m set package 'flight2' build argument 'cmake_clean_first' from command line to 'False'
[5.450s] [34mcolcon.colcon_core.verb[0m [1;30mLevel 5[0m set package 'flight2' build argument 'cmake_force_configure' from command line to 'False'
[5.451s] [34mcolcon.colcon_core.verb[0m [1;30mLevel 5[0m set package 'flight2' build argument 'ament_cmake_args' from command line to 'None'
[5.451s] [34mcolcon.colcon_core.verb[0m [1;30mLevel 5[0m set package 'flight2' build argument 'catkin_cmake_args' from command line to 'None'
[5.451s] [34mcolcon.colcon_core.verb[0m [1;30mLevel 5[0m set package 'flight2' build argument 'catkin_skip_building_tests' from command line to 'False'
[5.451s] [34mcolcon.colcon_core.verb[0m [1;30mDEBUG[0m [32mBuilding package 'flight2' with the following arguments: {'ament_cmake_args': None, 'build_base': '/home/jetson/rob498_2026/capstone2026/ros2_ws/build/flight2', 'catkin_cmake_args': None, 'catkin_skip_building_tests': False, 'cmake_args': None, 'cmake_clean_cache': False, 'cmake_clean_first': False, 'cmake_force_configure': False, 'cmake_target': None, 'cmake_target_skip_unavailable': False, 'install_base': '/home/jetson/rob498_2026/capstone2026/ros2_ws/install/flight2', 'merge_install': False, 'path': '/home/jetson/rob498_2026/capstone2026/ros2_ws/src/flight2', 'symlink_install': False, 'test_result_base': None}[0m
[5.454s] [34mcolcon.colcon_core.verb[0m [1;30mLevel 5[0m set package 'flight_2' build argument 'cmake_args' from command line to 'None'
[5.454s] [34mcolcon.colcon_core.verb[0m [1;30mLevel 5[0m set package 'flight_2' build argument 'cmake_target' from command line to 'None'
[5.454s] [34mcolcon.colcon_core.verb[0m [1;30mLevel 5[0m set package 'flight_2' build argument 'cmake_target_skip_unavailable' from command line to 'False'
[5.454s] [34mcolcon.colcon_core.verb[0m [1;30mLevel 5[0m set package 'flight_2' build argument 'cmake_clean_cache' from command line to 'False'
[5.455s] [34mcolcon.colcon_core.verb[0m [1;30mLevel 5[0m set package 'flight_2' build argument 'cmake_clean_first' from command line to 'False'
[5.455s] [34mcolcon.colcon_core.verb[0m [1;30mLevel 5[0m set package 'flight_2' build argument 'cmake_force_configure' from command line to 'False'
[5.455s] [34mcolcon.colcon_core.verb[0m [1;30mLevel 5[0m set package 'flight_2' build argument 'ament_cmake_args' from command line to 'None'
[5.455s] [34mcolcon.colcon_core.verb[0m [1;30mLevel 5[0m set package 'flight_2' build argument 'catkin_cmake_args' from command line to 'None'
[5.455s] [34mcolcon.colcon_core.verb[0m [1;30mLevel 5[0m set package 'flight_2' build argument 'catkin_skip_building_tests' from command line to 'False'
[5.455s] [34mcolcon.colcon_core.verb[0m [1;30mDEBUG[0m [32mBuilding package 'flight_2' with the following arguments: {'ament_cmake_args': None, 'build_base': '/home/jetson/rob498_2026/capstone2026/ros2_ws/build/flight_2', 'catkin_cmake_args': None, 'catkin_skip_building_tests': False, 'cmake_args': None, 'cmake_clean_cache': False, 'cmake_clean_first': False, 'cmake_force_configure': False, 'cmake_target': None, 'cmake_target_skip_unavailable': False, 'install_base': '/home/jetson/rob498_2026/capstone2026/ros2_ws/install/flight_2', 'merge_install': False, 'path': '/home/jetson/rob498_2026/capstone2026/ros2_ws/src/flight_2', 'symlink_install': False, 'test_result_base': None}[0m
[5.458s] [34mcolcon.colcon_core.verb[0m [1;30mLevel 5[0m set package 'px4_autonomy_modules' build argument 'cmake_args' from command line to 'None'
[5.458s] [34mcolcon.colcon_core.verb[0m [1;30mLevel 5[0m set package 'px4_autonomy_modules' build argument 'cmake_target' from command line to 'None'
[5.458s] [34mcolcon.colcon_core.verb[0m [1;30mLevel 5[0m set package 'px4_autonomy_modules' build argument 'cmake_target_skip_unavailable' from command line to 'False'
[5.458s] [34mcolcon.colcon_core.verb[0m [1;30mLevel 5[0m set package 'px4_autonomy_modules' build argument 'cmake_clean_cache' from command line to 'False'
[5.458s] [34mcolcon.colcon_core.verb[0m [1;30mLevel 5[0m set package 'px4_autonomy_modules' build argument 'cmake_clean_first' from command line to 'False'
[5.459s] [34mcolcon.colcon_core.verb[0m [1;30mLevel 5[0m set package 'px4_autonomy_modules' build argument 'cmake_force_configure' from command line to 'False'
[5.459s] [34mcolcon.colcon_core.verb[0m [1;30mLevel 5[0m set package 'px4_autonomy_modules' build argument 'ament_cmake_args' from command line to 'None'
[5.459s] [34mcolcon.colcon_core.verb[0m [1;30mLevel 5[0m set package 'px4_autonomy_modules' build argument 'catkin_cmake_args' from command line to 'None'
[5.459s] [34mcolcon.colcon_core.verb[0m [1;30mLevel 5[0m set package 'px4_autonomy_modules' build argument 'catkin_skip_building_tests' from command line to 'False'
[5.459s] [34mcolcon.colcon_core.verb[0m [1;30mDEBUG[0m [32mBuilding package 'px4_autonomy_modules' with the following arguments: {'ament_cmake_args': None, 'build_base': '/home/jetson/rob498_2026/capstone2026/ros2_ws/build/px4_autonomy_modules', 'catkin_cmake_args': None, 'catkin_skip_building_tests': False, 'cmake_args': None, 'cmake_clean_cache': False, 'cmake_clean_first': False, 'cmake_force_configure': False, 'cmake_target': None, 'cmake_target_skip_unavailable': False, 'install_base': '/home/jetson/rob498_2026/capstone2026/ros2_ws/install/px4_autonomy_modules', 'merge_install': False, 'path': '/home/jetson/rob498_2026/capstone2026/ros2_ws/src/px4_autonomy_modules', 'symlink_install': False, 'test_result_base': None}[0m
[5.462s] [34mcolcon.colcon_core.verb[0m [1;30mLevel 5[0m set package 'vision_bridge' build argument 'cmake_args' from command line to 'None'
[5.462s] [34mcolcon.colcon_core.verb[0m [1;30mLevel 5[0m set package 'vision_bridge' build argument 'cmake_target' from command line to 'None'
[5.462s] [34mcolcon.colcon_core.verb[0m [1;30mLevel 5[0m set package 'vision_bridge' build argument 'cmake_target_skip_unavailable' from command line to 'False'
[5.462s] [34mcolcon.colcon_core.verb[0m [1;30mLevel 5[0m set package 'vision_bridge' build argument 'cmake_clean_cache' from command line to 'False'
[5.462s] [34mcolcon.colcon_core.verb[0m [1;30mLevel 5[0m set package 'vision_bridge' build argument 'cmake_clean_first' from command line to 'False'
[5.463s] [34mcolcon.colcon_core.verb[0m [1;30mLevel 5[0m set package 'vision_bridge' build argument 'cmake_force_configure' from command line to 'False'
[5.463s] [34mcolcon.colcon_core.verb[0m [1;30mLevel 5[0m set package 'vision_bridge' build argument 'ament_cmake_args' from command line to 'None'
[5.463s] [34mcolcon.colcon_core.verb[0m [1;30mLevel 5[0m set package 'vision_bridge' build argument 'catkin_cmake_args' from command line to 'None'
[5.463s] [34mcolcon.colcon_core.verb[0m [1;30mLevel 5[0m set package 'vision_bridge' build argument 'catkin_skip_building_tests' from command line to 'False'
[5.464s] [34mcolcon.colcon_core.verb[0m [1;30mDEBUG[0m [32mBuilding package 'vision_bridge' with the following arguments: {'ament_cmake_args': None, 'build_base': '/home/jetson/rob498_2026/capstone2026/ros2_ws/build/vision_bridge', 'catkin_cmake_args': None, 'catkin_skip_building_tests': False, 'cmake_args': None, 'cmake_clean_cache': False, 'cmake_clean_first': False, 'cmake_force_configure': False, 'cmake_target': None, 'cmake_target_skip_unavailable': False, 'install_base': '/home/jetson/rob498_2026/capstone2026/ros2_ws/install/vision_bridge', 'merge_install': False, 'path': '/home/jetson/rob498_2026/capstone2026/ros2_ws/src/vision_bridge', 'symlink_install': False, 'test_result_base': None}[0m
[5.464s] [34mcolcon.colcon_core.executor[0m [1;30mINFO[0m Executing jobs using 'parallel' executor
[5.471s] [34mcolcon.colcon_parallel_executor.executor.parallel[0m [1;30mDEBUG[0m [32mrun_until_complete[0m
[5.473s] [34mcolcon.colcon_ros.task.ament_python.build[0m [1;30mINFO[0m Building ROS package in '/home/jetson/rob498_2026/capstone2026/ros2_ws/src/flight2' with build type 'ament_python'
[5.474s] [34mcolcon.colcon_core.shell[0m [1;30mLevel 1[0m create_environment_hook('flight2', 'ament_prefix_path')
[5.487s] [34mcolcon.colcon_core.plugin_system[0m [1;30mINFO[0m Skipping extension 'colcon_core.shell.bat': Not used on non-Windows systems
[5.488s] [34mcolcon.colcon_core.shell[0m [1;30mINFO[0m Creating environment hook '/home/jetson/rob498_2026/capstone2026/ros2_ws/install/flight2/share/flight2/hook/ament_prefix_path.ps1'
[5.491s] [34mcolcon.colcon_core.shell[0m [1;30mINFO[0m Creating environment descriptor '/home/jetson/rob498_2026/capstone2026/ros2_ws/install/flight2/share/flight2/hook/ament_prefix_path.dsv'
[5.501s] [34mcolcon.colcon_core.shell[0m [1;30mINFO[0m Creating environment hook '/home/jetson/rob498_2026/capstone2026/ros2_ws/install/flight2/share/flight2/hook/ament_prefix_path.sh'
[5.506s] [34mcolcon.colcon_core.shell[0m [1;30mINFO[0m Skip shell extension 'powershell' for command environment: Not usable outside of PowerShell
[5.506s] [34mcolcon.colcon_core.shell[0m [1;30mDEBUG[0m [32mSkip shell extension 'dsv' for command environment[0m
[5.537s] [34mcolcon.colcon_ros.task.ament_python.build[0m [1;30mINFO[0m Building ROS package in '/home/jetson/rob498_2026/capstone2026/ros2_ws/src/flight_2' with build type 'ament_python'
[5.538s] [34mcolcon.colcon_core.shell[0m [1;30mLevel 1[0m create_environment_hook('flight_2', 'ament_prefix_path')
[5.540s] [34mcolcon.colcon_core.shell[0m [1;30mINFO[0m Creating environment hook '/home/jetson/rob498_2026/capstone2026/ros2_ws/install/flight_2/share/flight_2/hook/ament_prefix_path.ps1'
[5.543s] [34mcolcon.colcon_core.shell[0m [1;30mINFO[0m Creating environment descriptor '/home/jetson/rob498_2026/capstone2026/ros2_ws/install/flight_2/share/flight_2/hook/ament_prefix_path.dsv'
[5.547s] [34mcolcon.colcon_core.shell[0m [1;30mINFO[0m Creating environment hook '/home/jetson/rob498_2026/capstone2026/ros2_ws/install/flight_2/share/flight_2/hook/ament_prefix_path.sh'
[5.552s] [34mcolcon.colcon_core.shell[0m [1;30mINFO[0m Skip shell extension 'powershell' for command environment: Not usable outside of PowerShell
[5.552s] [34mcolcon.colcon_core.shell[0m [1;30mDEBUG[0m [32mSkip shell extension 'dsv' for command environment[0m
[5.587s] [34mcolcon.colcon_ros.task.ament_cmake.build[0m [1;30mINFO[0m Building ROS package in '/home/jetson/rob498_2026/capstone2026/ros2_ws/src/px4_autonomy_modules' with build type 'ament_cmake'
[5.588s] [34mcolcon.colcon_cmake.task.cmake.build[0m [1;30mINFO[0m Building CMake package in '/home/jetson/rob498_2026/capstone2026/ros2_ws/src/px4_autonomy_modules'
[5.590s] [34mcolcon.colcon_core.shell[0m [1;30mINFO[0m Skip shell extension 'powershell' for command environment: Not usable outside of PowerShell
[5.590s] [34mcolcon.colcon_core.shell[0m [1;30mDEBUG[0m [32mSkip shell extension 'dsv' for command environment[0m
[5.625s] [34mcolcon.colcon_core.task.python.build[0m [1;30mINFO[0m Building Python package in '/home/jetson/rob498_2026/capstone2026/ros2_ws/src/vision_bridge'
[5.628s] [34mcolcon.colcon_core.shell[0m [1;30mINFO[0m Skip shell extension 'powershell' for command environment: Not usable outside of PowerShell
[5.629s] [34mcolcon.colcon_core.shell[0m [1;30mDEBUG[0m [32mSkip shell extension 'dsv' for command environment[0m
[7.630s] [34mcolcon.colcon_core.task.python.build[0m [1;30mINFO[0m Building Python package in '/home/jetson/rob498_2026/capstone2026/ros2_ws/src/flight2'
[7.632s] [34mcolcon.colcon_core.shell[0m [1;30mINFO[0m Skip shell extension 'powershell' for command environment: Not usable outside of PowerShell
[7.633s] [34mcolcon.colcon_core.shell[0m [1;30mDEBUG[0m [32mSkip shell extension 'dsv' for command environment[0m
[9.401s] [34mcolcon.colcon_core.task.python.build[0m [1;30mINFO[0m Building Python package in '/home/jetson/rob498_2026/capstone2026/ros2_ws/src/flight_2'
[9.404s] [34mcolcon.colcon_core.shell[0m [1;30mINFO[0m Skip shell extension 'powershell' for command environment: Not usable outside of PowerShell
[9.404s] [34mcolcon.colcon_core.shell[0m [1;30mDEBUG[0m [32mSkip shell extension 'dsv' for command environment[0m
[9.446s] [34mcolcon.colcon_core.event_handler.log_command[0m [1;30mDEBUG[0m [32mInvoking command in '/home/jetson/rob498_2026/capstone2026/ros2_ws/build/px4_autonomy_modules': CMAKE_PREFIX_PATH=${CMAKE_PREFIX_PATH}:/opt/ros/foxy:/home/jetson/rob498/Capstone/drone_ws/install/visual_servoing:/home/jetson/rob498/Capstone/drone_ws/install/vicon:/home/jetson/rob498/Capstone/drone_ws/install/test_pkg:/home/jetson/rob498/Capstone/drone_ws/install/offboard_control:/home/jetson/rob498/Capstone/drone_ws/install/cv_basics /usr/bin/cmake --build /home/jetson/rob498_2026/capstone2026/ros2_ws/build/px4_autonomy_modules -- -j4 -l4[0m
[11.004s] [34mcolcon.colcon_core.event_handler.log_command[0m [1;30mDEBUG[0m [32mInvoked command in '/home/jetson/rob498_2026/capstone2026/ros2_ws/build/px4_autonomy_modules' returned '0': CMAKE_PREFIX_PATH=${CMAKE_PREFIX_PATH}:/opt/ros/foxy:/home/jetson/rob498/Capstone/drone_ws/install/visual_servoing:/home/jetson/rob498/Capstone/drone_ws/install/vicon:/home/jetson/rob498/Capstone/drone_ws/install/test_pkg:/home/jetson/rob498/Capstone/drone_ws/install/offboard_control:/home/jetson/rob498/Capstone/drone_ws/install/cv_basics /usr/bin/cmake --build /home/jetson/rob498_2026/capstone2026/ros2_ws/build/px4_autonomy_modules -- -j4 -l4[0m
[11.067s] [34mcolcon.colcon_core.event_handler.log_command[0m [1;30mDEBUG[0m [32mInvoking command in '/home/jetson/rob498_2026/capstone2026/ros2_ws/build/px4_autonomy_modules': CMAKE_PREFIX_PATH=${CMAKE_PREFIX_PATH}:/opt/ros/foxy:/home/jetson/rob498/Capstone/drone_ws/install/visual_servoing:/home/jetson/rob498/Capstone/drone_ws/install/vicon:/home/jetson/rob498/Capstone/drone_ws/install/test_pkg:/home/jetson/rob498/Capstone/drone_ws/install/offboard_control:/home/jetson/rob498/Capstone/drone_ws/install/cv_basics /usr/bin/cmake --install /home/jetson/rob498_2026/capstone2026/ros2_ws/build/px4_autonomy_modules[0m
[11.265s] [34mcolcon.colcon_core.environment[0m [1;30mLevel 1[0m create_environment_scripts_only(px4_autonomy_modules)
[11.271s] [34mcolcon.colcon_core.event_handler.log_command[0m [1;30mDEBUG[0m [32mInvoked command in '/home/jetson/rob498_2026/capstone2026/ros2_ws/build/px4_autonomy_modules' returned '0': CMAKE_PREFIX_PATH=${CMAKE_PREFIX_PATH}:/opt/ros/foxy:/home/jetson/rob498/Capstone/drone_ws/install/visual_servoing:/home/jetson/rob498/Capstone/drone_ws/install/vicon:/home/jetson/rob498/Capstone/drone_ws/install/test_pkg:/home/jetson/rob498/Capstone/drone_ws/install/offboard_control:/home/jetson/rob498/Capstone/drone_ws/install/cv_basics /usr/bin/cmake --install /home/jetson/rob498_2026/capstone2026/ros2_ws/build/px4_autonomy_modules[0m
[11.285s] [34mcolcon.colcon_core.environment[0m [1;30mLevel 1[0m checking '/home/jetson/rob498_2026/capstone2026/ros2_ws/install/px4_autonomy_modules' for CMake module files
[11.292s] [34mcolcon.colcon_core.environment[0m [1;30mLevel 1[0m checking '/home/jetson/rob498_2026/capstone2026/ros2_ws/install/px4_autonomy_modules' for CMake config files
[11.294s] [34mcolcon.colcon_core.shell[0m [1;30mLevel 1[0m create_environment_hook('px4_autonomy_modules', 'cmake_prefix_path')
[11.296s] [34mcolcon.colcon_core.shell[0m [1;30mINFO[0m Creating environment hook '/home/jetson/rob498_2026/capstone2026/ros2_ws/install/px4_autonomy_modules/share/px4_autonomy_modules/hook/cmake_prefix_path.ps1'
[11.299s] [34mcolcon.colcon_core.shell[0m [1;30mINFO[0m Creating environment descriptor '/home/jetson/rob498_2026/capstone2026/ros2_ws/install/px4_autonomy_modules/share/px4_autonomy_modules/hook/cmake_prefix_path.dsv'
[11.301s] [34mcolcon.colcon_core.shell[0m [1;30mINFO[0m Creating environment hook '/home/jetson/rob498_2026/capstone2026/ros2_ws/install/px4_autonomy_modules/share/px4_autonomy_modules/hook/cmake_prefix_path.sh'
[11.306s] [34mcolcon.colcon_core.environment[0m [1;30mLevel 1[0m checking '/home/jetson/rob498_2026/capstone2026/ros2_ws/install/px4_autonomy_modules/bin'
[11.308s] [34mcolcon.colcon_core.environment[0m [1;30mLevel 1[0m checking '/home/jetson/rob498_2026/capstone2026/ros2_ws/install/px4_autonomy_modules/lib/pkgconfig/px4_autonomy_modules.pc'
[11.310s] [34mcolcon.colcon_core.environment[0m [1;30mLevel 1[0m checking '/home/jetson/rob498_2026/capstone2026/ros2_ws/install/px4_autonomy_modules/lib/python3.8/site-packages'
[11.311s] [34mcolcon.colcon_core.environment[0m [1;30mLevel 1[0m checking '/home/jetson/rob498_2026/capstone2026/ros2_ws/install/px4_autonomy_modules/bin'
[11.314s] [34mcolcon.colcon_core.shell[0m [1;30mINFO[0m Creating package script '/home/jetson/rob498_2026/capstone2026/ros2_ws/install/px4_autonomy_modules/share/px4_autonomy_modules/package.ps1'
[11.318s] [34mcolcon.colcon_core.shell[0m [1;30mINFO[0m Creating package descriptor '/home/jetson/rob498_2026/capstone2026/ros2_ws/install/px4_autonomy_modules/share/px4_autonomy_modules/package.dsv'
[11.322s] [34mcolcon.colcon_core.shell[0m [1;30mINFO[0m Creating package script '/home/jetson/rob498_2026/capstone2026/ros2_ws/install/px4_autonomy_modules/share/px4_autonomy_modules/package.sh'
[11.329s] [34mcolcon.colcon_core.shell[0m [1;30mINFO[0m Creating package script '/home/jetson/rob498_2026/capstone2026/ros2_ws/install/px4_autonomy_modules/share/px4_autonomy_modules/package.bash'
[11.337s] [34mcolcon.colcon_core.shell[0m [1;30mINFO[0m Creating package script '/home/jetson/rob498_2026/capstone2026/ros2_ws/install/px4_autonomy_modules/share/px4_autonomy_modules/package.zsh'
[11.342s] [34mcolcon.colcon_core.environment[0m [1;30mLevel 1[0m create_file_with_runtime_dependencies(/home/jetson/rob498_2026/capstone2026/ros2_ws/install/px4_autonomy_modules/share/colcon-core/packages/px4_autonomy_modules)
[11.346s] [34mcolcon.colcon_core.environment[0m [1;30mLevel 1[0m create_environment_scripts_only(px4_autonomy_modules)
[11.348s] [34mcolcon.colcon_core.environment[0m [1;30mLevel 1[0m checking '/home/jetson/rob498_2026/capstone2026/ros2_ws/install/px4_autonomy_modules' for CMake module files
[11.353s] [34mcolcon.colcon_core.environment[0m [1;30mLevel 1[0m checking '/home/jetson/rob498_2026/capstone2026/ros2_ws/install/px4_autonomy_modules' for CMake config files
[11.355s] [34mcolcon.colcon_core.shell[0m [1;30mLevel 1[0m create_environment_hook('px4_autonomy_modules', 'cmake_prefix_path')
[11.356s] [34mcolcon.colcon_core.shell[0m [1;30mINFO[0m Creating environment hook '/home/jetson/rob498_2026/capstone2026/ros2_ws/install/px4_autonomy_modules/share/px4_autonomy_modules/hook/cmake_prefix_path.ps1'
[11.359s] [34mcolcon.colcon_core.shell[0m [1;30mINFO[0m Creating environment descriptor '/home/jetson/rob498_2026/capstone2026/ros2_ws/install/px4_autonomy_modules/share/px4_autonomy_modules/hook/cmake_prefix_path.dsv'
[11.363s] [34mcolcon.colcon_core.shell[0m [1;30mINFO[0m Creating environment hook '/home/jetson/rob498_2026/capstone2026/ros2_ws/install/px4_autonomy_modules/share/px4_autonomy_modules/hook/cmake_prefix_path.sh'
[11.366s] [34mcolcon.colcon_core.environment[0m [1;30mLevel 1[0m checking '/home/jetson/rob498_2026/capstone2026/ros2_ws/install/px4_autonomy_modules/bin'
[11.367s] [34mcolcon.colcon_core.environment[0m [1;30mLevel 1[0m checking '/home/jetson/rob498_2026/capstone2026/ros2_ws/install/px4_autonomy_modules/lib/pkgconfig/px4_autonomy_modules.pc'
[11.368s] [34mcolcon.colcon_core.environment[0m [1;30mLevel 1[0m checking '/home/jetson/rob498_2026/capstone2026/ros2_ws/install/px4_autonomy_modules/lib/python3.8/site-packages'
[11.370s] [34mcolcon.colcon_core.environment[0m [1;30mLevel 1[0m checking '/home/jetson/rob498_2026/capstone2026/ros2_ws/install/px4_autonomy_modules/bin'
[11.373s] [34mcolcon.colcon_core.shell[0m [1;30mINFO[0m Creating package script '/home/jetson/rob498_2026/capstone2026/ros2_ws/install/px4_autonomy_modules/share/px4_autonomy_modules/package.ps1'
[11.377s] [34mcolcon.colcon_core.shell[0m [1;30mINFO[0m Creating package descriptor '/home/jetson/rob498_2026/capstone2026/ros2_ws/install/px4_autonomy_modules/share/px4_autonomy_modules/package.dsv'
[11.380s] [34mcolcon.colcon_core.shell[0m [1;30mINFO[0m Creating package script '/home/jetson/rob498_2026/capstone2026/ros2_ws/install/px4_autonomy_modules/share/px4_autonomy_modules/package.sh'
[11.383s] [34mcolcon.colcon_core.shell[0m [1;30mINFO[0m Creating package script '/home/jetson/rob498_2026/capstone2026/ros2_ws/install/px4_autonomy_modules/share/px4_autonomy_modules/package.bash'
[11.387s] [34mcolcon.colcon_core.shell[0m [1;30mINFO[0m Creating package script '/home/jetson/rob498_2026/capstone2026/ros2_ws/install/px4_autonomy_modules/share/px4_autonomy_modules/package.zsh'
[11.390s] [34mcolcon.colcon_core.environment[0m [1;30mLevel 1[0m create_file_with_runtime_dependencies(/home/jetson/rob498_2026/capstone2026/ros2_ws/install/px4_autonomy_modules/share/colcon-core/packages/px4_autonomy_modules)
[13.830s] [34mcolcon.colcon_core.event_handler.log_command[0m [1;30mDEBUG[0m [32mInvoking command in '/home/jetson/rob498_2026/capstone2026/ros2_ws/src/flight_2': PYTHONPATH=/home/jetson/rob498_2026/capstone2026/ros2_ws/build/flight_2/prefix_override:/usr/lib/python3/dist-packages/colcon_core/task/python/colcon_distutils_commands:/home/jetson/rob498_2026/capstone2026/ros2_ws/install/flight_2/lib/python3.8/site-packages:${PYTHONPATH} /usr/bin/python3 -W ignore:setup.py install is deprecated -W ignore:easy_install command is deprecated setup.py egg_info --egg-base ../../build/flight_2 build --build-base /home/jetson/rob498_2026/capstone2026/ros2_ws/build/flight_2/build install --record /home/jetson/rob498_2026/capstone2026/ros2_ws/build/flight_2/install.log --single-version-externally-managed install_data[0m
[13.846s] [34mcolcon.colcon_core.event_handler.log_command[0m [1;30mDEBUG[0m [32mInvoking command in '/home/jetson/rob498_2026/capstone2026/ros2_ws/src/vision_bridge': PYTHONPATH=/home/jetson/rob498_2026/capstone2026/ros2_ws/build/vision_bridge/prefix_override:/usr/lib/python3/dist-packages/colcon_core/task/python/colcon_distutils_commands:/home/jetson/rob498_2026/capstone2026/ros2_ws/install/vision_bridge/lib/python3.8/site-packages:${PYTHONPATH} /usr/bin/python3 -W ignore:setup.py install is deprecated -W ignore:easy_install command is deprecated setup.py egg_info --egg-base ../../build/vision_bridge build --build-base /home/jetson/rob498_2026/capstone2026/ros2_ws/build/vision_bridge/build install --record /home/jetson/rob498_2026/capstone2026/ros2_ws/build/vision_bridge/install.log --single-version-externally-managed install_data[0m
[13.864s] [34mcolcon.colcon_core.event_handler.log_command[0m [1;30mDEBUG[0m [32mInvoking command in '/home/jetson/rob498_2026/capstone2026/ros2_ws/src/flight2': PYTHONPATH=/home/jetson/rob498_2026/capstone2026/ros2_ws/build/flight2/prefix_override:/usr/lib/python3/dist-packages/colcon_core/task/python/colcon_distutils_commands:/home/jetson/rob498_2026/capstone2026/ros2_ws/install/flight2/lib/python3.8/site-packages:${PYTHONPATH} /usr/bin/python3 -W ignore:setup.py install is deprecated -W ignore:easy_install command is deprecated setup.py egg_info --egg-base ../../build/flight2 build --build-base /home/jetson/rob498_2026/capstone2026/ros2_ws/build/flight2/build install --record /home/jetson/rob498_2026/capstone2026/ros2_ws/build/flight2/install.log --single-version-externally-managed install_data[0m
[16.048s] [34mcolcon.colcon_core.environment[0m [1;30mLevel 1[0m checking '/home/jetson/rob498_2026/capstone2026/ros2_ws/install/vision_bridge' for CMake module files
[16.055s] [34mcolcon.colcon_core.environment[0m [1;30mLevel 1[0m checking '/home/jetson/rob498_2026/capstone2026/ros2_ws/install/vision_bridge' for CMake config files
[16.052s] [34mcolcon.colcon_core.event_handler.log_command[0m [1;30mDEBUG[0m [32mInvoked command in '/home/jetson/rob498_2026/capstone2026/ros2_ws/src/vision_bridge' returned '0': PYTHONPATH=/home/jetson/rob498_2026/capstone2026/ros2_ws/build/vision_bridge/prefix_override:/usr/lib/python3/dist-packages/colcon_core/task/python/colcon_distutils_commands:/home/jetson/rob498_2026/capstone2026/ros2_ws/install/vision_bridge/lib/python3.8/site-packages:${PYTHONPATH} /usr/bin/python3 -W ignore:setup.py install is deprecated -W ignore:easy_install command is deprecated setup.py egg_info --egg-base ../../build/vision_bridge build --build-base /home/jetson/rob498_2026/capstone2026/ros2_ws/build/vision_bridge/build install --record /home/jetson/rob498_2026/capstone2026/ros2_ws/build/vision_bridge/install.log --single-version-externally-managed install_data[0m
[16.060s] [34mcolcon.colcon_core.environment[0m [1;30mLevel 1[0m checking '/home/jetson/rob498_2026/capstone2026/ros2_ws/install/vision_bridge/lib'
[16.061s] [34mcolcon.colcon_core.environment[0m [1;30mLevel 1[0m checking '/home/jetson/rob498_2026/capstone2026/ros2_ws/install/vision_bridge/bin'
[16.062s] [34mcolcon.colcon_core.environment[0m [1;30mLevel 1[0m checking '/home/jetson/rob498_2026/capstone2026/ros2_ws/install/vision_bridge/lib/pkgconfig/vision_bridge.pc'
[16.063s] [34mcolcon.colcon_core.environment[0m [1;30mLevel 1[0m checking '/home/jetson/rob498_2026/capstone2026/ros2_ws/install/vision_bridge/lib/python3.8/site-packages'
[16.063s] [34mcolcon.colcon_core.shell[0m [1;30mLevel 1[0m create_environment_hook('vision_bridge', 'pythonpath')
[16.065s] [34mcolcon.colcon_core.shell[0m [1;30mINFO[0m Creating environment hook '/home/jetson/rob498_2026/capstone2026/ros2_ws/install/vision_bridge/share/vision_bridge/hook/pythonpath.ps1'
[16.068s] [34mcolcon.colcon_core.shell[0m [1;30mINFO[0m Creating environment descriptor '/home/jetson/rob498_2026/capstone2026/ros2_ws/install/vision_bridge/share/vision_bridge/hook/pythonpath.dsv'
[16.069s] [34mcolcon.colcon_core.shell[0m [1;30mINFO[0m Creating environment hook '/home/jetson/rob498_2026/capstone2026/ros2_ws/install/vision_bridge/share/vision_bridge/hook/pythonpath.sh'
[16.072s] [34mcolcon.colcon_core.environment[0m [1;30mLevel 1[0m checking '/home/jetson/rob498_2026/capstone2026/ros2_ws/install/vision_bridge/bin'
[16.073s] [34mcolcon.colcon_core.environment[0m [1;30mLevel 1[0m create_environment_scripts_only(vision_bridge)
[16.075s] [34mcolcon.colcon_core.shell[0m [1;30mINFO[0m Creating package script '/home/jetson/rob498_2026/capstone2026/ros2_ws/install/vision_bridge/share/vision_bridge/package.ps1'
[16.084s] [34mcolcon.colcon_core.shell[0m [1;30mINFO[0m Creating package descriptor '/home/jetson/rob498_2026/capstone2026/ros2_ws/install/vision_bridge/share/vision_bridge/package.dsv'
[16.086s] [34mcolcon.colcon_core.shell[0m [1;30mINFO[0m Creating package script '/home/jetson/rob498_2026/capstone2026/ros2_ws/install/vision_bridge/share/vision_bridge/package.sh'
[16.088s] [34mcolcon.colcon_core.shell[0m [1;30mINFO[0m Creating package script '/home/jetson/rob498_2026/capstone2026/ros2_ws/install/vision_bridge/share/vision_bridge/package.bash'
[16.091s] [34mcolcon.colcon_core.shell[0m [1;30mINFO[0m Creating package script '/home/jetson/rob498_2026/capstone2026/ros2_ws/install/vision_bridge/share/vision_bridge/package.zsh'
[16.093s] [34mcolcon.colcon_core.environment[0m [1;30mLevel 1[0m create_file_with_runtime_dependencies(/home/jetson/rob498_2026/capstone2026/ros2_ws/install/vision_bridge/share/colcon-core/packages/vision_bridge)
[16.098s] [34mcolcon.colcon_core.environment[0m [1;30mLevel 1[0m checking '/home/jetson/rob498_2026/capstone2026/ros2_ws/install/flight_2' for CMake module files
[16.102s] [34mcolcon.colcon_core.event_handler.log_command[0m [1;30mDEBUG[0m [32mInvoked command in '/home/jetson/rob498_2026/capstone2026/ros2_ws/src/flight_2' returned '0': PYTHONPATH=/home/jetson/rob498_2026/capstone2026/ros2_ws/build/flight_2/prefix_override:/usr/lib/python3/dist-packages/colcon_core/task/python/colcon_distutils_commands:/home/jetson/rob498_2026/capstone2026/ros2_ws/install/flight_2/lib/python3.8/site-packages:${PYTHONPATH} /usr/bin/python3 -W ignore:setup.py install is deprecated -W ignore:easy_install command is deprecated setup.py egg_info --egg-base ../../build/flight_2 build --build-base /home/jetson/rob498_2026/capstone2026/ros2_ws/build/flight_2/build install --record /home/jetson/rob498_2026/capstone2026/ros2_ws/build/flight_2/install.log --single-version-externally-managed install_data[0m
[16.103s] [34mcolcon.colcon_core.environment[0m [1;30mLevel 1[0m checking '/home/jetson/rob498_2026/capstone2026/ros2_ws/install/flight_2' for CMake config files
[16.105s] [34mcolcon.colcon_core.environment[0m [1;30mLevel 1[0m checking '/home/jetson/rob498_2026/capstone2026/ros2_ws/install/flight_2/lib'
[16.106s] [34mcolcon.colcon_core.environment[0m [1;30mLevel 1[0m checking '/home/jetson/rob498_2026/capstone2026/ros2_ws/install/flight_2/bin'
[16.106s] [34mcolcon.colcon_core.environment[0m [1;30mLevel 1[0m checking '/home/jetson/rob498_2026/capstone2026/ros2_ws/install/flight_2/lib/pkgconfig/flight_2.pc'
[16.107s] [34mcolcon.colcon_core.environment[0m [1;30mLevel 1[0m checking '/home/jetson/rob498_2026/capstone2026/ros2_ws/install/flight_2/lib/python3.8/site-packages'
[16.107s] [34mcolcon.colcon_core.shell[0m [1;30mLevel 1[0m create_environment_hook('flight_2', 'pythonpath')
[16.109s] [34mcolcon.colcon_core.shell[0m [1;30mINFO[0m Creating environment hook '/home/jetson/rob498_2026/capstone2026/ros2_ws/install/flight_2/share/flight_2/hook/pythonpath.ps1'
[16.111s] [34mcolcon.colcon_core.shell[0m [1;30mINFO[0m Creating environment descriptor '/home/jetson/rob498_2026/capstone2026/ros2_ws/install/flight_2/share/flight_2/hook/pythonpath.dsv'
[16.113s] [34mcolcon.colcon_core.shell[0m [1;30mINFO[0m Creating environment hook '/home/jetson/rob498_2026/capstone2026/ros2_ws/install/flight_2/share/flight_2/hook/pythonpath.sh'
[16.116s] [34mcolcon.colcon_core.environment[0m [1;30mLevel 1[0m checking '/home/jetson/rob498_2026/capstone2026/ros2_ws/install/flight_2/bin'
[16.116s] [34mcolcon.colcon_core.environment[0m [1;30mLevel 1[0m create_environment_scripts_only(flight_2)
[16.118s] [34mcolcon.colcon_core.shell[0m [1;30mINFO[0m Creating package script '/home/jetson/rob498_2026/capstone2026/ros2_ws/install/flight_2/share/flight_2/package.ps1'
[16.121s] [34mcolcon.colcon_core.shell[0m [1;30mINFO[0m Creating package descriptor '/home/jetson/rob498_2026/capstone2026/ros2_ws/install/flight_2/share/flight_2/package.dsv'
[16.124s] [34mcolcon.colcon_core.shell[0m [1;30mINFO[0m Creating package script '/home/jetson/rob498_2026/capstone2026/ros2_ws/install/flight_2/share/flight_2/package.sh'
[16.127s] [34mcolcon.colcon_core.shell[0m [1;30mINFO[0m Creating package script '/home/jetson/rob498_2026/capstone2026/ros2_ws/install/flight_2/share/flight_2/package.bash'
[16.129s] [34mcolcon.colcon_core.shell[0m [1;30mINFO[0m Creating package script '/home/jetson/rob498_2026/capstone2026/ros2_ws/install/flight_2/share/flight_2/package.zsh'
[16.131s] [34mcolcon.colcon_core.environment[0m [1;30mLevel 1[0m create_file_with_runtime_dependencies(/home/jetson/rob498_2026/capstone2026/ros2_ws/install/flight_2/share/colcon-core/packages/flight_2)
[16.133s] [34mcolcon.colcon_core.environment[0m [1;30mLevel 1[0m checking '/home/jetson/rob498_2026/capstone2026/ros2_ws/install/flight2' for CMake module files
[16.138s] [34mcolcon.colcon_core.event_handler.log_command[0m [1;30mDEBUG[0m [32mInvoked command in '/home/jetson/rob498_2026/capstone2026/ros2_ws/src/flight2' returned '0': PYTHONPATH=/home/jetson/rob498_2026/capstone2026/ros2_ws/build/flight2/prefix_override:/usr/lib/python3/dist-packages/colcon_core/task/python/colcon_distutils_commands:/home/jetson/rob498_2026/capstone2026/ros2_ws/install/flight2/lib/python3.8/site-packages:${PYTHONPATH} /usr/bin/python3 -W ignore:setup.py install is deprecated -W ignore:easy_install command is deprecated setup.py egg_info --egg-base ../../build/flight2 build --build-base /home/jetson/rob498_2026/capstone2026/ros2_ws/build/flight2/build install --record /home/jetson/rob498_2026/capstone2026/ros2_ws/build/flight2/install.log --single-version-externally-managed install_data[0m
[16.139s] [34mcolcon.colcon_core.environment[0m [1;30mLevel 1[0m checking '/home/jetson/rob498_2026/capstone2026/ros2_ws/install/flight2' for CMake config files
[16.141s] [34mcolcon.colcon_core.environment[0m [1;30mLevel 1[0m checking '/home/jetson/rob498_2026/capstone2026/ros2_ws/install/flight2/lib'
[16.142s] [34mcolcon.colcon_core.environment[0m [1;30mLevel 1[0m checking '/home/jetson/rob498_2026/capstone2026/ros2_ws/install/flight2/bin'
[16.142s] [34mcolcon.colcon_core.environment[0m [1;30mLevel 1[0m checking '/home/jetson/rob498_2026/capstone2026/ros2_ws/install/flight2/lib/pkgconfig/flight2.pc'
[16.143s] [34mcolcon.colcon_core.environment[0m [1;30mLevel 1[0m checking '/home/jetson/rob498_2026/capstone2026/ros2_ws/install/flight2/lib/python3.8/site-packages'
[16.144s] [34mcolcon.colcon_core.shell[0m [1;30mLevel 1[0m create_environment_hook('flight2', 'pythonpath')
[16.145s] [34mcolcon.colcon_core.shell[0m [1;30mINFO[0m Creating environment hook '/home/jetson/rob498_2026/capstone2026/ros2_ws/install/flight2/share/flight2/hook/pythonpath.ps1'
[16.147s] [34mcolcon.colcon_core.shell[0m [1;30mINFO[0m Creating environment descriptor '/home/jetson/rob498_2026/capstone2026/ros2_ws/install/flight2/share/flight2/hook/pythonpath.dsv'
[16.149s] [34mcolcon.colcon_core.shell[0m [1;30mINFO[0m Creating environment hook '/home/jetson/rob498_2026/capstone2026/ros2_ws/install/flight2/share/flight2/hook/pythonpath.sh'
[16.152s] [34mcolcon.colcon_core.environment[0m [1;30mLevel 1[0m checking '/home/jetson/rob498_2026/capstone2026/ros2_ws/install/flight2/bin'
[16.153s] [34mcolcon.colcon_core.environment[0m [1;30mLevel 1[0m create_environment_scripts_only(flight2)
[16.155s] [34mcolcon.colcon_core.shell[0m [1;30mINFO[0m Creating package script '/home/jetson/rob498_2026/capstone2026/ros2_ws/install/flight2/share/flight2/package.ps1'
[16.157s] [34mcolcon.colcon_core.shell[0m [1;30mINFO[0m Creating package descriptor '/home/jetson/rob498_2026/capstone2026/ros2_ws/install/flight2/share/flight2/package.dsv'
[16.160s] [34mcolcon.colcon_core.shell[0m [1;30mINFO[0m Creating package script '/home/jetson/rob498_2026/capstone2026/ros2_ws/install/flight2/share/flight2/package.sh'
[16.162s] [34mcolcon.colcon_core.shell[0m [1;30mINFO[0m Creating package script '/home/jetson/rob498_2026/capstone2026/ros2_ws/install/flight2/share/flight2/package.bash'
[16.164s] [34mcolcon.colcon_core.shell[0m [1;30mINFO[0m Creating package script '/home/jetson/rob498_2026/capstone2026/ros2_ws/install/flight2/share/flight2/package.zsh'
[16.166s] [34mcolcon.colcon_core.environment[0m [1;30mLevel 1[0m create_file_with_runtime_dependencies(/home/jetson/rob498_2026/capstone2026/ros2_ws/install/flight2/share/colcon-core/packages/flight2)
[16.168s] [34mcolcon.colcon_parallel_executor.executor.parallel[0m [1;30mDEBUG[0m [32mclosing loop[0m
[16.169s] [34mcolcon.colcon_parallel_executor.executor.parallel[0m [1;30mDEBUG[0m [32mloop closed[0m
[16.170s] [34mcolcon.colcon_parallel_executor.executor.parallel[0m [1;30mDEBUG[0m [32mrun_until_complete finished with '0'[0m
[16.170s] [34mcolcon.colcon_core.event_reactor[0m [1;30mDEBUG[0m [32mjoining thread[0m
[16.215s] [34mcolcon.colcon_core.plugin_system[0m [1;30mINFO[0m Skipping extension 'colcon_notification.desktop_notification.terminal_notifier': Not used on non-Darwin systems
[16.216s] [34mcolcon.colcon_core.plugin_system[0m [1;30mINFO[0m Skipping extension 'colcon_notification.desktop_notification.win32': Not used on non-Windows systems
[16.216s] [34mcolcon.colcon_notification.desktop_notification[0m [1;30mINFO[0m Sending desktop notification using 'notify2'
[16.291s] [34mcolcon.colcon_core.event_reactor[0m [1;30mDEBUG[0m [32mjoined thread[0m
[16.293s] [34mcolcon.colcon_core.shell[0m [1;30mINFO[0m Creating prefix script '/home/jetson/rob498_2026/capstone2026/ros2_ws/install/local_setup.ps1'
[16.300s] [34mcolcon.colcon_core.shell[0m [1;30mINFO[0m Creating prefix util module '/home/jetson/rob498_2026/capstone2026/ros2_ws/install/_local_setup_util_ps1.py'
[16.308s] [34mcolcon.colcon_core.shell[0m [1;30mINFO[0m Creating prefix chain script '/home/jetson/rob498_2026/capstone2026/ros2_ws/install/setup.ps1'
[16.319s] [34mcolcon.colcon_core.shell[0m [1;30mINFO[0m Creating prefix script '/home/jetson/rob498_2026/capstone2026/ros2_ws/install/local_setup.sh'
[16.323s] [34mcolcon.colcon_core.shell[0m [1;30mINFO[0m Creating prefix util module '/home/jetson/rob498_2026/capstone2026/ros2_ws/install/_local_setup_util_sh.py'
[16.326s] [34mcolcon.colcon_core.shell[0m [1;30mINFO[0m Creating prefix chain script '/home/jetson/rob498_2026/capstone2026/ros2_ws/install/setup.sh'
[16.334s] [34mcolcon.colcon_core.shell[0m [1;30mINFO[0m Creating prefix script '/home/jetson/rob498_2026/capstone2026/ros2_ws/install/local_setup.bash'
[16.337s] [34mcolcon.colcon_core.shell[0m [1;30mINFO[0m Creating prefix chain script '/home/jetson/rob498_2026/capstone2026/ros2_ws/install/setup.bash'
[16.345s] [34mcolcon.colcon_core.shell[0m [1;30mINFO[0m Creating prefix script '/home/jetson/rob498_2026/capstone2026/ros2_ws/install/local_setup.zsh'
[16.350s] [34mcolcon.colcon_core.shell[0m [1;30mINFO[0m Creating prefix chain script '/home/jetson/rob498_2026/capstone2026/ros2_ws/install/setup.zsh'
