running develop
Removing /home/jetson/rob498_2026/capstone2026/ros2_ws/install/vision_bridge/lib/python3.8/site-packages/vision-bridge.egg-link (link to .)
running egg_info
writing ../../build/vision_bridge/vision_bridge.egg-info/PKG-INFO
writing dependency_links to ../../build/vision_bridge/vision_bridge.egg-info/dependency_links.txt
writing entry points to ../../build/vision_bridge/vision_bridge.egg-info/entry_points.txt
writing requirements to ../../build/vision_bridge/vision_bridge.egg-info/requires.txt
writing top-level names to ../../build/vision_bridge/vision_bridge.egg-info/top_level.txt
reading manifest file '../../build/vision_bridge/vision_bridge.egg-info/SOURCES.txt'
writing manifest file '../../build/vision_bridge/vision_bridge.egg-info/SOURCES.txt'
running build
running build_py
creating /home/jetson/rob498_2026/capstone2026/ros2_ws/build/vision_bridge/build
creating /home/jetson/rob498_2026/capstone2026/ros2_ws/build/vision_bridge/build/lib
creating /home/jetson/rob498_2026/capstone2026/ros2_ws/build/vision_bridge/build/lib/vision_bridge
copying vision_bridge/bridge_node.py -> /home/jetson/rob498_2026/capstone2026/ros2_ws/build/vision_bridge/build/lib/vision_bridge
copying vision_bridge/__init__.py -> /home/jetson/rob498_2026/capstone2026/ros2_ws/build/vision_bridge/build/lib/vision_bridge
running install
running install_lib
creating /home/jetson/rob498_2026/capstone2026/ros2_ws/install/vision_bridge/lib/python3.8/site-packages/vision_bridge
copying /home/jetson/rob498_2026/capstone2026/ros2_ws/build/vision_bridge/build/lib/vision_bridge/bridge_node.py -> /home/jetson/rob498_2026/capstone2026/ros2_ws/install/vision_bridge/lib/python3.8/site-packages/vision_bridge
copying /home/jetson/rob498_2026/capstone2026/ros2_ws/build/vision_bridge/build/lib/vision_bridge/__init__.py -> /home/jetson/rob498_2026/capstone2026/ros2_ws/install/vision_bridge/lib/python3.8/site-packages/vision_bridge
byte-compiling /home/jetson/rob498_2026/capstone2026/ros2_ws/install/vision_bridge/lib/python3.8/site-packages/vision_bridge/bridge_node.py to bridge_node.cpython-38.pyc
byte-compiling /home/jetson/rob498_2026/capstone2026/ros2_ws/install/vision_bridge/lib/python3.8/site-packages/vision_bridge/__init__.py to __init__.cpython-38.pyc
running install_data
copying resource/vision_bridge -> /home/jetson/rob498_2026/capstone2026/ros2_ws/install/vision_bridge/share/ament_index/resource_index/packages
copying package.xml -> /home/jetson/rob498_2026/capstone2026/ros2_ws/install/vision_bridge/share/vision_bridge
copying vision_bridge/launch/vision_bridge.launch.py -> /home/jetson/rob498_2026/capstone2026/ros2_ws/install/vision_bridge/share/vision_bridge/launch
running install_egg_info
Copying ../../build/vision_bridge/vision_bridge.egg-info to /home/jetson/rob498_2026/capstone2026/ros2_ws/install/vision_bridge/lib/python3.8/site-packages/vision_bridge-0.0.1-py3.8.egg-info
running install_scripts
Installing vision_bridge script to /home/jetson/rob498_2026/capstone2026/ros2_ws/install/vision_bridge/lib/vision_bridge
writing list of installed files to '/home/jetson/rob498_2026/capstone2026/ros2_ws/build/vision_bridge/install.log'
