[8.076s] Invoking command in '/home/jetson/rob498_2026/capstone2026/ros2_ws/build/vision_bridge': PYTHONPATH=/home/jetson/rob498_2026/capstone2026/ros2_ws/build/vision_bridge/prefix_override:/usr/lib/python3/dist-packages/colcon_core/task/python/colcon_distutils_commands:/home/jetson/rob498_2026/capstone2026/ros2_ws/install/vision_bridge/lib/python3.8/site-packages:${PYTHONPATH} /usr/bin/python3 -W ignore:setup.py install is deprecated -W ignore:easy_install command is deprecated setup.py develop --uninstall --editable --build-directory /home/jetson/rob498_2026/capstone2026/ros2_ws/build/vision_bridge/build
[10.804s] running develop
[11.790s] Removing /home/jetson/rob498_2026/capstone2026/ros2_ws/install/vision_bridge/lib/python3.8/site-packages/vision-bridge.egg-link (link to .)
[11.927s] Invoked command in '/home/jetson/rob498_2026/capstone2026/ros2_ws/build/vision_bridge' returned '0': PYTHONPATH=/home/jetson/rob498_2026/capstone2026/ros2_ws/build/vision_bridge/prefix_override:/usr/lib/python3/dist-packages/colcon_core/task/python/colcon_distutils_commands:/home/jetson/rob498_2026/capstone2026/ros2_ws/install/vision_bridge/lib/python3.8/site-packages:${PYTHONPATH} /usr/bin/python3 -W ignore:setup.py install is deprecated -W ignore:easy_install command is deprecated setup.py develop --uninstall --editable --build-directory /home/jetson/rob498_2026/capstone2026/ros2_ws/build/vision_bridge/build
[11.939s] Invoking command in '/home/jetson/rob498_2026/capstone2026/ros2_ws/src/vision_bridge': PYTHONPATH=/home/jetson/rob498_2026/capstone2026/ros2_ws/build/vision_bridge/prefix_override:/usr/lib/python3/dist-packages/colcon_core/task/python/colcon_distutils_commands:/home/jetson/rob498_2026/capstone2026/ros2_ws/install/vision_bridge/lib/python3.8/site-packages:${PYTHONPATH} /usr/bin/python3 -W ignore:setup.py install is deprecated -W ignore:easy_install command is deprecated setup.py egg_info --egg-base ../../build/vision_bridge build --build-base /home/jetson/rob498_2026/capstone2026/ros2_ws/build/vision_bridge/build install --record /home/jetson/rob498_2026/capstone2026/ros2_ws/build/vision_bridge/install.log --single-version-externally-managed install_data --force
[13.597s] running egg_info
[13.604s] writing ../../build/vision_bridge/vision_bridge.egg-info/PKG-INFO
[13.605s] writing dependency_links to ../../build/vision_bridge/vision_bridge.egg-info/dependency_links.txt
[13.606s] writing entry points to ../../build/vision_bridge/vision_bridge.egg-info/entry_points.txt
[13.607s] writing requirements to ../../build/vision_bridge/vision_bridge.egg-info/requires.txt
[13.608s] writing top-level names to ../../build/vision_bridge/vision_bridge.egg-info/top_level.txt
[13.624s] reading manifest file '../../build/vision_bridge/vision_bridge.egg-info/SOURCES.txt'
[13.630s] writing manifest file '../../build/vision_bridge/vision_bridge.egg-info/SOURCES.txt'
[13.633s] running build
[13.633s] running build_py
[13.634s] creating /home/jetson/rob498_2026/capstone2026/ros2_ws/build/vision_bridge/build
[13.634s] creating /home/jetson/rob498_2026/capstone2026/ros2_ws/build/vision_bridge/build/lib
[13.635s] creating /home/jetson/rob498_2026/capstone2026/ros2_ws/build/vision_bridge/build/lib/vision_bridge
[13.635s] copying vision_bridge/bridge_node.py -> /home/jetson/rob498_2026/capstone2026/ros2_ws/build/vision_bridge/build/lib/vision_bridge
[13.636s] copying vision_bridge/__init__.py -> /home/jetson/rob498_2026/capstone2026/ros2_ws/build/vision_bridge/build/lib/vision_bridge
[13.636s] running install
[13.642s] running install_lib
[13.652s] creating /home/jetson/rob498_2026/capstone2026/ros2_ws/install/vision_bridge/lib/python3.8/site-packages/vision_bridge
[13.655s] copying /home/jetson/rob498_2026/capstone2026/ros2_ws/build/vision_bridge/build/lib/vision_bridge/bridge_node.py -> /home/jetson/rob498_2026/capstone2026/ros2_ws/install/vision_bridge/lib/python3.8/site-packages/vision_bridge
[13.656s] copying /home/jetson/rob498_2026/capstone2026/ros2_ws/build/vision_bridge/build/lib/vision_bridge/__init__.py -> /home/jetson/rob498_2026/capstone2026/ros2_ws/install/vision_bridge/lib/python3.8/site-packages/vision_bridge
[13.656s] byte-compiling /home/jetson/rob498_2026/capstone2026/ros2_ws/install/vision_bridge/lib/python3.8/site-packages/vision_bridge/bridge_node.py to bridge_node.cpython-38.pyc
[13.657s] byte-compiling /home/jetson/rob498_2026/capstone2026/ros2_ws/install/vision_bridge/lib/python3.8/site-packages/vision_bridge/__init__.py to __init__.cpython-38.pyc
[13.658s] running install_data
[13.658s] copying resource/vision_bridge -> /home/jetson/rob498_2026/capstone2026/ros2_ws/install/vision_bridge/share/ament_index/resource_index/packages
[13.659s] copying package.xml -> /home/jetson/rob498_2026/capstone2026/ros2_ws/install/vision_bridge/share/vision_bridge
[13.662s] copying vision_bridge/launch/vision_bridge.launch.py -> /home/jetson/rob498_2026/capstone2026/ros2_ws/install/vision_bridge/share/vision_bridge/launch
[13.666s] running install_egg_info
[13.715s] Copying ../../build/vision_bridge/vision_bridge.egg-info to /home/jetson/rob498_2026/capstone2026/ros2_ws/install/vision_bridge/lib/python3.8/site-packages/vision_bridge-0.0.1-py3.8.egg-info
[13.719s] running install_scripts
[13.856s] Installing vision_bridge script to /home/jetson/rob498_2026/capstone2026/ros2_ws/install/vision_bridge/lib/vision_bridge
[13.857s] writing list of installed files to '/home/jetson/rob498_2026/capstone2026/ros2_ws/build/vision_bridge/install.log'
[13.977s] Invoked command in '/home/jetson/rob498_2026/capstone2026/ros2_ws/src/vision_bridge' returned '0': PYTHONPATH=/home/jetson/rob498_2026/capstone2026/ros2_ws/build/vision_bridge/prefix_override:/usr/lib/python3/dist-packages/colcon_core/task/python/colcon_distutils_commands:/home/jetson/rob498_2026/capstone2026/ros2_ws/install/vision_bridge/lib/python3.8/site-packages:${PYTHONPATH} /usr/bin/python3 -W ignore:setup.py install is deprecated -W ignore:easy_install command is deprecated setup.py egg_info --egg-base ../../build/vision_bridge build --build-base /home/jetson/rob498_2026/capstone2026/ros2_ws/build/vision_bridge/build install --record /home/jetson/rob498_2026/capstone2026/ros2_ws/build/vision_bridge/install.log --single-version-externally-managed install_data --force
