[8.136s] Invoking command in '/home/jetson/rob498_2026/capstone2026/ros2_ws/src/flight_2': PYTHONPATH=/home/jetson/rob498_2026/capstone2026/ros2_ws/build/flight_2/prefix_override:/usr/lib/python3/dist-packages/colcon_core/task/python/colcon_distutils_commands:/home/jetson/rob498_2026/capstone2026/ros2_ws/install/flight_2/lib/python3.8/site-packages:${PYTHONPATH} /usr/bin/python3 -W ignore:setup.py install is deprecated -W ignore:easy_install command is deprecated setup.py egg_info --egg-base ../../build/flight_2 build --build-base /home/jetson/rob498_2026/capstone2026/ros2_ws/build/flight_2/build install --record /home/jetson/rob498_2026/capstone2026/ros2_ws/build/flight_2/install.log --single-version-externally-managed install_data
[9.974s] running egg_info
[9.976s] writing ../../build/flight_2/flight_2.egg-info/PKG-INFO
[9.977s] writing dependency_links to ../../build/flight_2/flight_2.egg-info/dependency_links.txt
[9.977s] writing entry points to ../../build/flight_2/flight_2.egg-info/entry_points.txt
[9.978s] writing requirements to ../../build/flight_2/flight_2.egg-info/requires.txt
[9.978s] writing top-level names to ../../build/flight_2/flight_2.egg-info/top_level.txt
[9.995s] reading manifest file '../../build/flight_2/flight_2.egg-info/SOURCES.txt'
[10.000s] writing manifest file '../../build/flight_2/flight_2.egg-info/SOURCES.txt'
[10.000s] running build
[10.001s] running build_py
[10.002s] running install
[10.008s] running install_lib
[10.016s] running install_data
[10.017s] running install_egg_info
[10.026s] removing '/home/jetson/rob498_2026/capstone2026/ros2_ws/install/flight_2/lib/python3.8/site-packages/flight_2-0.0.0-py3.8.egg-info' (and everything under it)
[10.027s] Copying ../../build/flight_2/flight_2.egg-info to /home/jetson/rob498_2026/capstone2026/ros2_ws/install/flight_2/lib/python3.8/site-packages/flight_2-0.0.0-py3.8.egg-info
[10.034s] running install_scripts
[10.141s] Installing my_node script to /home/jetson/rob498_2026/capstone2026/ros2_ws/install/flight_2/lib/flight_2
[10.143s] writing list of installed files to '/home/jetson/rob498_2026/capstone2026/ros2_ws/build/flight_2/install.log'
[10.267s] Invoked command in '/home/jetson/rob498_2026/capstone2026/ros2_ws/src/flight_2' returned '0': PYTHONPATH=/home/jetson/rob498_2026/capstone2026/ros2_ws/build/flight_2/prefix_override:/usr/lib/python3/dist-packages/colcon_core/task/python/colcon_distutils_commands:/home/jetson/rob498_2026/capstone2026/ros2_ws/install/flight_2/lib/python3.8/site-packages:${PYTHONPATH} /usr/bin/python3 -W ignore:setup.py install is deprecated -W ignore:easy_install command is deprecated setup.py egg_info --egg-base ../../build/flight_2 build --build-base /home/jetson/rob498_2026/capstone2026/ros2_ws/build/flight_2/build install --record /home/jetson/rob498_2026/capstone2026/ros2_ws/build/flight_2/install.log --single-version-externally-managed install_data
