[8.614s] Invoking command in '/home/jetson/rob498_2026/capstone2026/ros2_ws/src/flight_2': PYTHONPATH=/home/jetson/rob498_2026/capstone2026/ros2_ws/build/flight_2/prefix_override:/usr/lib/python3/dist-packages/colcon_core/task/python/colcon_distutils_commands:/home/jetson/rob498_2026/capstone2026/ros2_ws/install/flight_2/lib/python3.8/site-packages:${PYTHONPATH} /usr/bin/python3 -W ignore:setup.py install is deprecated -W ignore:easy_install command is deprecated setup.py egg_info --egg-base ../../build/flight_2 build --build-base /home/jetson/rob498_2026/capstone2026/ros2_ws/build/flight_2/build install --record /home/jetson/rob498_2026/capstone2026/ros2_ws/build/flight_2/install.log --single-version-externally-managed install_data
[11.838s] running egg_info
[11.851s] writing ../../build/flight_2/flight_2.egg-info/PKG-INFO
[11.853s] writing dependency_links to ../../build/flight_2/flight_2.egg-info/dependency_links.txt
[11.854s] writing entry points to ../../build/flight_2/flight_2.egg-info/entry_points.txt
[11.856s] writing requirements to ../../build/flight_2/flight_2.egg-info/requires.txt
[11.857s] writing top-level names to ../../build/flight_2/flight_2.egg-info/top_level.txt
[11.898s] reading manifest file '../../build/flight_2/flight_2.egg-info/SOURCES.txt'
[11.910s] writing manifest file '../../build/flight_2/flight_2.egg-info/SOURCES.txt'
[11.919s] running build
[11.920s] running build_py
[11.923s] running install
[11.929s] running install_lib
[11.956s] running install_data
[11.957s] running install_egg_info
[11.989s] removing '/home/jetson/rob498_2026/capstone2026/ros2_ws/install/flight_2/lib/python3.8/site-packages/flight_2-0.0.0-py3.8.egg-info' (and everything under it)
[11.990s] Copying ../../build/flight_2/flight_2.egg-info to /home/jetson/rob498_2026/capstone2026/ros2_ws/install/flight_2/lib/python3.8/site-packages/flight_2-0.0.0-py3.8.egg-info
[12.005s] running install_scripts
[12.178s] Installing my_node script to /home/jetson/rob498_2026/capstone2026/ros2_ws/install/flight_2/lib/flight_2
[12.182s] writing list of installed files to '/home/jetson/rob498_2026/capstone2026/ros2_ws/build/flight_2/install.log'
[14.394s] Invoked command in '/home/jetson/rob498_2026/capstone2026/ros2_ws/src/flight_2' returned '0': PYTHONPATH=/home/jetson/rob498_2026/capstone2026/ros2_ws/build/flight_2/prefix_override:/usr/lib/python3/dist-packages/colcon_core/task/python/colcon_distutils_commands:/home/jetson/rob498_2026/capstone2026/ros2_ws/install/flight_2/lib/python3.8/site-packages:${PYTHONPATH} /usr/bin/python3 -W ignore:setup.py install is deprecated -W ignore:easy_install command is deprecated setup.py egg_info --egg-base ../../build/flight_2 build --build-base /home/jetson/rob498_2026/capstone2026/ros2_ws/build/flight_2/build install --record /home/jetson/rob498_2026/capstone2026/ros2_ws/build/flight_2/install.log --single-version-externally-managed install_data
