/usr/local/lib/python3.8/dist-packages/setuptools/dist.py:717: UserWarning: Usage of dash-separated 'script-dir' will not be supported in future versions. Please use the underscore name 'script_dir' instead
  warnings.warn(
running egg_info
writing ../../build/vision_bdg/vision_bdg.egg-info/PKG-INFO
writing dependency_links to ../../build/vision_bdg/vision_bdg.egg-info/dependency_links.txt
writing entry points to ../../build/vision_bdg/vision_bdg.egg-info/entry_points.txt
writing requirements to ../../build/vision_bdg/vision_bdg.egg-info/requires.txt
writing top-level names to ../../build/vision_bdg/vision_bdg.egg-info/top_level.txt
reading manifest file '../../build/vision_bdg/vision_bdg.egg-info/SOURCES.txt'
writing manifest file '../../build/vision_bdg/vision_bdg.egg-info/SOURCES.txt'
running build
running build_py
running install
running install_lib
running install_data
running install_egg_info
removing '/home/jetson/rob498_2026/capstone2026/ros2_ws/install/vision_bdg/lib/python3.8/site-packages/vision_bdg-0.0.0-py3.8.egg-info' (and everything under it)
Copying ../../build/vision_bdg/vision_bdg.egg-info to /home/jetson/rob498_2026/capstone2026/ros2_ws/install/vision_bdg/lib/python3.8/site-packages/vision_bdg-0.0.0-py3.8.egg-info
running install_scripts
Installing vision_bdg script to /home/jetson/rob498_2026/capstone2026/ros2_ws/install/vision_bdg/lib/vision_bdg
writing list of installed files to '/home/jetson/rob498_2026/capstone2026/ros2_ws/build/vision_bdg/install.log'
