[7.920s] Invoking command in '/home/jetson/rob498_2026/capstone2026/ros2_ws/src/vision_bdg': PYTHONPATH=/home/jetson/rob498_2026/capstone2026/ros2_ws/build/vision_bdg/prefix_override:/usr/lib/python3/dist-packages/colcon_core/task/python/colcon_distutils_commands:/home/jetson/rob498_2026/capstone2026/ros2_ws/install/vision_bdg/lib/python3.8/site-packages:${PYTHONPATH} /usr/bin/python3 -W ignore:setup.py install is deprecated -W ignore:easy_install command is deprecated setup.py egg_info --egg-base ../../build/vision_bdg build --build-base /home/jetson/rob498_2026/capstone2026/ros2_ws/build/vision_bdg/build install --record /home/jetson/rob498_2026/capstone2026/ros2_ws/build/vision_bdg/install.log --install-scripts $base/lib/vision_bdg --single-version-externally-managed install_data
[9.559s] /usr/local/lib/python3.8/dist-packages/setuptools/dist.py:717: UserWarning: Usage of dash-separated 'script-dir' will not be supported in future versions. Please use the underscore name 'script_dir' instead
[9.560s]   warnings.warn(
[9.858s] running egg_info
[9.862s] writing ../../build/vision_bdg/vision_bdg.egg-info/PKG-INFO
[9.864s] writing dependency_links to ../../build/vision_bdg/vision_bdg.egg-info/dependency_links.txt
[9.865s] writing entry points to ../../build/vision_bdg/vision_bdg.egg-info/entry_points.txt
[9.866s] writing requirements to ../../build/vision_bdg/vision_bdg.egg-info/requires.txt
[9.866s] writing top-level names to ../../build/vision_bdg/vision_bdg.egg-info/top_level.txt
[9.886s] reading manifest file '../../build/vision_bdg/vision_bdg.egg-info/SOURCES.txt'
[9.893s] writing manifest file '../../build/vision_bdg/vision_bdg.egg-info/SOURCES.txt'
[9.894s] running build
[9.896s] running build_py
[9.897s] running install
[9.901s] running install_lib
[9.908s] running install_data
[9.908s] running install_egg_info
[9.917s] removing '/home/jetson/rob498_2026/capstone2026/ros2_ws/install/vision_bdg/lib/python3.8/site-packages/vision_bdg-0.0.0-py3.8.egg-info' (and everything under it)
[9.918s] Copying ../../build/vision_bdg/vision_bdg.egg-info to /home/jetson/rob498_2026/capstone2026/ros2_ws/install/vision_bdg/lib/python3.8/site-packages/vision_bdg-0.0.0-py3.8.egg-info
[9.928s] running install_scripts
[10.042s] Installing vision_bdg script to /home/jetson/rob498_2026/capstone2026/ros2_ws/install/vision_bdg/lib/vision_bdg
[10.048s] writing list of installed files to '/home/jetson/rob498_2026/capstone2026/ros2_ws/build/vision_bdg/install.log'
[10.228s] Invoked command in '/home/jetson/rob498_2026/capstone2026/ros2_ws/src/vision_bdg' returned '0': PYTHONPATH=/home/jetson/rob498_2026/capstone2026/ros2_ws/build/vision_bdg/prefix_override:/usr/lib/python3/dist-packages/colcon_core/task/python/colcon_distutils_commands:/home/jetson/rob498_2026/capstone2026/ros2_ws/install/vision_bdg/lib/python3.8/site-packages:${PYTHONPATH} /usr/bin/python3 -W ignore:setup.py install is deprecated -W ignore:easy_install command is deprecated setup.py egg_info --egg-base ../../build/vision_bdg build --build-base /home/jetson/rob498_2026/capstone2026/ros2_ws/build/vision_bdg/build install --record /home/jetson/rob498_2026/capstone2026/ros2_ws/build/vision_bdg/install.log --install-scripts $base/lib/vision_bdg --single-version-externally-managed install_data
