running develop
Removing /home/jetson/rob498_2026/capstone2026/ros2_ws/install/flight2/lib/python3.8/site-packages/flight2.egg-link (link to .)
running egg_info
writing ../../build/flight2/flight2.egg-info/PKG-INFO
writing dependency_links to ../../build/flight2/flight2.egg-info/dependency_links.txt
writing entry points to ../../build/flight2/flight2.egg-info/entry_points.txt
writing requirements to ../../build/flight2/flight2.egg-info/requires.txt
writing top-level names to ../../build/flight2/flight2.egg-info/top_level.txt
reading manifest file '../../build/flight2/flight2.egg-info/SOURCES.txt'
writing manifest file '../../build/flight2/flight2.egg-info/SOURCES.txt'
running build
running build_py
creating /home/jetson/rob498_2026/capstone2026/ros2_ws/build/flight2/build
creating /home/jetson/rob498_2026/capstone2026/ros2_ws/build/flight2/build/lib
creating /home/jetson/rob498_2026/capstone2026/ros2_ws/build/flight2/build/lib/flight2
copying flight2/__init__.py -> /home/jetson/rob498_2026/capstone2026/ros2_ws/build/flight2/build/lib/flight2
running install
running install_lib
creating /home/jetson/rob498_2026/capstone2026/ros2_ws/install/flight2/lib/python3.8/site-packages/flight2
copying /home/jetson/rob498_2026/capstone2026/ros2_ws/build/flight2/build/lib/flight2/__init__.py -> /home/jetson/rob498_2026/capstone2026/ros2_ws/install/flight2/lib/python3.8/site-packages/flight2
byte-compiling /home/jetson/rob498_2026/capstone2026/ros2_ws/install/flight2/lib/python3.8/site-packages/flight2/__init__.py to __init__.cpython-38.pyc
running install_data
copying resource/flight2 -> /home/jetson/rob498_2026/capstone2026/ros2_ws/install/flight2/share/ament_index/resource_index/packages
copying package.xml -> /home/jetson/rob498_2026/capstone2026/ros2_ws/install/flight2/share/flight2
running install_egg_info
Copying ../../build/flight2/flight2.egg-info to /home/jetson/rob498_2026/capstone2026/ros2_ws/install/flight2/lib/python3.8/site-packages/flight2-0.0.0-py3.8.egg-info
running install_scripts
writing list of installed files to '/home/jetson/rob498_2026/capstone2026/ros2_ws/build/flight2/install.log'
