[8.135s] Invoking command in '/home/jetson/rob498_2026/capstone2026/ros2_ws/build/flight2': PYTHONPATH=/home/jetson/rob498_2026/capstone2026/ros2_ws/build/flight2/prefix_override:/usr/lib/python3/dist-packages/colcon_core/task/python/colcon_distutils_commands:/home/jetson/rob498_2026/capstone2026/ros2_ws/install/flight2/lib/python3.8/site-packages:${PYTHONPATH} /usr/bin/python3 -W ignore:setup.py install is deprecated -W ignore:easy_install command is deprecated setup.py develop --uninstall --editable --build-directory /home/jetson/rob498_2026/capstone2026/ros2_ws/build/flight2/build
[10.592s] /usr/local/lib/python3.8/dist-packages/setuptools/dist.py:717: UserWarning: Usage of dash-separated 'script-dir' will not be supported in future versions. Please use the underscore name 'script_dir' instead
[10.593s]   warnings.warn(
[10.850s] running develop
[11.770s] Removing /home/jetson/rob498_2026/capstone2026/ros2_ws/install/flight2/lib/python3.8/site-packages/flight2.egg-link (link to .)
[11.921s] Invoked command in '/home/jetson/rob498_2026/capstone2026/ros2_ws/build/flight2' returned '0': PYTHONPATH=/home/jetson/rob498_2026/capstone2026/ros2_ws/build/flight2/prefix_override:/usr/lib/python3/dist-packages/colcon_core/task/python/colcon_distutils_commands:/home/jetson/rob498_2026/capstone2026/ros2_ws/install/flight2/lib/python3.8/site-packages:${PYTHONPATH} /usr/bin/python3 -W ignore:setup.py install is deprecated -W ignore:easy_install command is deprecated setup.py develop --uninstall --editable --build-directory /home/jetson/rob498_2026/capstone2026/ros2_ws/build/flight2/build
[11.943s] Invoking command in '/home/jetson/rob498_2026/capstone2026/ros2_ws/src/flight2': PYTHONPATH=/home/jetson/rob498_2026/capstone2026/ros2_ws/build/flight2/prefix_override:/usr/lib/python3/dist-packages/colcon_core/task/python/colcon_distutils_commands:/home/jetson/rob498_2026/capstone2026/ros2_ws/install/flight2/lib/python3.8/site-packages:${PYTHONPATH} /usr/bin/python3 -W ignore:setup.py install is deprecated -W ignore:easy_install command is deprecated setup.py egg_info --egg-base ../../build/flight2 build --build-base /home/jetson/rob498_2026/capstone2026/ros2_ws/build/flight2/build install --record /home/jetson/rob498_2026/capstone2026/ros2_ws/build/flight2/install.log --install-scripts $base/lib/flight2 --single-version-externally-managed install_data --force
[13.358s] /usr/local/lib/python3.8/dist-packages/setuptools/dist.py:717: UserWarning: Usage of dash-separated 'script-dir' will not be supported in future versions. Please use the underscore name 'script_dir' instead
[13.358s]   warnings.warn(
[13.545s] running egg_info
[13.550s] writing ../../build/flight2/flight2.egg-info/PKG-INFO
[13.551s] writing dependency_links to ../../build/flight2/flight2.egg-info/dependency_links.txt
[13.554s] writing entry points to ../../build/flight2/flight2.egg-info/entry_points.txt
[13.555s] writing requirements to ../../build/flight2/flight2.egg-info/requires.txt
[13.555s] writing top-level names to ../../build/flight2/flight2.egg-info/top_level.txt
[13.578s] reading manifest file '../../build/flight2/flight2.egg-info/SOURCES.txt'
[13.582s] writing manifest file '../../build/flight2/flight2.egg-info/SOURCES.txt'
[13.583s] running build
[13.584s] running build_py
[13.587s] creating /home/jetson/rob498_2026/capstone2026/ros2_ws/build/flight2/build
[13.588s] creating /home/jetson/rob498_2026/capstone2026/ros2_ws/build/flight2/build/lib
[13.589s] creating /home/jetson/rob498_2026/capstone2026/ros2_ws/build/flight2/build/lib/flight2
[13.589s] copying flight2/__init__.py -> /home/jetson/rob498_2026/capstone2026/ros2_ws/build/flight2/build/lib/flight2
[13.590s] running install
[13.590s] running install_lib
[13.601s] creating /home/jetson/rob498_2026/capstone2026/ros2_ws/install/flight2/lib/python3.8/site-packages/flight2
[13.602s] copying /home/jetson/rob498_2026/capstone2026/ros2_ws/build/flight2/build/lib/flight2/__init__.py -> /home/jetson/rob498_2026/capstone2026/ros2_ws/install/flight2/lib/python3.8/site-packages/flight2
[13.605s] byte-compiling /home/jetson/rob498_2026/capstone2026/ros2_ws/install/flight2/lib/python3.8/site-packages/flight2/__init__.py to __init__.cpython-38.pyc
[13.605s] running install_data
[13.606s] copying resource/flight2 -> /home/jetson/rob498_2026/capstone2026/ros2_ws/install/flight2/share/ament_index/resource_index/packages
[13.606s] copying package.xml -> /home/jetson/rob498_2026/capstone2026/ros2_ws/install/flight2/share/flight2
[13.607s] running install_egg_info
[13.616s] Copying ../../build/flight2/flight2.egg-info to /home/jetson/rob498_2026/capstone2026/ros2_ws/install/flight2/lib/python3.8/site-packages/flight2-0.0.0-py3.8.egg-info
[13.627s] running install_scripts
[13.733s] writing list of installed files to '/home/jetson/rob498_2026/capstone2026/ros2_ws/build/flight2/install.log'
[13.933s] Invoked command in '/home/jetson/rob498_2026/capstone2026/ros2_ws/src/flight2' returned '0': PYTHONPATH=/home/jetson/rob498_2026/capstone2026/ros2_ws/build/flight2/prefix_override:/usr/lib/python3/dist-packages/colcon_core/task/python/colcon_distutils_commands:/home/jetson/rob498_2026/capstone2026/ros2_ws/install/flight2/lib/python3.8/site-packages:${PYTHONPATH} /usr/bin/python3 -W ignore:setup.py install is deprecated -W ignore:easy_install command is deprecated setup.py egg_info --egg-base ../../build/flight2 build --build-base /home/jetson/rob498_2026/capstone2026/ros2_ws/build/flight2/build install --record /home/jetson/rob498_2026/capstone2026/ros2_ws/build/flight2/install.log --install-scripts $base/lib/flight2 --single-version-externally-managed install_data --force
