[8.386s] Invoking command in '/home/jetson/rob498_2026/capstone2026/ros2_ws/src/flight2': PYTHONPATH=/home/jetson/rob498_2026/capstone2026/ros2_ws/build/flight2/prefix_override:/usr/lib/python3/dist-packages/colcon_core/task/python/colcon_distutils_commands:/home/jetson/rob498_2026/capstone2026/ros2_ws/install/flight2/lib/python3.8/site-packages:${PYTHONPATH} /usr/bin/python3 -W ignore:setup.py install is deprecated -W ignore:easy_install command is deprecated setup.py egg_info --egg-base ../../build/flight2 build --build-base /home/jetson/rob498_2026/capstone2026/ros2_ws/build/flight2/build install --record /home/jetson/rob498_2026/capstone2026/ros2_ws/build/flight2/install.log --single-version-externally-managed install_data
[10.233s] running egg_info
[10.235s] writing ../../build/flight2/flight2.egg-info/PKG-INFO
[10.237s] writing dependency_links to ../../build/flight2/flight2.egg-info/dependency_links.txt
[10.237s] writing entry points to ../../build/flight2/flight2.egg-info/entry_points.txt
[10.238s] writing requirements to ../../build/flight2/flight2.egg-info/requires.txt
[10.239s] writing top-level names to ../../build/flight2/flight2.egg-info/top_level.txt
[10.267s] reading manifest file '../../build/flight2/flight2.egg-info/SOURCES.txt'
[10.273s] writing manifest file '../../build/flight2/flight2.egg-info/SOURCES.txt'
[10.274s] running build
[10.275s] running build_py
[10.276s] running install
[10.278s] running install_lib
[10.288s] running install_data
[10.289s] running install_egg_info
[10.298s] removing '/home/jetson/rob498_2026/capstone2026/ros2_ws/install/flight2/lib/python3.8/site-packages/flight2-0.0.0-py3.8.egg-info' (and everything under it)
[10.299s] Copying ../../build/flight2/flight2.egg-info to /home/jetson/rob498_2026/capstone2026/ros2_ws/install/flight2/lib/python3.8/site-packages/flight2-0.0.0-py3.8.egg-info
[10.304s] running install_scripts
[10.478s] writing list of installed files to '/home/jetson/rob498_2026/capstone2026/ros2_ws/build/flight2/install.log'
[10.662s] Invoked command in '/home/jetson/rob498_2026/capstone2026/ros2_ws/src/flight2' returned '0': PYTHONPATH=/home/jetson/rob498_2026/capstone2026/ros2_ws/build/flight2/prefix_override:/usr/lib/python3/dist-packages/colcon_core/task/python/colcon_distutils_commands:/home/jetson/rob498_2026/capstone2026/ros2_ws/install/flight2/lib/python3.8/site-packages:${PYTHONPATH} /usr/bin/python3 -W ignore:setup.py install is deprecated -W ignore:easy_install command is deprecated setup.py egg_info --egg-base ../../build/flight2 build --build-base /home/jetson/rob498_2026/capstone2026/ros2_ws/build/flight2/build install --record /home/jetson/rob498_2026/capstone2026/ros2_ws/build/flight2/install.log --single-version-externally-managed install_data
